Determining if the include file io.h exists failed with the following output:
Change Dir: /home/c3p/GP/gameplay-deps/gameplaydeps/.cxx/Debug/271q4j59/x86_64/CMakeFiles/CMakeTmp

Run Build Command(s):/home/c3p/Android/Sdk/cmake/3.18.1/bin/ninja cmTC_8b00a && [1/2] Building C object CMakeFiles/cmTC_8b00a.dir/CheckIncludeFile.c.o
FAILED: CMakeFiles/cmTC_8b00a.dir/CheckIncludeFile.c.o 
/home/c3p/Android/Sdk/ndk/23.1.7779620/toolchains/llvm/prebuilt/linux-x86_64/bin/clang --target=x86_64-none-linux-android23 --gcc-toolchain=/home/c3p/Android/Sdk/ndk/23.1.7779620/toolchains/llvm/prebuilt/linux-x86_64 --sysroot=/home/c3p/Android/Sdk/ndk/23.1.7779620/toolchains/llvm/prebuilt/linux-x86_64/sysroot   -std=c99 -g -DANDROID -fdata-sections -ffunction-sections -funwind-tables -fstack-protector-strong -no-canonical-prefixes -D_FORTIFY_SOURCE=2 -Wformat -Werror=format-security   -D_GNU_SOURCE=1 -D_POSIX_C_SOURCE=200809L -D_XOPEN_SOURCE=700 -D_LARGEFILE_SOURCE -D_LARGE_FILES -fPIE -MD -MT CMakeFiles/cmTC_8b00a.dir/CheckIncludeFile.c.o -MF CMakeFiles/cmTC_8b00a.dir/CheckIncludeFile.c.o.d -o CMakeFiles/cmTC_8b00a.dir/CheckIncludeFile.c.o -c CheckIncludeFile.c
CheckIncludeFile.c:1:10: fatal error: 'io.h' file not found
#include <io.h>
         ^~~~~~
1 error generated.
ninja: build stopped: subcommand failed.



Determining if the include file intrin.h exists failed with the following output:
Change Dir: /home/c3p/GP/gameplay-deps/gameplaydeps/.cxx/Debug/271q4j59/x86_64/CMakeFiles/CMakeTmp

Run Build Command(s):/home/c3p/Android/Sdk/cmake/3.18.1/bin/ninja cmTC_d2ff9 && [1/2] Building C object CMakeFiles/cmTC_d2ff9.dir/CheckIncludeFile.c.o
FAILED: CMakeFiles/cmTC_d2ff9.dir/CheckIncludeFile.c.o 
/home/c3p/Android/Sdk/ndk/23.1.7779620/toolchains/llvm/prebuilt/linux-x86_64/bin/clang --target=x86_64-none-linux-android23 --gcc-toolchain=/home/c3p/Android/Sdk/ndk/23.1.7779620/toolchains/llvm/prebuilt/linux-x86_64 --sysroot=/home/c3p/Android/Sdk/ndk/23.1.7779620/toolchains/llvm/prebuilt/linux-x86_64/sysroot   -std=c99 -g -DANDROID -fdata-sections -ffunction-sections -funwind-tables -fstack-protector-strong -no-canonical-prefixes -D_FORTIFY_SOURCE=2 -Wformat -Werror=format-security   -D_GNU_SOURCE=1 -D_POSIX_C_SOURCE=200809L -D_XOPEN_SOURCE=700 -D_LARGEFILE_SOURCE -D_LARGE_FILES -fPIE -MD -MT CMakeFiles/cmTC_d2ff9.dir/CheckIncludeFile.c.o -MF CMakeFiles/cmTC_d2ff9.dir/CheckIncludeFile.c.o.d -o CMakeFiles/cmTC_d2ff9.dir/CheckIncludeFile.c.o -c CheckIncludeFile.c
In file included from CheckIncludeFile.c:1:
/home/c3p/Android/Sdk/ndk/23.1.7779620/toolchains/llvm/prebuilt/linux-x86_64/lib64/clang/12.0.8/include/intrin.h:12:15: fatal error: 'intrin.h' file not found
#include_next <intrin.h>
              ^~~~~~~~~~
1 error generated.
ninja: build stopped: subcommand failed.



Determining if the include file ieeefp.h exists failed with the following output:
Change Dir: /home/c3p/GP/gameplay-deps/gameplaydeps/.cxx/Debug/271q4j59/x86_64/CMakeFiles/CMakeTmp

Run Build Command(s):/home/c3p/Android/Sdk/cmake/3.18.1/bin/ninja cmTC_38d2b && [1/2] Building C object CMakeFiles/cmTC_38d2b.dir/CheckIncludeFile.c.o
FAILED: CMakeFiles/cmTC_38d2b.dir/CheckIncludeFile.c.o 
/home/c3p/Android/Sdk/ndk/23.1.7779620/toolchains/llvm/prebuilt/linux-x86_64/bin/clang --target=x86_64-none-linux-android23 --gcc-toolchain=/home/c3p/Android/Sdk/ndk/23.1.7779620/toolchains/llvm/prebuilt/linux-x86_64 --sysroot=/home/c3p/Android/Sdk/ndk/23.1.7779620/toolchains/llvm/prebuilt/linux-x86_64/sysroot   -std=c99 -g -DANDROID -fdata-sections -ffunction-sections -funwind-tables -fstack-protector-strong -no-canonical-prefixes -D_FORTIFY_SOURCE=2 -Wformat -Werror=format-security   -D_GNU_SOURCE=1 -D_POSIX_C_SOURCE=200809L -D_XOPEN_SOURCE=700 -D_LARGEFILE_SOURCE -D_LARGE_FILES -fPIE -MD -MT CMakeFiles/cmTC_38d2b.dir/CheckIncludeFile.c.o -MF CMakeFiles/cmTC_38d2b.dir/CheckIncludeFile.c.o.d -o CMakeFiles/cmTC_38d2b.dir/CheckIncludeFile.c.o -c CheckIncludeFile.c
CheckIncludeFile.c:1:10: fatal error: 'ieeefp.h' file not found
#include <ieeefp.h>
         ^~~~~~~~~~
1 error generated.
ninja: build stopped: subcommand failed.



Determining if the include file guiddef.h exists failed with the following output:
Change Dir: /home/c3p/GP/gameplay-deps/gameplaydeps/.cxx/Debug/271q4j59/x86_64/CMakeFiles/CMakeTmp

Run Build Command(s):/home/c3p/Android/Sdk/cmake/3.18.1/bin/ninja cmTC_30030 && [1/2] Building C object CMakeFiles/cmTC_30030.dir/CheckIncludeFile.c.o
FAILED: CMakeFiles/cmTC_30030.dir/CheckIncludeFile.c.o 
/home/c3p/Android/Sdk/ndk/23.1.7779620/toolchains/llvm/prebuilt/linux-x86_64/bin/clang --target=x86_64-none-linux-android23 --gcc-toolchain=/home/c3p/Android/Sdk/ndk/23.1.7779620/toolchains/llvm/prebuilt/linux-x86_64 --sysroot=/home/c3p/Android/Sdk/ndk/23.1.7779620/toolchains/llvm/prebuilt/linux-x86_64/sysroot   -std=c99 -g -DANDROID -fdata-sections -ffunction-sections -funwind-tables -fstack-protector-strong -no-canonical-prefixes -D_FORTIFY_SOURCE=2 -Wformat -Werror=format-security   -D_GNU_SOURCE=1 -D_POSIX_C_SOURCE=200809L -D_XOPEN_SOURCE=700 -D_LARGEFILE_SOURCE -D_LARGE_FILES -fPIE -MD -MT CMakeFiles/cmTC_30030.dir/CheckIncludeFile.c.o -MF CMakeFiles/cmTC_30030.dir/CheckIncludeFile.c.o.d -o CMakeFiles/cmTC_30030.dir/CheckIncludeFile.c.o -c CheckIncludeFile.c
CheckIncludeFile.c:1:10: fatal error: 'guiddef.h' file not found
#include <guiddef.h>
         ^~~~~~~~~~~
1 error generated.
ninja: build stopped: subcommand failed.



Determining if the include file initguid.h exists failed with the following output:
Change Dir: /home/c3p/GP/gameplay-deps/gameplaydeps/.cxx/Debug/271q4j59/x86_64/CMakeFiles/CMakeTmp

Run Build Command(s):/home/c3p/Android/Sdk/cmake/3.18.1/bin/ninja cmTC_a0429 && [1/2] Building C object CMakeFiles/cmTC_a0429.dir/CheckIncludeFile.c.o
FAILED: CMakeFiles/cmTC_a0429.dir/CheckIncludeFile.c.o 
/home/c3p/Android/Sdk/ndk/23.1.7779620/toolchains/llvm/prebuilt/linux-x86_64/bin/clang --target=x86_64-none-linux-android23 --gcc-toolchain=/home/c3p/Android/Sdk/ndk/23.1.7779620/toolchains/llvm/prebuilt/linux-x86_64 --sysroot=/home/c3p/Android/Sdk/ndk/23.1.7779620/toolchains/llvm/prebuilt/linux-x86_64/sysroot   -std=c99 -g -DANDROID -fdata-sections -ffunction-sections -funwind-tables -fstack-protector-strong -no-canonical-prefixes -D_FORTIFY_SOURCE=2 -Wformat -Werror=format-security   -D_GNU_SOURCE=1 -D_POSIX_C_SOURCE=200809L -D_XOPEN_SOURCE=700 -D_LARGEFILE_SOURCE -D_LARGE_FILES -fPIE -MD -MT CMakeFiles/cmTC_a0429.dir/CheckIncludeFile.c.o -MF CMakeFiles/cmTC_a0429.dir/CheckIncludeFile.c.o.d -o CMakeFiles/cmTC_a0429.dir/CheckIncludeFile.c.o -c CheckIncludeFile.c
CheckIncludeFile.c:1:10: fatal error: 'initguid.h' file not found
#include <initguid.h>
         ^~~~~~~~~~~~
1 error generated.
ninja: build stopped: subcommand failed.



Determining if the aligned_alloc exist failed with the following output:
Change Dir: /home/c3p/GP/gameplay-deps/gameplaydeps/.cxx/Debug/271q4j59/x86_64/CMakeFiles/CMakeTmp

Run Build Command(s):/home/c3p/Android/Sdk/cmake/3.18.1/bin/ninja cmTC_a1e61 && [1/2] Building C object CMakeFiles/cmTC_a1e61.dir/CheckSymbolExists.c.o
FAILED: CMakeFiles/cmTC_a1e61.dir/CheckSymbolExists.c.o 
/home/c3p/Android/Sdk/ndk/23.1.7779620/toolchains/llvm/prebuilt/linux-x86_64/bin/clang --target=x86_64-none-linux-android23 --gcc-toolchain=/home/c3p/Android/Sdk/ndk/23.1.7779620/toolchains/llvm/prebuilt/linux-x86_64 --sysroot=/home/c3p/Android/Sdk/ndk/23.1.7779620/toolchains/llvm/prebuilt/linux-x86_64/sysroot   -std=c99 -g -DANDROID -fdata-sections -ffunction-sections -funwind-tables -fstack-protector-strong -no-canonical-prefixes -D_FORTIFY_SOURCE=2 -Wformat -Werror=format-security   -D_GNU_SOURCE=1 -D_POSIX_C_SOURCE=200809L -D_XOPEN_SOURCE=700 -D_LARGEFILE_SOURCE -D_LARGE_FILES -fPIE -MD -MT CMakeFiles/cmTC_a1e61.dir/CheckSymbolExists.c.o -MF CMakeFiles/cmTC_a1e61.dir/CheckSymbolExists.c.o.d -o CMakeFiles/cmTC_a1e61.dir/CheckSymbolExists.c.o -c CheckSymbolExists.c
CheckSymbolExists.c:8:19: error: use of undeclared identifier 'aligned_alloc'
  return ((int*)(&aligned_alloc))[argc];
                  ^
1 error generated.
ninja: build stopped: subcommand failed.


File /home/c3p/GP/gameplay-deps/gameplaydeps/.cxx/Debug/271q4j59/x86_64/CMakeFiles/CMakeTmp/CheckSymbolExists.c:
/* */
#include <stdlib.h>

int main(int argc, char** argv)
{
  (void)argv;
#ifndef aligned_alloc
  return ((int*)(&aligned_alloc))[argc];
#else
  (void)argc;
  return 0;
#endif
}
Determining if the _aligned_malloc exist failed with the following output:
Change Dir: /home/c3p/GP/gameplay-deps/gameplaydeps/.cxx/Debug/271q4j59/x86_64/CMakeFiles/CMakeTmp

Run Build Command(s):/home/c3p/Android/Sdk/cmake/3.18.1/bin/ninja cmTC_b3153 && [1/2] Building C object CMakeFiles/cmTC_b3153.dir/CheckSymbolExists.c.o
FAILED: CMakeFiles/cmTC_b3153.dir/CheckSymbolExists.c.o 
/home/c3p/Android/Sdk/ndk/23.1.7779620/toolchains/llvm/prebuilt/linux-x86_64/bin/clang --target=x86_64-none-linux-android23 --gcc-toolchain=/home/c3p/Android/Sdk/ndk/23.1.7779620/toolchains/llvm/prebuilt/linux-x86_64 --sysroot=/home/c3p/Android/Sdk/ndk/23.1.7779620/toolchains/llvm/prebuilt/linux-x86_64/sysroot   -std=c99 -g -DANDROID -fdata-sections -ffunction-sections -funwind-tables -fstack-protector-strong -no-canonical-prefixes -D_FORTIFY_SOURCE=2 -Wformat -Werror=format-security   -D_GNU_SOURCE=1 -D_POSIX_C_SOURCE=200809L -D_XOPEN_SOURCE=700 -D_LARGEFILE_SOURCE -D_LARGE_FILES -fPIE -MD -MT CMakeFiles/cmTC_b3153.dir/CheckSymbolExists.c.o -MF CMakeFiles/cmTC_b3153.dir/CheckSymbolExists.c.o.d -o CMakeFiles/cmTC_b3153.dir/CheckSymbolExists.c.o -c CheckSymbolExists.c
CheckSymbolExists.c:8:19: error: use of undeclared identifier '_aligned_malloc'
  return ((int*)(&_aligned_malloc))[argc];
                  ^
1 error generated.
ninja: build stopped: subcommand failed.


File /home/c3p/GP/gameplay-deps/gameplaydeps/.cxx/Debug/271q4j59/x86_64/CMakeFiles/CMakeTmp/CheckSymbolExists.c:
/* */
#include <malloc.h>

int main(int argc, char** argv)
{
  (void)argv;
#ifndef _aligned_malloc
  return ((int*)(&_aligned_malloc))[argc];
#else
  (void)argc;
  return 0;
#endif
}
Determining if the _controlfp exist failed with the following output:
Change Dir: /home/c3p/GP/gameplay-deps/gameplaydeps/.cxx/Debug/271q4j59/x86_64/CMakeFiles/CMakeTmp

Run Build Command(s):/home/c3p/Android/Sdk/cmake/3.18.1/bin/ninja cmTC_4beda && [1/2] Building C object CMakeFiles/cmTC_4beda.dir/CheckSymbolExists.c.o
FAILED: CMakeFiles/cmTC_4beda.dir/CheckSymbolExists.c.o 
/home/c3p/Android/Sdk/ndk/23.1.7779620/toolchains/llvm/prebuilt/linux-x86_64/bin/clang --target=x86_64-none-linux-android23 --gcc-toolchain=/home/c3p/Android/Sdk/ndk/23.1.7779620/toolchains/llvm/prebuilt/linux-x86_64 --sysroot=/home/c3p/Android/Sdk/ndk/23.1.7779620/toolchains/llvm/prebuilt/linux-x86_64/sysroot   -std=c99 -g -DANDROID -fdata-sections -ffunction-sections -funwind-tables -fstack-protector-strong -no-canonical-prefixes -D_FORTIFY_SOURCE=2 -Wformat -Werror=format-security   -D_GNU_SOURCE=1 -D_POSIX_C_SOURCE=200809L -D_XOPEN_SOURCE=700 -D_LARGEFILE_SOURCE -D_LARGE_FILES -fPIE -MD -MT CMakeFiles/cmTC_4beda.dir/CheckSymbolExists.c.o -MF CMakeFiles/cmTC_4beda.dir/CheckSymbolExists.c.o.d -o CMakeFiles/cmTC_4beda.dir/CheckSymbolExists.c.o -c CheckSymbolExists.c
CheckSymbolExists.c:8:19: error: use of undeclared identifier '_controlfp'
  return ((int*)(&_controlfp))[argc];
                  ^
1 error generated.
ninja: build stopped: subcommand failed.


File /home/c3p/GP/gameplay-deps/gameplaydeps/.cxx/Debug/271q4j59/x86_64/CMakeFiles/CMakeTmp/CheckSymbolExists.c:
/* */
#include <float.h>

int main(int argc, char** argv)
{
  (void)argv;
#ifndef _controlfp
  return ((int*)(&_controlfp))[argc];
#else
  (void)argc;
  return 0;
#endif
}
Determining if the __control87_2 exist failed with the following output:
Change Dir: /home/c3p/GP/gameplay-deps/gameplaydeps/.cxx/Debug/271q4j59/x86_64/CMakeFiles/CMakeTmp

Run Build Command(s):/home/c3p/Android/Sdk/cmake/3.18.1/bin/ninja cmTC_987f2 && [1/2] Building C object CMakeFiles/cmTC_987f2.dir/CheckSymbolExists.c.o
FAILED: CMakeFiles/cmTC_987f2.dir/CheckSymbolExists.c.o 
/home/c3p/Android/Sdk/ndk/23.1.7779620/toolchains/llvm/prebuilt/linux-x86_64/bin/clang --target=x86_64-none-linux-android23 --gcc-toolchain=/home/c3p/Android/Sdk/ndk/23.1.7779620/toolchains/llvm/prebuilt/linux-x86_64 --sysroot=/home/c3p/Android/Sdk/ndk/23.1.7779620/toolchains/llvm/prebuilt/linux-x86_64/sysroot   -std=c99 -g -DANDROID -fdata-sections -ffunction-sections -funwind-tables -fstack-protector-strong -no-canonical-prefixes -D_FORTIFY_SOURCE=2 -Wformat -Werror=format-security   -D_GNU_SOURCE=1 -D_POSIX_C_SOURCE=200809L -D_XOPEN_SOURCE=700 -D_LARGEFILE_SOURCE -D_LARGE_FILES -fPIE -MD -MT CMakeFiles/cmTC_987f2.dir/CheckSymbolExists.c.o -MF CMakeFiles/cmTC_987f2.dir/CheckSymbolExists.c.o.d -o CMakeFiles/cmTC_987f2.dir/CheckSymbolExists.c.o -c CheckSymbolExists.c
CheckSymbolExists.c:8:19: error: use of undeclared identifier '__control87_2'
  return ((int*)(&__control87_2))[argc];
                  ^
1 error generated.
ninja: build stopped: subcommand failed.


File /home/c3p/GP/gameplay-deps/gameplaydeps/.cxx/Debug/271q4j59/x86_64/CMakeFiles/CMakeTmp/CheckSymbolExists.c:
/* */
#include <float.h>

int main(int argc, char** argv)
{
  (void)argv;
#ifndef __control87_2
  return ((int*)(&__control87_2))[argc];
#else
  (void)argc;
  return 0;
#endif
}
Determining if the include file windows.h exists failed with the following output:
Change Dir: /home/c3p/GP/gameplay-deps/gameplaydeps/.cxx/Debug/271q4j59/x86_64/CMakeFiles/CMakeTmp

Run Build Command(s):/home/c3p/Android/Sdk/cmake/3.18.1/bin/ninja cmTC_8b973 && [1/2] Building C object CMakeFiles/cmTC_8b973.dir/CheckIncludeFile.c.o
FAILED: CMakeFiles/cmTC_8b973.dir/CheckIncludeFile.c.o 
/home/c3p/Android/Sdk/ndk/23.1.7779620/toolchains/llvm/prebuilt/linux-x86_64/bin/clang --target=x86_64-none-linux-android23 --gcc-toolchain=/home/c3p/Android/Sdk/ndk/23.1.7779620/toolchains/llvm/prebuilt/linux-x86_64 --sysroot=/home/c3p/Android/Sdk/ndk/23.1.7779620/toolchains/llvm/prebuilt/linux-x86_64/sysroot   -std=c99 -g -DANDROID -fdata-sections -ffunction-sections -funwind-tables -fstack-protector-strong -no-canonical-prefixes -D_FORTIFY_SOURCE=2 -Wformat -Werror=format-security  -D_WIN32_WINNT=0x0502  -D_GNU_SOURCE=1 -D_POSIX_C_SOURCE=200809L -D_XOPEN_SOURCE=700 -D_LARGEFILE_SOURCE -D_LARGE_FILES -fPIE -MD -MT CMakeFiles/cmTC_8b973.dir/CheckIncludeFile.c.o -MF CMakeFiles/cmTC_8b973.dir/CheckIncludeFile.c.o.d -o CMakeFiles/cmTC_8b973.dir/CheckIncludeFile.c.o -c CheckIncludeFile.c
CheckIncludeFile.c:1:10: fatal error: 'windows.h' file not found
#include <windows.h>
         ^~~~~~~~~~~
1 error generated.
ninja: build stopped: subcommand failed.



Determining if files pthread.h;pthread_np.h exist failed with the following output:
Change Dir: /home/c3p/GP/gameplay-deps/gameplaydeps/.cxx/Debug/271q4j59/x86_64/CMakeFiles/CMakeTmp

Run Build Command(s):/home/c3p/Android/Sdk/cmake/3.18.1/bin/ninja cmTC_21592 && [1/2] Building C object CMakeFiles/cmTC_21592.dir/HAVE_PTHREAD_NP_H.c.o
FAILED: CMakeFiles/cmTC_21592.dir/HAVE_PTHREAD_NP_H.c.o 
/home/c3p/Android/Sdk/ndk/23.1.7779620/toolchains/llvm/prebuilt/linux-x86_64/bin/clang --target=x86_64-none-linux-android23 --gcc-toolchain=/home/c3p/Android/Sdk/ndk/23.1.7779620/toolchains/llvm/prebuilt/linux-x86_64 --sysroot=/home/c3p/Android/Sdk/ndk/23.1.7779620/toolchains/llvm/prebuilt/linux-x86_64/sysroot   -std=c99 -g -DANDROID -fdata-sections -ffunction-sections -funwind-tables -fstack-protector-strong -no-canonical-prefixes -D_FORTIFY_SOURCE=2 -Wformat -Werror=format-security   -D_GNU_SOURCE=1 -D_POSIX_C_SOURCE=200809L -D_XOPEN_SOURCE=700 -D_LARGEFILE_SOURCE -D_LARGE_FILES -fPIE -MD -MT CMakeFiles/cmTC_21592.dir/HAVE_PTHREAD_NP_H.c.o -MF CMakeFiles/cmTC_21592.dir/HAVE_PTHREAD_NP_H.c.o.d -o CMakeFiles/cmTC_21592.dir/HAVE_PTHREAD_NP_H.c.o -c /home/c3p/GP/gameplay-deps/gameplaydeps/.cxx/Debug/271q4j59/x86_64/CMakeFiles/CheckIncludeFiles/HAVE_PTHREAD_NP_H.c
/home/c3p/GP/gameplay-deps/gameplaydeps/.cxx/Debug/271q4j59/x86_64/CMakeFiles/CheckIncludeFiles/HAVE_PTHREAD_NP_H.c:3:10: fatal error: 'pthread_np.h' file not found
#include <pthread_np.h>
         ^~~~~~~~~~~~~~
1 error generated.
ninja: build stopped: subcommand failed.


Source:
/* */
#include <pthread.h>
#include <pthread_np.h>


int main(void){return 0;}

Determining if the function pthread_create exists in the pthread failed with the following output:
Change Dir: /home/c3p/GP/gameplay-deps/gameplaydeps/.cxx/Debug/271q4j59/x86_64/CMakeFiles/CMakeTmp

Run Build Command(s):/home/c3p/Android/Sdk/cmake/3.18.1/bin/ninja cmTC_6da5e && [1/2] Building C object CMakeFiles/cmTC_6da5e.dir/CheckFunctionExists.c.o
[2/2] Linking C executable cmTC_6da5e
FAILED: cmTC_6da5e 
: && /home/c3p/Android/Sdk/ndk/23.1.7779620/toolchains/llvm/prebuilt/linux-x86_64/bin/clang --target=x86_64-none-linux-android23 --gcc-toolchain=/home/c3p/Android/Sdk/ndk/23.1.7779620/toolchains/llvm/prebuilt/linux-x86_64 --sysroot=/home/c3p/Android/Sdk/ndk/23.1.7779620/toolchains/llvm/prebuilt/linux-x86_64/sysroot -std=c99 -g -DANDROID -fdata-sections -ffunction-sections -funwind-tables -fstack-protector-strong -no-canonical-prefixes -D_FORTIFY_SOURCE=2 -Wformat -Werror=format-security  -DCHECK_FUNCTION_EXISTS=pthread_create  -D_GNU_SOURCE=1 -D_POSIX_C_SOURCE=200809L -D_XOPEN_SOURCE=700 -D_LARGEFILE_SOURCE -D_LARGE_FILES -pthread -static-libstdc++ -Wl,--build-id=sha1 -Wl,--no-rosegment -Wl,--fatal-warnings -Wl,--no-undefined -Qunused-arguments -Wl,--gc-sections CMakeFiles/cmTC_6da5e.dir/CheckFunctionExists.c.o -o cmTC_6da5e  -lpthread  -lm  -latomic -lm && :
ld: error: unable to find library -lpthread
clang: error: linker command failed with exit code 1 (use -v to see invocation)
ninja: build stopped: subcommand failed.



Determining if the function clock_gettime exists in the rt failed with the following output:
Change Dir: /home/c3p/GP/gameplay-deps/gameplaydeps/.cxx/Debug/271q4j59/x86_64/CMakeFiles/CMakeTmp

Run Build Command(s):/home/c3p/Android/Sdk/cmake/3.18.1/bin/ninja cmTC_89a4d && [1/2] Building C object CMakeFiles/cmTC_89a4d.dir/CheckFunctionExists.c.o
[2/2] Linking C executable cmTC_89a4d
FAILED: cmTC_89a4d 
: && /home/c3p/Android/Sdk/ndk/23.1.7779620/toolchains/llvm/prebuilt/linux-x86_64/bin/clang --target=x86_64-none-linux-android23 --gcc-toolchain=/home/c3p/Android/Sdk/ndk/23.1.7779620/toolchains/llvm/prebuilt/linux-x86_64 --sysroot=/home/c3p/Android/Sdk/ndk/23.1.7779620/toolchains/llvm/prebuilt/linux-x86_64/sysroot -std=c99 -g -DANDROID -fdata-sections -ffunction-sections -funwind-tables -fstack-protector-strong -no-canonical-prefixes -D_FORTIFY_SOURCE=2 -Wformat -Werror=format-security  -DCHECK_FUNCTION_EXISTS=clock_gettime  -D_GNU_SOURCE=1 -D_POSIX_C_SOURCE=200809L -D_XOPEN_SOURCE=700 -D_LARGEFILE_SOURCE -D_LARGE_FILES -pthread -static-libstdc++ -Wl,--build-id=sha1 -Wl,--no-rosegment -Wl,--fatal-warnings -Wl,--no-undefined -Qunused-arguments -Wl,--gc-sections CMakeFiles/cmTC_89a4d.dir/CheckFunctionExists.c.o -o cmTC_89a4d  -lrt  -lm  -latomic -lm && :
ld: error: unable to find library -lrt
clang: error: linker command failed with exit code 1 (use -v to see invocation)
ninja: build stopped: subcommand failed.



Determining if the include file arm_neon.h exists failed with the following output:
Change Dir: /home/c3p/GP/gameplay-deps/gameplaydeps/.cxx/Debug/271q4j59/x86_64/CMakeFiles/CMakeTmp

Run Build Command(s):/home/c3p/Android/Sdk/cmake/3.18.1/bin/ninja cmTC_d26a3 && [1/2] Building C object CMakeFiles/cmTC_d26a3.dir/CheckIncludeFile.c.o
FAILED: CMakeFiles/cmTC_d26a3.dir/CheckIncludeFile.c.o 
/home/c3p/Android/Sdk/ndk/23.1.7779620/toolchains/llvm/prebuilt/linux-x86_64/bin/clang --target=x86_64-none-linux-android23 --gcc-toolchain=/home/c3p/Android/Sdk/ndk/23.1.7779620/toolchains/llvm/prebuilt/linux-x86_64 --sysroot=/home/c3p/Android/Sdk/ndk/23.1.7779620/toolchains/llvm/prebuilt/linux-x86_64/sysroot   -std=c99 -g -DANDROID -fdata-sections -ffunction-sections -funwind-tables -fstack-protector-strong -no-canonical-prefixes -D_FORTIFY_SOURCE=2 -Wformat -Werror=format-security   -D_GNU_SOURCE=1 -D_POSIX_C_SOURCE=200809L -D_XOPEN_SOURCE=700 -D_LARGEFILE_SOURCE -D_LARGE_FILES -pthread -fPIE -MD -MT CMakeFiles/cmTC_d26a3.dir/CheckIncludeFile.c.o -MF CMakeFiles/cmTC_d26a3.dir/CheckIncludeFile.c.o.d -o CMakeFiles/cmTC_d26a3.dir/CheckIncludeFile.c.o -c CheckIncludeFile.c
In file included from CheckIncludeFile.c:1:
/home/c3p/Android/Sdk/ndk/23.1.7779620/toolchains/llvm/prebuilt/linux-x86_64/lib64/clang/12.0.8/include/arm_neon.h:28:2: error: "NEON intrinsics not available with the soft-float ABI. Please use -mfloat-abi=softfp or -mfloat-abi=hard"
#error "NEON intrinsics not available with the soft-float ABI. Please use -mfloat-abi=softfp or -mfloat-abi=hard"
 ^
1 error generated.
ninja: build stopped: subcommand failed.



Checking whether the ASM compiler is GNU using "--version" did not match "(GNU assembler)|(GCC)|(Free Software Foundation)":
Android (7714059, based on r416183c1) clang version 12.0.8 (https://android.googlesource.com/toolchain/llvm-project c935d99d7cf2016289302412d708641d52d2f7ee)
Target: x86_64-unknown-linux-gnu
Thread model: posix
InstalledDir: /home/c3p/Android/Sdk/ndk/23.1.7779620/toolchains/llvm/prebuilt/linux-x86_64/bin
