The target system is: Android - 1 - aarch64
The host system is: Linux - 5.19.0-50-generic - x86_64
Detecting C compiler ABI info compiled with the following output:
Change Dir: /home/c3p/GP/gameplay-deps/gameplaydeps/.cxx/Debug/271q4j59/arm64-v8a/CMakeFiles/CMakeTmp

Run Build Command(s):/home/c3p/Android/Sdk/cmake/3.18.1/bin/ninja cmTC_0facc && [1/2] Building C object CMakeFiles/cmTC_0facc.dir/CMakeCCompilerABI.c.o
Android (7714059, based on r416183c1) clang version 12.0.8 (https://android.googlesource.com/toolchain/llvm-project c935d99d7cf2016289302412d708641d52d2f7ee)
Target: aarch64-none-linux-android23
Thread model: posix
InstalledDir: /home/c3p/Android/Sdk/ndk/23.1.7779620/toolchains/llvm/prebuilt/linux-x86_64/bin
Found candidate GCC installation: /home/c3p/Android/Sdk/ndk/23.1.7779620/toolchains/llvm/prebuilt/linux-x86_64/lib/gcc/aarch64-linux-android/4.9.x
Selected GCC installation: /home/c3p/Android/Sdk/ndk/23.1.7779620/toolchains/llvm/prebuilt/linux-x86_64/lib/gcc/aarch64-linux-android/4.9.x
Candidate multilib: .;@m64
Selected multilib: .;@m64
 (in-process)
 "/home/c3p/Android/Sdk/ndk/23.1.7779620/toolchains/llvm/prebuilt/linux-x86_64/bin/clang" -cc1 -triple aarch64-none-linux-android23 -emit-obj -mrelax-all --mrelax-relocations -mnoexecstack -disable-free -disable-llvm-verifier -discard-value-names -main-file-name CMakeCCompilerABI.c -mrelocation-model pic -pic-level 2 -pic-is-pie -mframe-pointer=non-leaf -fno-rounding-math -mconstructor-aliases -munwind-tables -target-cpu generic -target-feature +neon -target-abi aapcs -mllvm -aarch64-fix-cortex-a53-835769=1 -fallow-half-arguments-and-returns -fno-split-dwarf-inlining -debug-info-kind=limited -dwarf-version=4 -debugger-tuning=gdb -v -ffunction-sections -fdata-sections -resource-dir /home/c3p/Android/Sdk/ndk/23.1.7779620/toolchains/llvm/prebuilt/linux-x86_64/lib64/clang/12.0.8 -dependency-file CMakeFiles/cmTC_0facc.dir/CMakeCCompilerABI.c.o.d -MT CMakeFiles/cmTC_0facc.dir/CMakeCCompilerABI.c.o -sys-header-deps -D ANDROID -D _FORTIFY_SOURCE=2 -isysroot /home/c3p/Android/Sdk/ndk/23.1.7779620/toolchains/llvm/prebuilt/linux-x86_64/sysroot -internal-isystem /home/c3p/Android/Sdk/ndk/23.1.7779620/toolchains/llvm/prebuilt/linux-x86_64/sysroot/usr/local/include -internal-isystem /home/c3p/Android/Sdk/ndk/23.1.7779620/toolchains/llvm/prebuilt/linux-x86_64/lib64/clang/12.0.8/include -internal-externc-isystem /home/c3p/Android/Sdk/ndk/23.1.7779620/toolchains/llvm/prebuilt/linux-x86_64/sysroot/usr/include/aarch64-linux-android -internal-externc-isystem /home/c3p/Android/Sdk/ndk/23.1.7779620/toolchains/llvm/prebuilt/linux-x86_64/sysroot/include -internal-externc-isystem /home/c3p/Android/Sdk/ndk/23.1.7779620/toolchains/llvm/prebuilt/linux-x86_64/sysroot/usr/include -Wformat -fdebug-compilation-dir /home/c3p/GP/gameplay-deps/gameplaydeps/.cxx/Debug/271q4j59/arm64-v8a/CMakeFiles/CMakeTmp -ferror-limit 19 -stack-protector 2 -fno-signed-char -fgnuc-version=4.2.1 -o CMakeFiles/cmTC_0facc.dir/CMakeCCompilerABI.c.o -x c /home/c3p/Android/Sdk/cmake/3.18.1/share/cmake-3.18/Modules/CMakeCCompilerABI.c
clang -cc1 version 12.0.8 based upon LLVM 12.0.8git default target x86_64-unknown-linux-gnu
ignoring nonexistent directory "/home/c3p/Android/Sdk/ndk/23.1.7779620/toolchains/llvm/prebuilt/linux-x86_64/sysroot/include"
#include "..." search starts here:
#include <...> search starts here:
 /home/c3p/Android/Sdk/ndk/23.1.7779620/toolchains/llvm/prebuilt/linux-x86_64/sysroot/usr/local/include
 /home/c3p/Android/Sdk/ndk/23.1.7779620/toolchains/llvm/prebuilt/linux-x86_64/lib64/clang/12.0.8/include
 /home/c3p/Android/Sdk/ndk/23.1.7779620/toolchains/llvm/prebuilt/linux-x86_64/sysroot/usr/include/aarch64-linux-android
 /home/c3p/Android/Sdk/ndk/23.1.7779620/toolchains/llvm/prebuilt/linux-x86_64/sysroot/usr/include
End of search list.
[2/2] Linking C executable cmTC_0facc
Android (7714059, based on r416183c1) clang version 12.0.8 (https://android.googlesource.com/toolchain/llvm-project c935d99d7cf2016289302412d708641d52d2f7ee)
Target: aarch64-none-linux-android23
Thread model: posix
InstalledDir: /home/c3p/Android/Sdk/ndk/23.1.7779620/toolchains/llvm/prebuilt/linux-x86_64/bin
Found candidate GCC installation: /home/c3p/Android/Sdk/ndk/23.1.7779620/toolchains/llvm/prebuilt/linux-x86_64/lib/gcc/aarch64-linux-android/4.9.x
Selected GCC installation: /home/c3p/Android/Sdk/ndk/23.1.7779620/toolchains/llvm/prebuilt/linux-x86_64/lib/gcc/aarch64-linux-android/4.9.x
Candidate multilib: .;@m64
Selected multilib: .;@m64
 "/home/c3p/Android/Sdk/ndk/23.1.7779620/toolchains/llvm/prebuilt/linux-x86_64/bin/ld" --sysroot=/home/c3p/Android/Sdk/ndk/23.1.7779620/toolchains/llvm/prebuilt/linux-x86_64/sysroot -pie -z noexecstack -EL --fix-cortex-a53-843419 --warn-shared-textrel -z now -z relro -z max-page-size=4096 --hash-style=gnu --enable-new-dtags --eh-frame-hdr -m aarch64linux -dynamic-linker /system/bin/linker64 -o cmTC_0facc /home/c3p/Android/Sdk/ndk/23.1.7779620/toolchains/llvm/prebuilt/linux-x86_64/sysroot/usr/lib/aarch64-linux-android/23/crtbegin_dynamic.o -L/home/c3p/Android/Sdk/ndk/23.1.7779620/toolchains/llvm/prebuilt/linux-x86_64/lib64/clang/12.0.8/lib/linux/aarch64 -L/home/c3p/Android/Sdk/ndk/23.1.7779620/toolchains/llvm/prebuilt/linux-x86_64/lib/gcc/aarch64-linux-android/4.9.x -L/home/c3p/Android/Sdk/ndk/23.1.7779620/toolchains/llvm/prebuilt/linux-x86_64/sysroot/usr/lib/aarch64-linux-android/23 -L/home/c3p/Android/Sdk/ndk/23.1.7779620/toolchains/llvm/prebuilt/linux-x86_64/sysroot/usr/lib/aarch64-linux-android -L/home/c3p/Android/Sdk/ndk/23.1.7779620/toolchains/llvm/prebuilt/linux-x86_64/sysroot/usr/lib --build-id=sha1 --no-rosegment --fatal-warnings --no-undefined --gc-sections CMakeFiles/cmTC_0facc.dir/CMakeCCompilerABI.c.o /home/c3p/Android/Sdk/ndk/23.1.7779620/toolchains/llvm/prebuilt/linux-x86_64/lib64/clang/12.0.8/lib/linux/libclang_rt.builtins-aarch64-android.a -l:libunwind.a -ldl -lc /home/c3p/Android/Sdk/ndk/23.1.7779620/toolchains/llvm/prebuilt/linux-x86_64/lib64/clang/12.0.8/lib/linux/libclang_rt.builtins-aarch64-android.a -l:libunwind.a -ldl /home/c3p/Android/Sdk/ndk/23.1.7779620/toolchains/llvm/prebuilt/linux-x86_64/sysroot/usr/lib/aarch64-linux-android/23/crtend_android.o



Parsed C implicit include dir info from above output: rv=done
  found start of include info
  found start of implicit include info
    add: [/home/c3p/Android/Sdk/ndk/23.1.7779620/toolchains/llvm/prebuilt/linux-x86_64/sysroot/usr/local/include]
    add: [/home/c3p/Android/Sdk/ndk/23.1.7779620/toolchains/llvm/prebuilt/linux-x86_64/lib64/clang/12.0.8/include]
    add: [/home/c3p/Android/Sdk/ndk/23.1.7779620/toolchains/llvm/prebuilt/linux-x86_64/sysroot/usr/include/aarch64-linux-android]
    add: [/home/c3p/Android/Sdk/ndk/23.1.7779620/toolchains/llvm/prebuilt/linux-x86_64/sysroot/usr/include]
  end of search list found
  collapse include dir [/home/c3p/Android/Sdk/ndk/23.1.7779620/toolchains/llvm/prebuilt/linux-x86_64/sysroot/usr/local/include] ==> [/home/c3p/Android/Sdk/ndk/23.1.7779620/toolchains/llvm/prebuilt/linux-x86_64/sysroot/usr/local/include]
  collapse include dir [/home/c3p/Android/Sdk/ndk/23.1.7779620/toolchains/llvm/prebuilt/linux-x86_64/lib64/clang/12.0.8/include] ==> [/home/c3p/Android/Sdk/ndk/23.1.7779620/toolchains/llvm/prebuilt/linux-x86_64/lib64/clang/12.0.8/include]
  collapse include dir [/home/c3p/Android/Sdk/ndk/23.1.7779620/toolchains/llvm/prebuilt/linux-x86_64/sysroot/usr/include/aarch64-linux-android] ==> [/home/c3p/Android/Sdk/ndk/23.1.7779620/toolchains/llvm/prebuilt/linux-x86_64/sysroot/usr/include/aarch64-linux-android]
  collapse include dir [/home/c3p/Android/Sdk/ndk/23.1.7779620/toolchains/llvm/prebuilt/linux-x86_64/sysroot/usr/include] ==> [/home/c3p/Android/Sdk/ndk/23.1.7779620/toolchains/llvm/prebuilt/linux-x86_64/sysroot/usr/include]
  implicit include dirs: [/home/c3p/Android/Sdk/ndk/23.1.7779620/toolchains/llvm/prebuilt/linux-x86_64/sysroot/usr/local/include;/home/c3p/Android/Sdk/ndk/23.1.7779620/toolchains/llvm/prebuilt/linux-x86_64/lib64/clang/12.0.8/include;/home/c3p/Android/Sdk/ndk/23.1.7779620/toolchains/llvm/prebuilt/linux-x86_64/sysroot/usr/include/aarch64-linux-android;/home/c3p/Android/Sdk/ndk/23.1.7779620/toolchains/llvm/prebuilt/linux-x86_64/sysroot/usr/include]


Parsed C implicit link information from above output:
  link line regex: [^( *|.*[/\])(ld\.lld|CMAKE_LINK_STARTFILE-NOTFOUND|([^/\]+-)?ld|collect2)[^/\]*( |$)]
  ignore line: [Change Dir: /home/c3p/GP/gameplay-deps/gameplaydeps/.cxx/Debug/271q4j59/arm64-v8a/CMakeFiles/CMakeTmp]
  ignore line: []
  ignore line: [Run Build Command(s):/home/c3p/Android/Sdk/cmake/3.18.1/bin/ninja cmTC_0facc && [1/2] Building C object CMakeFiles/cmTC_0facc.dir/CMakeCCompilerABI.c.o]
  ignore line: [Android (7714059  based on r416183c1) clang version 12.0.8 (https://android.googlesource.com/toolchain/llvm-project c935d99d7cf2016289302412d708641d52d2f7ee)]
  ignore line: [Target: aarch64-none-linux-android23]
  ignore line: [Thread model: posix]
  ignore line: [InstalledDir: /home/c3p/Android/Sdk/ndk/23.1.7779620/toolchains/llvm/prebuilt/linux-x86_64/bin]
  ignore line: [Found candidate GCC installation: /home/c3p/Android/Sdk/ndk/23.1.7779620/toolchains/llvm/prebuilt/linux-x86_64/lib/gcc/aarch64-linux-android/4.9.x]
  ignore line: [Selected GCC installation: /home/c3p/Android/Sdk/ndk/23.1.7779620/toolchains/llvm/prebuilt/linux-x86_64/lib/gcc/aarch64-linux-android/4.9.x]
  ignore line: [Candidate multilib: .]
  ignore line: [@m64]
  ignore line: [Selected multilib: .]
  ignore line: [@m64]
  ignore line: [ (in-process)]
  ignore line: [ "/home/c3p/Android/Sdk/ndk/23.1.7779620/toolchains/llvm/prebuilt/linux-x86_64/bin/clang" -cc1 -triple aarch64-none-linux-android23 -emit-obj -mrelax-all --mrelax-relocations -mnoexecstack -disable-free -disable-llvm-verifier -discard-value-names -main-file-name CMakeCCompilerABI.c -mrelocation-model pic -pic-level 2 -pic-is-pie -mframe-pointer=non-leaf -fno-rounding-math -mconstructor-aliases -munwind-tables -target-cpu generic -target-feature +neon -target-abi aapcs -mllvm -aarch64-fix-cortex-a53-835769=1 -fallow-half-arguments-and-returns -fno-split-dwarf-inlining -debug-info-kind=limited -dwarf-version=4 -debugger-tuning=gdb -v -ffunction-sections -fdata-sections -resource-dir /home/c3p/Android/Sdk/ndk/23.1.7779620/toolchains/llvm/prebuilt/linux-x86_64/lib64/clang/12.0.8 -dependency-file CMakeFiles/cmTC_0facc.dir/CMakeCCompilerABI.c.o.d -MT CMakeFiles/cmTC_0facc.dir/CMakeCCompilerABI.c.o -sys-header-deps -D ANDROID -D _FORTIFY_SOURCE=2 -isysroot /home/c3p/Android/Sdk/ndk/23.1.7779620/toolchains/llvm/prebuilt/linux-x86_64/sysroot -internal-isystem /home/c3p/Android/Sdk/ndk/23.1.7779620/toolchains/llvm/prebuilt/linux-x86_64/sysroot/usr/local/include -internal-isystem /home/c3p/Android/Sdk/ndk/23.1.7779620/toolchains/llvm/prebuilt/linux-x86_64/lib64/clang/12.0.8/include -internal-externc-isystem /home/c3p/Android/Sdk/ndk/23.1.7779620/toolchains/llvm/prebuilt/linux-x86_64/sysroot/usr/include/aarch64-linux-android -internal-externc-isystem /home/c3p/Android/Sdk/ndk/23.1.7779620/toolchains/llvm/prebuilt/linux-x86_64/sysroot/include -internal-externc-isystem /home/c3p/Android/Sdk/ndk/23.1.7779620/toolchains/llvm/prebuilt/linux-x86_64/sysroot/usr/include -Wformat -fdebug-compilation-dir /home/c3p/GP/gameplay-deps/gameplaydeps/.cxx/Debug/271q4j59/arm64-v8a/CMakeFiles/CMakeTmp -ferror-limit 19 -stack-protector 2 -fno-signed-char -fgnuc-version=4.2.1 -o CMakeFiles/cmTC_0facc.dir/CMakeCCompilerABI.c.o -x c /home/c3p/Android/Sdk/cmake/3.18.1/share/cmake-3.18/Modules/CMakeCCompilerABI.c]
  ignore line: [clang -cc1 version 12.0.8 based upon LLVM 12.0.8git default target x86_64-unknown-linux-gnu]
  ignore line: [ignoring nonexistent directory "/home/c3p/Android/Sdk/ndk/23.1.7779620/toolchains/llvm/prebuilt/linux-x86_64/sysroot/include"]
  ignore line: [#include "..." search starts here:]
  ignore line: [#include <...> search starts here:]
  ignore line: [ /home/c3p/Android/Sdk/ndk/23.1.7779620/toolchains/llvm/prebuilt/linux-x86_64/sysroot/usr/local/include]
  ignore line: [ /home/c3p/Android/Sdk/ndk/23.1.7779620/toolchains/llvm/prebuilt/linux-x86_64/lib64/clang/12.0.8/include]
  ignore line: [ /home/c3p/Android/Sdk/ndk/23.1.7779620/toolchains/llvm/prebuilt/linux-x86_64/sysroot/usr/include/aarch64-linux-android]
  ignore line: [ /home/c3p/Android/Sdk/ndk/23.1.7779620/toolchains/llvm/prebuilt/linux-x86_64/sysroot/usr/include]
  ignore line: [End of search list.]
  ignore line: [[2/2] Linking C executable cmTC_0facc]
  ignore line: [Android (7714059  based on r416183c1) clang version 12.0.8 (https://android.googlesource.com/toolchain/llvm-project c935d99d7cf2016289302412d708641d52d2f7ee)]
  ignore line: [Target: aarch64-none-linux-android23]
  ignore line: [Thread model: posix]
  ignore line: [InstalledDir: /home/c3p/Android/Sdk/ndk/23.1.7779620/toolchains/llvm/prebuilt/linux-x86_64/bin]
  ignore line: [Found candidate GCC installation: /home/c3p/Android/Sdk/ndk/23.1.7779620/toolchains/llvm/prebuilt/linux-x86_64/lib/gcc/aarch64-linux-android/4.9.x]
  ignore line: [Selected GCC installation: /home/c3p/Android/Sdk/ndk/23.1.7779620/toolchains/llvm/prebuilt/linux-x86_64/lib/gcc/aarch64-linux-android/4.9.x]
  ignore line: [Candidate multilib: .]
  ignore line: [@m64]
  ignore line: [Selected multilib: .]
  ignore line: [@m64]
  link line: [ "/home/c3p/Android/Sdk/ndk/23.1.7779620/toolchains/llvm/prebuilt/linux-x86_64/bin/ld" --sysroot=/home/c3p/Android/Sdk/ndk/23.1.7779620/toolchains/llvm/prebuilt/linux-x86_64/sysroot -pie -z noexecstack -EL --fix-cortex-a53-843419 --warn-shared-textrel -z now -z relro -z max-page-size=4096 --hash-style=gnu --enable-new-dtags --eh-frame-hdr -m aarch64linux -dynamic-linker /system/bin/linker64 -o cmTC_0facc /home/c3p/Android/Sdk/ndk/23.1.7779620/toolchains/llvm/prebuilt/linux-x86_64/sysroot/usr/lib/aarch64-linux-android/23/crtbegin_dynamic.o -L/home/c3p/Android/Sdk/ndk/23.1.7779620/toolchains/llvm/prebuilt/linux-x86_64/lib64/clang/12.0.8/lib/linux/aarch64 -L/home/c3p/Android/Sdk/ndk/23.1.7779620/toolchains/llvm/prebuilt/linux-x86_64/lib/gcc/aarch64-linux-android/4.9.x -L/home/c3p/Android/Sdk/ndk/23.1.7779620/toolchains/llvm/prebuilt/linux-x86_64/sysroot/usr/lib/aarch64-linux-android/23 -L/home/c3p/Android/Sdk/ndk/23.1.7779620/toolchains/llvm/prebuilt/linux-x86_64/sysroot/usr/lib/aarch64-linux-android -L/home/c3p/Android/Sdk/ndk/23.1.7779620/toolchains/llvm/prebuilt/linux-x86_64/sysroot/usr/lib --build-id=sha1 --no-rosegment --fatal-warnings --no-undefined --gc-sections CMakeFiles/cmTC_0facc.dir/CMakeCCompilerABI.c.o /home/c3p/Android/Sdk/ndk/23.1.7779620/toolchains/llvm/prebuilt/linux-x86_64/lib64/clang/12.0.8/lib/linux/libclang_rt.builtins-aarch64-android.a -l:libunwind.a -ldl -lc /home/c3p/Android/Sdk/ndk/23.1.7779620/toolchains/llvm/prebuilt/linux-x86_64/lib64/clang/12.0.8/lib/linux/libclang_rt.builtins-aarch64-android.a -l:libunwind.a -ldl /home/c3p/Android/Sdk/ndk/23.1.7779620/toolchains/llvm/prebuilt/linux-x86_64/sysroot/usr/lib/aarch64-linux-android/23/crtend_android.o]
    arg [/home/c3p/Android/Sdk/ndk/23.1.7779620/toolchains/llvm/prebuilt/linux-x86_64/bin/ld] ==> ignore
    arg [--sysroot=/home/c3p/Android/Sdk/ndk/23.1.7779620/toolchains/llvm/prebuilt/linux-x86_64/sysroot] ==> ignore
    arg [-pie] ==> ignore
    arg [-znoexecstack] ==> ignore
    arg [-EL] ==> ignore
    arg [--fix-cortex-a53-843419] ==> ignore
    arg [--warn-shared-textrel] ==> ignore
    arg [-znow] ==> ignore
    arg [-zrelro] ==> ignore
    arg [-zmax-page-size=4096] ==> ignore
    arg [--hash-style=gnu] ==> ignore
    arg [--enable-new-dtags] ==> ignore
    arg [--eh-frame-hdr] ==> ignore
    arg [-m] ==> ignore
    arg [aarch64linux] ==> ignore
    arg [-dynamic-linker] ==> ignore
    arg [/system/bin/linker64] ==> ignore
    arg [-o] ==> ignore
    arg [cmTC_0facc] ==> ignore
    arg [/home/c3p/Android/Sdk/ndk/23.1.7779620/toolchains/llvm/prebuilt/linux-x86_64/sysroot/usr/lib/aarch64-linux-android/23/crtbegin_dynamic.o] ==> ignore
    arg [-L/home/c3p/Android/Sdk/ndk/23.1.7779620/toolchains/llvm/prebuilt/linux-x86_64/lib64/clang/12.0.8/lib/linux/aarch64] ==> dir [/home/c3p/Android/Sdk/ndk/23.1.7779620/toolchains/llvm/prebuilt/linux-x86_64/lib64/clang/12.0.8/lib/linux/aarch64]
    arg [-L/home/c3p/Android/Sdk/ndk/23.1.7779620/toolchains/llvm/prebuilt/linux-x86_64/lib/gcc/aarch64-linux-android/4.9.x] ==> dir [/home/c3p/Android/Sdk/ndk/23.1.7779620/toolchains/llvm/prebuilt/linux-x86_64/lib/gcc/aarch64-linux-android/4.9.x]
    arg [-L/home/c3p/Android/Sdk/ndk/23.1.7779620/toolchains/llvm/prebuilt/linux-x86_64/sysroot/usr/lib/aarch64-linux-android/23] ==> dir [/home/c3p/Android/Sdk/ndk/23.1.7779620/toolchains/llvm/prebuilt/linux-x86_64/sysroot/usr/lib/aarch64-linux-android/23]
    arg [-L/home/c3p/Android/Sdk/ndk/23.1.7779620/toolchains/llvm/prebuilt/linux-x86_64/sysroot/usr/lib/aarch64-linux-android] ==> dir [/home/c3p/Android/Sdk/ndk/23.1.7779620/toolchains/llvm/prebuilt/linux-x86_64/sysroot/usr/lib/aarch64-linux-android]
    arg [-L/home/c3p/Android/Sdk/ndk/23.1.7779620/toolchains/llvm/prebuilt/linux-x86_64/sysroot/usr/lib] ==> dir [/home/c3p/Android/Sdk/ndk/23.1.7779620/toolchains/llvm/prebuilt/linux-x86_64/sysroot/usr/lib]
    arg [--build-id=sha1] ==> ignore
    arg [--no-rosegment] ==> ignore
    arg [--fatal-warnings] ==> ignore
    arg [--no-undefined] ==> ignore
    arg [--gc-sections] ==> ignore
    arg [CMakeFiles/cmTC_0facc.dir/CMakeCCompilerABI.c.o] ==> ignore
    arg [/home/c3p/Android/Sdk/ndk/23.1.7779620/toolchains/llvm/prebuilt/linux-x86_64/lib64/clang/12.0.8/lib/linux/libclang_rt.builtins-aarch64-android.a] ==> lib [/home/c3p/Android/Sdk/ndk/23.1.7779620/toolchains/llvm/prebuilt/linux-x86_64/lib64/clang/12.0.8/lib/linux/libclang_rt.builtins-aarch64-android.a]
    arg [-l:libunwind.a] ==> lib [-l:libunwind.a]
    arg [-ldl] ==> lib [dl]
    arg [-lc] ==> lib [c]
    arg [/home/c3p/Android/Sdk/ndk/23.1.7779620/toolchains/llvm/prebuilt/linux-x86_64/lib64/clang/12.0.8/lib/linux/libclang_rt.builtins-aarch64-android.a] ==> lib [/home/c3p/Android/Sdk/ndk/23.1.7779620/toolchains/llvm/prebuilt/linux-x86_64/lib64/clang/12.0.8/lib/linux/libclang_rt.builtins-aarch64-android.a]
    arg [-l:libunwind.a] ==> lib [-l:libunwind.a]
    arg [-ldl] ==> lib [dl]
    arg [/home/c3p/Android/Sdk/ndk/23.1.7779620/toolchains/llvm/prebuilt/linux-x86_64/sysroot/usr/lib/aarch64-linux-android/23/crtend_android.o] ==> ignore
  remove lib [/home/c3p/Android/Sdk/ndk/23.1.7779620/toolchains/llvm/prebuilt/linux-x86_64/lib64/clang/12.0.8/lib/linux/libclang_rt.builtins-aarch64-android.a]
  remove lib [/home/c3p/Android/Sdk/ndk/23.1.7779620/toolchains/llvm/prebuilt/linux-x86_64/lib64/clang/12.0.8/lib/linux/libclang_rt.builtins-aarch64-android.a]
  collapse library dir [/home/c3p/Android/Sdk/ndk/23.1.7779620/toolchains/llvm/prebuilt/linux-x86_64/lib64/clang/12.0.8/lib/linux/aarch64] ==> [/home/c3p/Android/Sdk/ndk/23.1.7779620/toolchains/llvm/prebuilt/linux-x86_64/lib64/clang/12.0.8/lib/linux/aarch64]
  collapse library dir [/home/c3p/Android/Sdk/ndk/23.1.7779620/toolchains/llvm/prebuilt/linux-x86_64/lib/gcc/aarch64-linux-android/4.9.x] ==> [/home/c3p/Android/Sdk/ndk/23.1.7779620/toolchains/llvm/prebuilt/linux-x86_64/lib/gcc/aarch64-linux-android/4.9.x]
  collapse library dir [/home/c3p/Android/Sdk/ndk/23.1.7779620/toolchains/llvm/prebuilt/linux-x86_64/sysroot/usr/lib/aarch64-linux-android/23] ==> [/home/c3p/Android/Sdk/ndk/23.1.7779620/toolchains/llvm/prebuilt/linux-x86_64/sysroot/usr/lib/aarch64-linux-android/23]
  collapse library dir [/home/c3p/Android/Sdk/ndk/23.1.7779620/toolchains/llvm/prebuilt/linux-x86_64/sysroot/usr/lib/aarch64-linux-android] ==> [/home/c3p/Android/Sdk/ndk/23.1.7779620/toolchains/llvm/prebuilt/linux-x86_64/sysroot/usr/lib/aarch64-linux-android]
  collapse library dir [/home/c3p/Android/Sdk/ndk/23.1.7779620/toolchains/llvm/prebuilt/linux-x86_64/sysroot/usr/lib] ==> [/home/c3p/Android/Sdk/ndk/23.1.7779620/toolchains/llvm/prebuilt/linux-x86_64/sysroot/usr/lib]
  implicit libs: [-l:libunwind.a;dl;c;-l:libunwind.a;dl]
  implicit dirs: [/home/c3p/Android/Sdk/ndk/23.1.7779620/toolchains/llvm/prebuilt/linux-x86_64/lib64/clang/12.0.8/lib/linux/aarch64;/home/c3p/Android/Sdk/ndk/23.1.7779620/toolchains/llvm/prebuilt/linux-x86_64/lib/gcc/aarch64-linux-android/4.9.x;/home/c3p/Android/Sdk/ndk/23.1.7779620/toolchains/llvm/prebuilt/linux-x86_64/sysroot/usr/lib/aarch64-linux-android/23;/home/c3p/Android/Sdk/ndk/23.1.7779620/toolchains/llvm/prebuilt/linux-x86_64/sysroot/usr/lib/aarch64-linux-android;/home/c3p/Android/Sdk/ndk/23.1.7779620/toolchains/llvm/prebuilt/linux-x86_64/sysroot/usr/lib]
  implicit fwks: []


Detecting CXX compiler ABI info compiled with the following output:
Change Dir: /home/c3p/GP/gameplay-deps/gameplaydeps/.cxx/Debug/271q4j59/arm64-v8a/CMakeFiles/CMakeTmp

Run Build Command(s):/home/c3p/Android/Sdk/cmake/3.18.1/bin/ninja cmTC_5a55e && [1/2] Building CXX object CMakeFiles/cmTC_5a55e.dir/CMakeCXXCompilerABI.cpp.o
Android (7714059, based on r416183c1) clang version 12.0.8 (https://android.googlesource.com/toolchain/llvm-project c935d99d7cf2016289302412d708641d52d2f7ee)
Target: aarch64-none-linux-android23
Thread model: posix
InstalledDir: /home/c3p/Android/Sdk/ndk/23.1.7779620/toolchains/llvm/prebuilt/linux-x86_64/bin
Found candidate GCC installation: /home/c3p/Android/Sdk/ndk/23.1.7779620/toolchains/llvm/prebuilt/linux-x86_64/lib/gcc/aarch64-linux-android/4.9.x
Selected GCC installation: /home/c3p/Android/Sdk/ndk/23.1.7779620/toolchains/llvm/prebuilt/linux-x86_64/lib/gcc/aarch64-linux-android/4.9.x
Candidate multilib: .;@m64
Selected multilib: .;@m64
 (in-process)
 "/home/c3p/Android/Sdk/ndk/23.1.7779620/toolchains/llvm/prebuilt/linux-x86_64/bin/clang++" -cc1 -triple aarch64-none-linux-android23 -emit-obj -mrelax-all --mrelax-relocations -mnoexecstack -disable-free -disable-llvm-verifier -discard-value-names -main-file-name CMakeCXXCompilerABI.cpp -mrelocation-model pic -pic-level 2 -pic-is-pie -mframe-pointer=non-leaf -fno-rounding-math -mconstructor-aliases -munwind-tables -target-cpu generic -target-feature +neon -target-abi aapcs -mllvm -aarch64-fix-cortex-a53-835769=1 -fallow-half-arguments-and-returns -fno-split-dwarf-inlining -debug-info-kind=limited -dwarf-version=4 -debugger-tuning=gdb -v -ffunction-sections -fdata-sections -resource-dir /home/c3p/Android/Sdk/ndk/23.1.7779620/toolchains/llvm/prebuilt/linux-x86_64/lib64/clang/12.0.8 -dependency-file CMakeFiles/cmTC_5a55e.dir/CMakeCXXCompilerABI.cpp.o.d -MT CMakeFiles/cmTC_5a55e.dir/CMakeCXXCompilerABI.cpp.o -sys-header-deps -D ANDROID -D _FORTIFY_SOURCE=2 -isysroot /home/c3p/Android/Sdk/ndk/23.1.7779620/toolchains/llvm/prebuilt/linux-x86_64/sysroot -internal-isystem /home/c3p/Android/Sdk/ndk/23.1.7779620/toolchains/llvm/prebuilt/linux-x86_64/sysroot/usr/include/c++/v1 -internal-isystem /home/c3p/Android/Sdk/ndk/23.1.7779620/toolchains/llvm/prebuilt/linux-x86_64/sysroot/usr/local/include -internal-isystem /home/c3p/Android/Sdk/ndk/23.1.7779620/toolchains/llvm/prebuilt/linux-x86_64/lib64/clang/12.0.8/include -internal-externc-isystem /home/c3p/Android/Sdk/ndk/23.1.7779620/toolchains/llvm/prebuilt/linux-x86_64/sysroot/usr/include/aarch64-linux-android -internal-externc-isystem /home/c3p/Android/Sdk/ndk/23.1.7779620/toolchains/llvm/prebuilt/linux-x86_64/sysroot/include -internal-externc-isystem /home/c3p/Android/Sdk/ndk/23.1.7779620/toolchains/llvm/prebuilt/linux-x86_64/sysroot/usr/include -Wformat -fdeprecated-macro -fdebug-compilation-dir /home/c3p/GP/gameplay-deps/gameplaydeps/.cxx/Debug/271q4j59/arm64-v8a/CMakeFiles/CMakeTmp -ferror-limit 19 -stack-protector 2 -fno-signed-char -fgnuc-version=4.2.1 -fcxx-exceptions -fexceptions -o CMakeFiles/cmTC_5a55e.dir/CMakeCXXCompilerABI.cpp.o -x c++ /home/c3p/Android/Sdk/cmake/3.18.1/share/cmake-3.18/Modules/CMakeCXXCompilerABI.cpp
clang -cc1 version 12.0.8 based upon LLVM 12.0.8git default target x86_64-unknown-linux-gnu
ignoring nonexistent directory "/home/c3p/Android/Sdk/ndk/23.1.7779620/toolchains/llvm/prebuilt/linux-x86_64/sysroot/include"
#include "..." search starts here:
#include <...> search starts here:
 /home/c3p/Android/Sdk/ndk/23.1.7779620/toolchains/llvm/prebuilt/linux-x86_64/sysroot/usr/include/c++/v1
 /home/c3p/Android/Sdk/ndk/23.1.7779620/toolchains/llvm/prebuilt/linux-x86_64/sysroot/usr/local/include
 /home/c3p/Android/Sdk/ndk/23.1.7779620/toolchains/llvm/prebuilt/linux-x86_64/lib64/clang/12.0.8/include
 /home/c3p/Android/Sdk/ndk/23.1.7779620/toolchains/llvm/prebuilt/linux-x86_64/sysroot/usr/include/aarch64-linux-android
 /home/c3p/Android/Sdk/ndk/23.1.7779620/toolchains/llvm/prebuilt/linux-x86_64/sysroot/usr/include
End of search list.
[2/2] Linking CXX executable cmTC_5a55e
Android (7714059, based on r416183c1) clang version 12.0.8 (https://android.googlesource.com/toolchain/llvm-project c935d99d7cf2016289302412d708641d52d2f7ee)
Target: aarch64-none-linux-android23
Thread model: posix
InstalledDir: /home/c3p/Android/Sdk/ndk/23.1.7779620/toolchains/llvm/prebuilt/linux-x86_64/bin
Found candidate GCC installation: /home/c3p/Android/Sdk/ndk/23.1.7779620/toolchains/llvm/prebuilt/linux-x86_64/lib/gcc/aarch64-linux-android/4.9.x
Selected GCC installation: /home/c3p/Android/Sdk/ndk/23.1.7779620/toolchains/llvm/prebuilt/linux-x86_64/lib/gcc/aarch64-linux-android/4.9.x
Candidate multilib: .;@m64
Selected multilib: .;@m64
 "/home/c3p/Android/Sdk/ndk/23.1.7779620/toolchains/llvm/prebuilt/linux-x86_64/bin/ld" --sysroot=/home/c3p/Android/Sdk/ndk/23.1.7779620/toolchains/llvm/prebuilt/linux-x86_64/sysroot -pie -z noexecstack -EL --fix-cortex-a53-843419 --warn-shared-textrel -z now -z relro -z max-page-size=4096 --hash-style=gnu --enable-new-dtags --eh-frame-hdr -m aarch64linux -dynamic-linker /system/bin/linker64 -o cmTC_5a55e /home/c3p/Android/Sdk/ndk/23.1.7779620/toolchains/llvm/prebuilt/linux-x86_64/sysroot/usr/lib/aarch64-linux-android/23/crtbegin_dynamic.o -L/home/c3p/Android/Sdk/ndk/23.1.7779620/toolchains/llvm/prebuilt/linux-x86_64/lib64/clang/12.0.8/lib/linux/aarch64 -L/home/c3p/Android/Sdk/ndk/23.1.7779620/toolchains/llvm/prebuilt/linux-x86_64/lib/gcc/aarch64-linux-android/4.9.x -L/home/c3p/Android/Sdk/ndk/23.1.7779620/toolchains/llvm/prebuilt/linux-x86_64/sysroot/usr/lib/aarch64-linux-android/23 -L/home/c3p/Android/Sdk/ndk/23.1.7779620/toolchains/llvm/prebuilt/linux-x86_64/sysroot/usr/lib/aarch64-linux-android -L/home/c3p/Android/Sdk/ndk/23.1.7779620/toolchains/llvm/prebuilt/linux-x86_64/sysroot/usr/lib --build-id=sha1 --no-rosegment --fatal-warnings --no-undefined --gc-sections CMakeFiles/cmTC_5a55e.dir/CMakeCXXCompilerABI.cpp.o -Bstatic -lc++ -Bdynamic -lm /home/c3p/Android/Sdk/ndk/23.1.7779620/toolchains/llvm/prebuilt/linux-x86_64/lib64/clang/12.0.8/lib/linux/libclang_rt.builtins-aarch64-android.a -l:libunwind.a -ldl -lc /home/c3p/Android/Sdk/ndk/23.1.7779620/toolchains/llvm/prebuilt/linux-x86_64/lib64/clang/12.0.8/lib/linux/libclang_rt.builtins-aarch64-android.a -l:libunwind.a -ldl /home/c3p/Android/Sdk/ndk/23.1.7779620/toolchains/llvm/prebuilt/linux-x86_64/sysroot/usr/lib/aarch64-linux-android/23/crtend_android.o



Parsed CXX implicit include dir info from above output: rv=done
  found start of include info
  found start of implicit include info
    add: [/home/c3p/Android/Sdk/ndk/23.1.7779620/toolchains/llvm/prebuilt/linux-x86_64/sysroot/usr/include/c++/v1]
    add: [/home/c3p/Android/Sdk/ndk/23.1.7779620/toolchains/llvm/prebuilt/linux-x86_64/sysroot/usr/local/include]
    add: [/home/c3p/Android/Sdk/ndk/23.1.7779620/toolchains/llvm/prebuilt/linux-x86_64/lib64/clang/12.0.8/include]
    add: [/home/c3p/Android/Sdk/ndk/23.1.7779620/toolchains/llvm/prebuilt/linux-x86_64/sysroot/usr/include/aarch64-linux-android]
    add: [/home/c3p/Android/Sdk/ndk/23.1.7779620/toolchains/llvm/prebuilt/linux-x86_64/sysroot/usr/include]
  end of search list found
  collapse include dir [/home/c3p/Android/Sdk/ndk/23.1.7779620/toolchains/llvm/prebuilt/linux-x86_64/sysroot/usr/include/c++/v1] ==> [/home/c3p/Android/Sdk/ndk/23.1.7779620/toolchains/llvm/prebuilt/linux-x86_64/sysroot/usr/include/c++/v1]
  collapse include dir [/home/c3p/Android/Sdk/ndk/23.1.7779620/toolchains/llvm/prebuilt/linux-x86_64/sysroot/usr/local/include] ==> [/home/c3p/Android/Sdk/ndk/23.1.7779620/toolchains/llvm/prebuilt/linux-x86_64/sysroot/usr/local/include]
  collapse include dir [/home/c3p/Android/Sdk/ndk/23.1.7779620/toolchains/llvm/prebuilt/linux-x86_64/lib64/clang/12.0.8/include] ==> [/home/c3p/Android/Sdk/ndk/23.1.7779620/toolchains/llvm/prebuilt/linux-x86_64/lib64/clang/12.0.8/include]
  collapse include dir [/home/c3p/Android/Sdk/ndk/23.1.7779620/toolchains/llvm/prebuilt/linux-x86_64/sysroot/usr/include/aarch64-linux-android] ==> [/home/c3p/Android/Sdk/ndk/23.1.7779620/toolchains/llvm/prebuilt/linux-x86_64/sysroot/usr/include/aarch64-linux-android]
  collapse include dir [/home/c3p/Android/Sdk/ndk/23.1.7779620/toolchains/llvm/prebuilt/linux-x86_64/sysroot/usr/include] ==> [/home/c3p/Android/Sdk/ndk/23.1.7779620/toolchains/llvm/prebuilt/linux-x86_64/sysroot/usr/include]
  implicit include dirs: [/home/c3p/Android/Sdk/ndk/23.1.7779620/toolchains/llvm/prebuilt/linux-x86_64/sysroot/usr/include/c++/v1;/home/c3p/Android/Sdk/ndk/23.1.7779620/toolchains/llvm/prebuilt/linux-x86_64/sysroot/usr/local/include;/home/c3p/Android/Sdk/ndk/23.1.7779620/toolchains/llvm/prebuilt/linux-x86_64/lib64/clang/12.0.8/include;/home/c3p/Android/Sdk/ndk/23.1.7779620/toolchains/llvm/prebuilt/linux-x86_64/sysroot/usr/include/aarch64-linux-android;/home/c3p/Android/Sdk/ndk/23.1.7779620/toolchains/llvm/prebuilt/linux-x86_64/sysroot/usr/include]


Parsed CXX implicit link information from above output:
  link line regex: [^( *|.*[/\])(ld\.lld|CMAKE_LINK_STARTFILE-NOTFOUND|([^/\]+-)?ld|collect2)[^/\]*( |$)]
  ignore line: [Change Dir: /home/c3p/GP/gameplay-deps/gameplaydeps/.cxx/Debug/271q4j59/arm64-v8a/CMakeFiles/CMakeTmp]
  ignore line: []
  ignore line: [Run Build Command(s):/home/c3p/Android/Sdk/cmake/3.18.1/bin/ninja cmTC_5a55e && [1/2] Building CXX object CMakeFiles/cmTC_5a55e.dir/CMakeCXXCompilerABI.cpp.o]
  ignore line: [Android (7714059  based on r416183c1) clang version 12.0.8 (https://android.googlesource.com/toolchain/llvm-project c935d99d7cf2016289302412d708641d52d2f7ee)]
  ignore line: [Target: aarch64-none-linux-android23]
  ignore line: [Thread model: posix]
  ignore line: [InstalledDir: /home/c3p/Android/Sdk/ndk/23.1.7779620/toolchains/llvm/prebuilt/linux-x86_64/bin]
  ignore line: [Found candidate GCC installation: /home/c3p/Android/Sdk/ndk/23.1.7779620/toolchains/llvm/prebuilt/linux-x86_64/lib/gcc/aarch64-linux-android/4.9.x]
  ignore line: [Selected GCC installation: /home/c3p/Android/Sdk/ndk/23.1.7779620/toolchains/llvm/prebuilt/linux-x86_64/lib/gcc/aarch64-linux-android/4.9.x]
  ignore line: [Candidate multilib: .]
  ignore line: [@m64]
  ignore line: [Selected multilib: .]
  ignore line: [@m64]
  ignore line: [ (in-process)]
  ignore line: [ "/home/c3p/Android/Sdk/ndk/23.1.7779620/toolchains/llvm/prebuilt/linux-x86_64/bin/clang++" -cc1 -triple aarch64-none-linux-android23 -emit-obj -mrelax-all --mrelax-relocations -mnoexecstack -disable-free -disable-llvm-verifier -discard-value-names -main-file-name CMakeCXXCompilerABI.cpp -mrelocation-model pic -pic-level 2 -pic-is-pie -mframe-pointer=non-leaf -fno-rounding-math -mconstructor-aliases -munwind-tables -target-cpu generic -target-feature +neon -target-abi aapcs -mllvm -aarch64-fix-cortex-a53-835769=1 -fallow-half-arguments-and-returns -fno-split-dwarf-inlining -debug-info-kind=limited -dwarf-version=4 -debugger-tuning=gdb -v -ffunction-sections -fdata-sections -resource-dir /home/c3p/Android/Sdk/ndk/23.1.7779620/toolchains/llvm/prebuilt/linux-x86_64/lib64/clang/12.0.8 -dependency-file CMakeFiles/cmTC_5a55e.dir/CMakeCXXCompilerABI.cpp.o.d -MT CMakeFiles/cmTC_5a55e.dir/CMakeCXXCompilerABI.cpp.o -sys-header-deps -D ANDROID -D _FORTIFY_SOURCE=2 -isysroot /home/c3p/Android/Sdk/ndk/23.1.7779620/toolchains/llvm/prebuilt/linux-x86_64/sysroot -internal-isystem /home/c3p/Android/Sdk/ndk/23.1.7779620/toolchains/llvm/prebuilt/linux-x86_64/sysroot/usr/include/c++/v1 -internal-isystem /home/c3p/Android/Sdk/ndk/23.1.7779620/toolchains/llvm/prebuilt/linux-x86_64/sysroot/usr/local/include -internal-isystem /home/c3p/Android/Sdk/ndk/23.1.7779620/toolchains/llvm/prebuilt/linux-x86_64/lib64/clang/12.0.8/include -internal-externc-isystem /home/c3p/Android/Sdk/ndk/23.1.7779620/toolchains/llvm/prebuilt/linux-x86_64/sysroot/usr/include/aarch64-linux-android -internal-externc-isystem /home/c3p/Android/Sdk/ndk/23.1.7779620/toolchains/llvm/prebuilt/linux-x86_64/sysroot/include -internal-externc-isystem /home/c3p/Android/Sdk/ndk/23.1.7779620/toolchains/llvm/prebuilt/linux-x86_64/sysroot/usr/include -Wformat -fdeprecated-macro -fdebug-compilation-dir /home/c3p/GP/gameplay-deps/gameplaydeps/.cxx/Debug/271q4j59/arm64-v8a/CMakeFiles/CMakeTmp -ferror-limit 19 -stack-protector 2 -fno-signed-char -fgnuc-version=4.2.1 -fcxx-exceptions -fexceptions -o CMakeFiles/cmTC_5a55e.dir/CMakeCXXCompilerABI.cpp.o -x c++ /home/c3p/Android/Sdk/cmake/3.18.1/share/cmake-3.18/Modules/CMakeCXXCompilerABI.cpp]
  ignore line: [clang -cc1 version 12.0.8 based upon LLVM 12.0.8git default target x86_64-unknown-linux-gnu]
  ignore line: [ignoring nonexistent directory "/home/c3p/Android/Sdk/ndk/23.1.7779620/toolchains/llvm/prebuilt/linux-x86_64/sysroot/include"]
  ignore line: [#include "..." search starts here:]
  ignore line: [#include <...> search starts here:]
  ignore line: [ /home/c3p/Android/Sdk/ndk/23.1.7779620/toolchains/llvm/prebuilt/linux-x86_64/sysroot/usr/include/c++/v1]
  ignore line: [ /home/c3p/Android/Sdk/ndk/23.1.7779620/toolchains/llvm/prebuilt/linux-x86_64/sysroot/usr/local/include]
  ignore line: [ /home/c3p/Android/Sdk/ndk/23.1.7779620/toolchains/llvm/prebuilt/linux-x86_64/lib64/clang/12.0.8/include]
  ignore line: [ /home/c3p/Android/Sdk/ndk/23.1.7779620/toolchains/llvm/prebuilt/linux-x86_64/sysroot/usr/include/aarch64-linux-android]
  ignore line: [ /home/c3p/Android/Sdk/ndk/23.1.7779620/toolchains/llvm/prebuilt/linux-x86_64/sysroot/usr/include]
  ignore line: [End of search list.]
  ignore line: [[2/2] Linking CXX executable cmTC_5a55e]
  ignore line: [Android (7714059  based on r416183c1) clang version 12.0.8 (https://android.googlesource.com/toolchain/llvm-project c935d99d7cf2016289302412d708641d52d2f7ee)]
  ignore line: [Target: aarch64-none-linux-android23]
  ignore line: [Thread model: posix]
  ignore line: [InstalledDir: /home/c3p/Android/Sdk/ndk/23.1.7779620/toolchains/llvm/prebuilt/linux-x86_64/bin]
  ignore line: [Found candidate GCC installation: /home/c3p/Android/Sdk/ndk/23.1.7779620/toolchains/llvm/prebuilt/linux-x86_64/lib/gcc/aarch64-linux-android/4.9.x]
  ignore line: [Selected GCC installation: /home/c3p/Android/Sdk/ndk/23.1.7779620/toolchains/llvm/prebuilt/linux-x86_64/lib/gcc/aarch64-linux-android/4.9.x]
  ignore line: [Candidate multilib: .]
  ignore line: [@m64]
  ignore line: [Selected multilib: .]
  ignore line: [@m64]
  link line: [ "/home/c3p/Android/Sdk/ndk/23.1.7779620/toolchains/llvm/prebuilt/linux-x86_64/bin/ld" --sysroot=/home/c3p/Android/Sdk/ndk/23.1.7779620/toolchains/llvm/prebuilt/linux-x86_64/sysroot -pie -z noexecstack -EL --fix-cortex-a53-843419 --warn-shared-textrel -z now -z relro -z max-page-size=4096 --hash-style=gnu --enable-new-dtags --eh-frame-hdr -m aarch64linux -dynamic-linker /system/bin/linker64 -o cmTC_5a55e /home/c3p/Android/Sdk/ndk/23.1.7779620/toolchains/llvm/prebuilt/linux-x86_64/sysroot/usr/lib/aarch64-linux-android/23/crtbegin_dynamic.o -L/home/c3p/Android/Sdk/ndk/23.1.7779620/toolchains/llvm/prebuilt/linux-x86_64/lib64/clang/12.0.8/lib/linux/aarch64 -L/home/c3p/Android/Sdk/ndk/23.1.7779620/toolchains/llvm/prebuilt/linux-x86_64/lib/gcc/aarch64-linux-android/4.9.x -L/home/c3p/Android/Sdk/ndk/23.1.7779620/toolchains/llvm/prebuilt/linux-x86_64/sysroot/usr/lib/aarch64-linux-android/23 -L/home/c3p/Android/Sdk/ndk/23.1.7779620/toolchains/llvm/prebuilt/linux-x86_64/sysroot/usr/lib/aarch64-linux-android -L/home/c3p/Android/Sdk/ndk/23.1.7779620/toolchains/llvm/prebuilt/linux-x86_64/sysroot/usr/lib --build-id=sha1 --no-rosegment --fatal-warnings --no-undefined --gc-sections CMakeFiles/cmTC_5a55e.dir/CMakeCXXCompilerABI.cpp.o -Bstatic -lc++ -Bdynamic -lm /home/c3p/Android/Sdk/ndk/23.1.7779620/toolchains/llvm/prebuilt/linux-x86_64/lib64/clang/12.0.8/lib/linux/libclang_rt.builtins-aarch64-android.a -l:libunwind.a -ldl -lc /home/c3p/Android/Sdk/ndk/23.1.7779620/toolchains/llvm/prebuilt/linux-x86_64/lib64/clang/12.0.8/lib/linux/libclang_rt.builtins-aarch64-android.a -l:libunwind.a -ldl /home/c3p/Android/Sdk/ndk/23.1.7779620/toolchains/llvm/prebuilt/linux-x86_64/sysroot/usr/lib/aarch64-linux-android/23/crtend_android.o]
    arg [/home/c3p/Android/Sdk/ndk/23.1.7779620/toolchains/llvm/prebuilt/linux-x86_64/bin/ld] ==> ignore
    arg [--sysroot=/home/c3p/Android/Sdk/ndk/23.1.7779620/toolchains/llvm/prebuilt/linux-x86_64/sysroot] ==> ignore
    arg [-pie] ==> ignore
    arg [-znoexecstack] ==> ignore
    arg [-EL] ==> ignore
    arg [--fix-cortex-a53-843419] ==> ignore
    arg [--warn-shared-textrel] ==> ignore
    arg [-znow] ==> ignore
    arg [-zrelro] ==> ignore
    arg [-zmax-page-size=4096] ==> ignore
    arg [--hash-style=gnu] ==> ignore
    arg [--enable-new-dtags] ==> ignore
    arg [--eh-frame-hdr] ==> ignore
    arg [-m] ==> ignore
    arg [aarch64linux] ==> ignore
    arg [-dynamic-linker] ==> ignore
    arg [/system/bin/linker64] ==> ignore
    arg [-o] ==> ignore
    arg [cmTC_5a55e] ==> ignore
    arg [/home/c3p/Android/Sdk/ndk/23.1.7779620/toolchains/llvm/prebuilt/linux-x86_64/sysroot/usr/lib/aarch64-linux-android/23/crtbegin_dynamic.o] ==> ignore
    arg [-L/home/c3p/Android/Sdk/ndk/23.1.7779620/toolchains/llvm/prebuilt/linux-x86_64/lib64/clang/12.0.8/lib/linux/aarch64] ==> dir [/home/c3p/Android/Sdk/ndk/23.1.7779620/toolchains/llvm/prebuilt/linux-x86_64/lib64/clang/12.0.8/lib/linux/aarch64]
    arg [-L/home/c3p/Android/Sdk/ndk/23.1.7779620/toolchains/llvm/prebuilt/linux-x86_64/lib/gcc/aarch64-linux-android/4.9.x] ==> dir [/home/c3p/Android/Sdk/ndk/23.1.7779620/toolchains/llvm/prebuilt/linux-x86_64/lib/gcc/aarch64-linux-android/4.9.x]
    arg [-L/home/c3p/Android/Sdk/ndk/23.1.7779620/toolchains/llvm/prebuilt/linux-x86_64/sysroot/usr/lib/aarch64-linux-android/23] ==> dir [/home/c3p/Android/Sdk/ndk/23.1.7779620/toolchains/llvm/prebuilt/linux-x86_64/sysroot/usr/lib/aarch64-linux-android/23]
    arg [-L/home/c3p/Android/Sdk/ndk/23.1.7779620/toolchains/llvm/prebuilt/linux-x86_64/sysroot/usr/lib/aarch64-linux-android] ==> dir [/home/c3p/Android/Sdk/ndk/23.1.7779620/toolchains/llvm/prebuilt/linux-x86_64/sysroot/usr/lib/aarch64-linux-android]
    arg [-L/home/c3p/Android/Sdk/ndk/23.1.7779620/toolchains/llvm/prebuilt/linux-x86_64/sysroot/usr/lib] ==> dir [/home/c3p/Android/Sdk/ndk/23.1.7779620/toolchains/llvm/prebuilt/linux-x86_64/sysroot/usr/lib]
    arg [--build-id=sha1] ==> ignore
    arg [--no-rosegment] ==> ignore
    arg [--fatal-warnings] ==> ignore
    arg [--no-undefined] ==> ignore
    arg [--gc-sections] ==> ignore
    arg [CMakeFiles/cmTC_5a55e.dir/CMakeCXXCompilerABI.cpp.o] ==> ignore
    arg [-Bstatic] ==> ignore
    arg [-lc++] ==> lib [c++]
    arg [-Bdynamic] ==> ignore
    arg [-lm] ==> lib [m]
    arg [/home/c3p/Android/Sdk/ndk/23.1.7779620/toolchains/llvm/prebuilt/linux-x86_64/lib64/clang/12.0.8/lib/linux/libclang_rt.builtins-aarch64-android.a] ==> lib [/home/c3p/Android/Sdk/ndk/23.1.7779620/toolchains/llvm/prebuilt/linux-x86_64/lib64/clang/12.0.8/lib/linux/libclang_rt.builtins-aarch64-android.a]
    arg [-l:libunwind.a] ==> lib [-l:libunwind.a]
    arg [-ldl] ==> lib [dl]
    arg [-lc] ==> lib [c]
    arg [/home/c3p/Android/Sdk/ndk/23.1.7779620/toolchains/llvm/prebuilt/linux-x86_64/lib64/clang/12.0.8/lib/linux/libclang_rt.builtins-aarch64-android.a] ==> lib [/home/c3p/Android/Sdk/ndk/23.1.7779620/toolchains/llvm/prebuilt/linux-x86_64/lib64/clang/12.0.8/lib/linux/libclang_rt.builtins-aarch64-android.a]
    arg [-l:libunwind.a] ==> lib [-l:libunwind.a]
    arg [-ldl] ==> lib [dl]
    arg [/home/c3p/Android/Sdk/ndk/23.1.7779620/toolchains/llvm/prebuilt/linux-x86_64/sysroot/usr/lib/aarch64-linux-android/23/crtend_android.o] ==> ignore
  remove lib [/home/c3p/Android/Sdk/ndk/23.1.7779620/toolchains/llvm/prebuilt/linux-x86_64/lib64/clang/12.0.8/lib/linux/libclang_rt.builtins-aarch64-android.a]
  remove lib [/home/c3p/Android/Sdk/ndk/23.1.7779620/toolchains/llvm/prebuilt/linux-x86_64/lib64/clang/12.0.8/lib/linux/libclang_rt.builtins-aarch64-android.a]
  collapse library dir [/home/c3p/Android/Sdk/ndk/23.1.7779620/toolchains/llvm/prebuilt/linux-x86_64/lib64/clang/12.0.8/lib/linux/aarch64] ==> [/home/c3p/Android/Sdk/ndk/23.1.7779620/toolchains/llvm/prebuilt/linux-x86_64/lib64/clang/12.0.8/lib/linux/aarch64]
  collapse library dir [/home/c3p/Android/Sdk/ndk/23.1.7779620/toolchains/llvm/prebuilt/linux-x86_64/lib/gcc/aarch64-linux-android/4.9.x] ==> [/home/c3p/Android/Sdk/ndk/23.1.7779620/toolchains/llvm/prebuilt/linux-x86_64/lib/gcc/aarch64-linux-android/4.9.x]
  collapse library dir [/home/c3p/Android/Sdk/ndk/23.1.7779620/toolchains/llvm/prebuilt/linux-x86_64/sysroot/usr/lib/aarch64-linux-android/23] ==> [/home/c3p/Android/Sdk/ndk/23.1.7779620/toolchains/llvm/prebuilt/linux-x86_64/sysroot/usr/lib/aarch64-linux-android/23]
  collapse library dir [/home/c3p/Android/Sdk/ndk/23.1.7779620/toolchains/llvm/prebuilt/linux-x86_64/sysroot/usr/lib/aarch64-linux-android] ==> [/home/c3p/Android/Sdk/ndk/23.1.7779620/toolchains/llvm/prebuilt/linux-x86_64/sysroot/usr/lib/aarch64-linux-android]
  collapse library dir [/home/c3p/Android/Sdk/ndk/23.1.7779620/toolchains/llvm/prebuilt/linux-x86_64/sysroot/usr/lib] ==> [/home/c3p/Android/Sdk/ndk/23.1.7779620/toolchains/llvm/prebuilt/linux-x86_64/sysroot/usr/lib]
  implicit libs: [c++;m;-l:libunwind.a;dl;c;-l:libunwind.a;dl]
  implicit dirs: [/home/c3p/Android/Sdk/ndk/23.1.7779620/toolchains/llvm/prebuilt/linux-x86_64/lib64/clang/12.0.8/lib/linux/aarch64;/home/c3p/Android/Sdk/ndk/23.1.7779620/toolchains/llvm/prebuilt/linux-x86_64/lib/gcc/aarch64-linux-android/4.9.x;/home/c3p/Android/Sdk/ndk/23.1.7779620/toolchains/llvm/prebuilt/linux-x86_64/sysroot/usr/lib/aarch64-linux-android/23;/home/c3p/Android/Sdk/ndk/23.1.7779620/toolchains/llvm/prebuilt/linux-x86_64/sysroot/usr/lib/aarch64-linux-android;/home/c3p/Android/Sdk/ndk/23.1.7779620/toolchains/llvm/prebuilt/linux-x86_64/sysroot/usr/lib]
  implicit fwks: []


Determining if the include file sys/types.h exists passed with the following output:
Change Dir: /home/c3p/GP/gameplay-deps/gameplaydeps/.cxx/Debug/271q4j59/arm64-v8a/CMakeFiles/CMakeTmp

Run Build Command(s):/home/c3p/Android/Sdk/cmake/3.18.1/bin/ninja cmTC_ce6a1 && [1/2] Building C object CMakeFiles/cmTC_ce6a1.dir/CheckIncludeFile.c.o
[2/2] Linking C executable cmTC_ce6a1



Determining if the include file stdint.h exists passed with the following output:
Change Dir: /home/c3p/GP/gameplay-deps/gameplaydeps/.cxx/Debug/271q4j59/arm64-v8a/CMakeFiles/CMakeTmp

Run Build Command(s):/home/c3p/Android/Sdk/cmake/3.18.1/bin/ninja cmTC_c917e && [1/2] Building C object CMakeFiles/cmTC_c917e.dir/CheckIncludeFile.c.o
[2/2] Linking C executable cmTC_c917e



Determining if the include file stddef.h exists passed with the following output:
Change Dir: /home/c3p/GP/gameplay-deps/gameplaydeps/.cxx/Debug/271q4j59/arm64-v8a/CMakeFiles/CMakeTmp

Run Build Command(s):/home/c3p/Android/Sdk/cmake/3.18.1/bin/ninja cmTC_3e735 && [1/2] Building C object CMakeFiles/cmTC_3e735.dir/CheckIncludeFile.c.o
[2/2] Linking C executable cmTC_3e735



Determining size of long passed with the following output:
Change Dir: /home/c3p/GP/gameplay-deps/gameplaydeps/.cxx/Debug/271q4j59/arm64-v8a/CMakeFiles/CMakeTmp

Run Build Command(s):/home/c3p/Android/Sdk/cmake/3.18.1/bin/ninja cmTC_a6e75 && [1/2] Building C object CMakeFiles/cmTC_a6e75.dir/SIZEOF_LONG.c.o
[2/2] Linking C executable cmTC_a6e75



Determining size of long long passed with the following output:
Change Dir: /home/c3p/GP/gameplay-deps/gameplaydeps/.cxx/Debug/271q4j59/arm64-v8a/CMakeFiles/CMakeTmp

Run Build Command(s):/home/c3p/Android/Sdk/cmake/3.18.1/bin/ninja cmTC_d1357 && [1/2] Building C object CMakeFiles/cmTC_d1357.dir/SIZEOF_LONG_LONG.c.o
[2/2] Linking C executable cmTC_d1357



Performing C SOURCE FILE Test HAVE_STD_C99 succeeded with the following output:
Change Dir: /home/c3p/GP/gameplay-deps/gameplaydeps/.cxx/Debug/271q4j59/arm64-v8a/CMakeFiles/CMakeTmp

Run Build Command(s):/home/c3p/Android/Sdk/cmake/3.18.1/bin/ninja cmTC_e19c2 && [1/2] Building C object CMakeFiles/cmTC_e19c2.dir/src.c.o
[2/2] Linking C executable cmTC_e19c2


Source file was:
int main(void) { return 0; }
Performing C SOURCE FILE Test HAVE_C99_VLA succeeded with the following output:
Change Dir: /home/c3p/GP/gameplay-deps/gameplaydeps/.cxx/Debug/271q4j59/arm64-v8a/CMakeFiles/CMakeTmp

Run Build Command(s):/home/c3p/Android/Sdk/cmake/3.18.1/bin/ninja cmTC_56dfb && [1/2] Building C object CMakeFiles/cmTC_56dfb.dir/src.c.o
[2/2] Linking C executable cmTC_56dfb


Source file was:
int main(int argc, char *argv[])
 {
     volatile int tmp[argc];
     tmp[0] = argv[0][0];
     return tmp[0];
 }
Performing C SOURCE FILE Test HAVE_C99_BOOL succeeded with the following output:
Change Dir: /home/c3p/GP/gameplay-deps/gameplaydeps/.cxx/Debug/271q4j59/arm64-v8a/CMakeFiles/CMakeTmp

Run Build Command(s):/home/c3p/Android/Sdk/cmake/3.18.1/bin/ninja cmTC_ad24b && [1/2] Building C object CMakeFiles/cmTC_ad24b.dir/src.c.o
[2/2] Linking C executable cmTC_ad24b


Source file was:
int main(int argc, char *argv[])
 {
     volatile _Bool ret;
     ret = (argc > 1) ? 1 : 0;
     return ret ? -1 : 0;
 }
Performing C SOURCE FILE Test HAVE_C11_STATIC_ASSERT succeeded with the following output:
Change Dir: /home/c3p/GP/gameplay-deps/gameplaydeps/.cxx/Debug/271q4j59/arm64-v8a/CMakeFiles/CMakeTmp

Run Build Command(s):/home/c3p/Android/Sdk/cmake/3.18.1/bin/ninja cmTC_7f68f && [1/2] Building C object CMakeFiles/cmTC_7f68f.dir/src.c.o
[2/2] Linking C executable cmTC_7f68f


Source file was:
int main()
 {
     _Static_assert(sizeof(int) == sizeof(int), "What");
     return 0;
 }
Performing C SOURCE FILE Test HAVE_C11_ALIGNAS succeeded with the following output:
Change Dir: /home/c3p/GP/gameplay-deps/gameplaydeps/.cxx/Debug/271q4j59/arm64-v8a/CMakeFiles/CMakeTmp

Run Build Command(s):/home/c3p/Android/Sdk/cmake/3.18.1/bin/ninja cmTC_07b03 && [1/2] Building C object CMakeFiles/cmTC_07b03.dir/src.c.o
[2/2] Linking C executable cmTC_07b03


Source file was:
_Alignas(16) int foo;
 int main()
 {
     return 0;
 }
Performing C SOURCE FILE Test HAVE_C11_ATOMIC succeeded with the following output:
Change Dir: /home/c3p/GP/gameplay-deps/gameplaydeps/.cxx/Debug/271q4j59/arm64-v8a/CMakeFiles/CMakeTmp

Run Build Command(s):/home/c3p/Android/Sdk/cmake/3.18.1/bin/ninja cmTC_17b71 && [1/2] Building C object CMakeFiles/cmTC_17b71.dir/src.c.o
[2/2] Linking C executable cmTC_17b71


Source file was:
#include <stdatomic.h>
 int _Atomic foo;
 int main()
 {
     return atomic_load(&foo);
 }
Performing C SOURCE FILE Test HAVE_W_EXTRA succeeded with the following output:
Change Dir: /home/c3p/GP/gameplay-deps/gameplaydeps/.cxx/Debug/271q4j59/arm64-v8a/CMakeFiles/CMakeTmp

Run Build Command(s):/home/c3p/Android/Sdk/cmake/3.18.1/bin/ninja cmTC_c3b01 && [1/2] Building C object CMakeFiles/cmTC_c3b01.dir/src.c.o
[2/2] Linking C executable cmTC_c3b01


Source file was:
int main(void) { return 0; }
Performing C SOURCE FILE Test HAVE_FPIC_SWITCH succeeded with the following output:
Change Dir: /home/c3p/GP/gameplay-deps/gameplaydeps/.cxx/Debug/271q4j59/arm64-v8a/CMakeFiles/CMakeTmp

Run Build Command(s):/home/c3p/Android/Sdk/cmake/3.18.1/bin/ninja cmTC_b9164 && [1/2] Building C object CMakeFiles/cmTC_b9164.dir/src.c.o
[2/2] Linking C executable cmTC_b9164


Source file was:
int main(void) { return 0; }
Performing C SOURCE FILE Test HAVE_GCC_DESTRUCTOR succeeded with the following output:
Change Dir: /home/c3p/GP/gameplay-deps/gameplaydeps/.cxx/Debug/271q4j59/arm64-v8a/CMakeFiles/CMakeTmp

Run Build Command(s):/home/c3p/Android/Sdk/cmake/3.18.1/bin/ninja cmTC_08ac4 && [1/2] Building C object CMakeFiles/cmTC_08ac4.dir/src.c.o
[2/2] Linking C executable cmTC_08ac4


Source file was:
int foo() __attribute__((destructor));
                             int main() {return 0;}
Performing C SOURCE FILE Test HAVE_GCC_PROTECTED_VISIBILITY succeeded with the following output:
Change Dir: /home/c3p/GP/gameplay-deps/gameplaydeps/.cxx/Debug/271q4j59/arm64-v8a/CMakeFiles/CMakeTmp

Run Build Command(s):/home/c3p/Android/Sdk/cmake/3.18.1/bin/ninja cmTC_cffd6 && [1/2] Building C object CMakeFiles/cmTC_cffd6.dir/src.c.o
[2/2] Linking C executable cmTC_cffd6


Source file was:
int foo() __attribute__((visibility("protected")));
                             int main() {return 0;}
Performing C SOURCE FILE Test HAVE_VISIBILITY_HIDDEN_SWITCH succeeded with the following output:
Change Dir: /home/c3p/GP/gameplay-deps/gameplaydeps/.cxx/Debug/271q4j59/arm64-v8a/CMakeFiles/CMakeTmp

Run Build Command(s):/home/c3p/Android/Sdk/cmake/3.18.1/bin/ninja cmTC_731b0 && [1/2] Building C object CMakeFiles/cmTC_731b0.dir/src.c.o
[2/2] Linking C executable cmTC_731b0


Source file was:
int main(void) { return 0; }
Performing C SOURCE FILE Test HAVE_ATTRIBUTE_ALIGNED succeeded with the following output:
Change Dir: /home/c3p/GP/gameplay-deps/gameplaydeps/.cxx/Debug/271q4j59/arm64-v8a/CMakeFiles/CMakeTmp

Run Build Command(s):/home/c3p/Android/Sdk/cmake/3.18.1/bin/ninja cmTC_96fef && [1/2] Building C object CMakeFiles/cmTC_96fef.dir/src.c.o
[2/2] Linking C executable cmTC_96fef


Source file was:
int foo __attribute__((aligned(16)));
                             int main() {return 0;}
Performing C SOURCE FILE Test HAVE_MSSE_SWITCH succeeded with the following output:
Change Dir: /home/c3p/GP/gameplay-deps/gameplaydeps/.cxx/Debug/271q4j59/arm64-v8a/CMakeFiles/CMakeTmp

Run Build Command(s):/home/c3p/Android/Sdk/cmake/3.18.1/bin/ninja cmTC_5bab3 && [1/2] Building C object CMakeFiles/cmTC_5bab3.dir/src.c.o
clang: warning: argument unused during compilation: '-msse' [-Wunused-command-line-argument]
[2/2] Linking C executable cmTC_5bab3


Source file was:
int main(void) { return 0; }
Performing C SOURCE FILE Test HAVE_MSSE2_SWITCH succeeded with the following output:
Change Dir: /home/c3p/GP/gameplay-deps/gameplaydeps/.cxx/Debug/271q4j59/arm64-v8a/CMakeFiles/CMakeTmp

Run Build Command(s):/home/c3p/Android/Sdk/cmake/3.18.1/bin/ninja cmTC_d104f && [1/2] Building C object CMakeFiles/cmTC_d104f.dir/src.c.o
clang: warning: argument unused during compilation: '-msse2' [-Wunused-command-line-argument]
[2/2] Linking C executable cmTC_d104f


Source file was:
int main(void) { return 0; }
Performing C SOURCE FILE Test HAVE_MSSE4_1_SWITCH succeeded with the following output:
Change Dir: /home/c3p/GP/gameplay-deps/gameplaydeps/.cxx/Debug/271q4j59/arm64-v8a/CMakeFiles/CMakeTmp

Run Build Command(s):/home/c3p/Android/Sdk/cmake/3.18.1/bin/ninja cmTC_5cb08 && [1/2] Building C object CMakeFiles/cmTC_5cb08.dir/src.c.o
clang: warning: argument unused during compilation: '-msse4.1' [-Wunused-command-line-argument]
[2/2] Linking C executable cmTC_5cb08


Source file was:
int main(void) { return 0; }
Performing C SOURCE FILE Test HAVE_GCC_FORMAT succeeded with the following output:
Change Dir: /home/c3p/GP/gameplay-deps/gameplaydeps/.cxx/Debug/271q4j59/arm64-v8a/CMakeFiles/CMakeTmp

Run Build Command(s):/home/c3p/Android/Sdk/cmake/3.18.1/bin/ninja cmTC_d77eb && [1/2] Building C object CMakeFiles/cmTC_d77eb.dir/src.c.o
[2/2] Linking C executable cmTC_d77eb


Source file was:
int foo(const char *str, ...) __attribute__((format(printf, 1, 2)));
                         int main() {return 0;}
Determining if the include file stdbool.h exists passed with the following output:
Change Dir: /home/c3p/GP/gameplay-deps/gameplaydeps/.cxx/Debug/271q4j59/arm64-v8a/CMakeFiles/CMakeTmp

Run Build Command(s):/home/c3p/Android/Sdk/cmake/3.18.1/bin/ninja cmTC_0e544 && [1/2] Building C object CMakeFiles/cmTC_0e544.dir/CheckIncludeFile.c.o
[2/2] Linking C executable cmTC_0e544



Determining if the include file stdalign.h exists passed with the following output:
Change Dir: /home/c3p/GP/gameplay-deps/gameplaydeps/.cxx/Debug/271q4j59/arm64-v8a/CMakeFiles/CMakeTmp

Run Build Command(s):/home/c3p/Android/Sdk/cmake/3.18.1/bin/ninja cmTC_c0b57 && [1/2] Building C object CMakeFiles/cmTC_c0b57.dir/CheckIncludeFile.c.o
[2/2] Linking C executable cmTC_c0b57



Determining if the include file malloc.h exists passed with the following output:
Change Dir: /home/c3p/GP/gameplay-deps/gameplaydeps/.cxx/Debug/271q4j59/arm64-v8a/CMakeFiles/CMakeTmp

Run Build Command(s):/home/c3p/Android/Sdk/cmake/3.18.1/bin/ninja cmTC_bf557 && [1/2] Building C object CMakeFiles/cmTC_bf557.dir/CheckIncludeFile.c.o
[2/2] Linking C executable cmTC_bf557



Determining if the include file ftw.h exists passed with the following output:
Change Dir: /home/c3p/GP/gameplay-deps/gameplaydeps/.cxx/Debug/271q4j59/arm64-v8a/CMakeFiles/CMakeTmp

Run Build Command(s):/home/c3p/Android/Sdk/cmake/3.18.1/bin/ninja cmTC_e5f85 && [1/2] Building C object CMakeFiles/cmTC_e5f85.dir/CheckIncludeFile.c.o
[2/2] Linking C executable cmTC_e5f85



Determining if the include file strings.h exists passed with the following output:
Change Dir: /home/c3p/GP/gameplay-deps/gameplaydeps/.cxx/Debug/271q4j59/arm64-v8a/CMakeFiles/CMakeTmp

Run Build Command(s):/home/c3p/Android/Sdk/cmake/3.18.1/bin/ninja cmTC_c44ad && [1/2] Building C object CMakeFiles/cmTC_c44ad.dir/CheckIncludeFile.c.o
[2/2] Linking C executable cmTC_c44ad



Determining if the include file sys/sysconf.h exists passed with the following output:
Change Dir: /home/c3p/GP/gameplay-deps/gameplaydeps/.cxx/Debug/271q4j59/arm64-v8a/CMakeFiles/CMakeTmp

Run Build Command(s):/home/c3p/Android/Sdk/cmake/3.18.1/bin/ninja cmTC_6f563 && [1/2] Building C object CMakeFiles/cmTC_6f563.dir/CheckIncludeFile.c.o
[2/2] Linking C executable cmTC_6f563



Determining if the include file fenv.h exists passed with the following output:
Change Dir: /home/c3p/GP/gameplay-deps/gameplaydeps/.cxx/Debug/271q4j59/arm64-v8a/CMakeFiles/CMakeTmp

Run Build Command(s):/home/c3p/Android/Sdk/cmake/3.18.1/bin/ninja cmTC_27036 && [1/2] Building C object CMakeFiles/cmTC_27036.dir/CheckIncludeFile.c.o
[2/2] Linking C executable cmTC_27036



Determining if the include file float.h exists passed with the following output:
Change Dir: /home/c3p/GP/gameplay-deps/gameplaydeps/.cxx/Debug/271q4j59/arm64-v8a/CMakeFiles/CMakeTmp

Run Build Command(s):/home/c3p/Android/Sdk/cmake/3.18.1/bin/ninja cmTC_8696a && [1/2] Building C object CMakeFiles/cmTC_8696a.dir/CheckIncludeFile.c.o
[2/2] Linking C executable cmTC_8696a



Determining if the function pow exists in the m passed with the following output:
Change Dir: /home/c3p/GP/gameplay-deps/gameplaydeps/.cxx/Debug/271q4j59/arm64-v8a/CMakeFiles/CMakeTmp

Run Build Command(s):/home/c3p/Android/Sdk/cmake/3.18.1/bin/ninja cmTC_1bc9f && [1/2] Building C object CMakeFiles/cmTC_1bc9f.dir/CheckFunctionExists.c.o
/home/c3p/Android/Sdk/cmake/3.18.1/share/cmake-3.18/Modules/CheckFunctionExists.c:7:3: warning: incompatible redeclaration of library function 'pow' [-Wincompatible-library-redeclaration]
  CHECK_FUNCTION_EXISTS(void);
  ^
<command line>:3:31: note: expanded from here
#define CHECK_FUNCTION_EXISTS pow
                              ^
/home/c3p/Android/Sdk/cmake/3.18.1/share/cmake-3.18/Modules/CheckFunctionExists.c:7:3: note: 'pow' is a builtin with type 'double (double, double)'
<command line>:3:31: note: expanded from here
#define CHECK_FUNCTION_EXISTS pow
                              ^
1 warning generated.
[2/2] Linking C executable cmTC_1bc9f



Determining if the posix_memalign exist passed with the following output:
Change Dir: /home/c3p/GP/gameplay-deps/gameplaydeps/.cxx/Debug/271q4j59/arm64-v8a/CMakeFiles/CMakeTmp

Run Build Command(s):/home/c3p/Android/Sdk/cmake/3.18.1/bin/ninja cmTC_7a645 && [1/2] Building C object CMakeFiles/cmTC_7a645.dir/CheckSymbolExists.c.o
[2/2] Linking C executable cmTC_7a645


File /home/c3p/GP/gameplay-deps/gameplaydeps/.cxx/Debug/271q4j59/arm64-v8a/CMakeFiles/CMakeTmp/CheckSymbolExists.c:
/* */
#include <stdlib.h>

int main(int argc, char** argv)
{
  (void)argv;
#ifndef posix_memalign
  return ((int*)(&posix_memalign))[argc];
#else
  (void)argc;
  return 0;
#endif
}
Determining if the lrintf exist passed with the following output:
Change Dir: /home/c3p/GP/gameplay-deps/gameplaydeps/.cxx/Debug/271q4j59/arm64-v8a/CMakeFiles/CMakeTmp

Run Build Command(s):/home/c3p/Android/Sdk/cmake/3.18.1/bin/ninja cmTC_bcfeb && [1/2] Building C object CMakeFiles/cmTC_bcfeb.dir/CheckSymbolExists.c.o
[2/2] Linking C executable cmTC_bcfeb


File /home/c3p/GP/gameplay-deps/gameplaydeps/.cxx/Debug/271q4j59/arm64-v8a/CMakeFiles/CMakeTmp/CheckSymbolExists.c:
/* */
#include <math.h>

int main(int argc, char** argv)
{
  (void)argv;
#ifndef lrintf
  return ((int*)(&lrintf))[argc];
#else
  (void)argc;
  return 0;
#endif
}
Determining if the ftw exist passed with the following output:
Change Dir: /home/c3p/GP/gameplay-deps/gameplaydeps/.cxx/Debug/271q4j59/arm64-v8a/CMakeFiles/CMakeTmp

Run Build Command(s):/home/c3p/Android/Sdk/cmake/3.18.1/bin/ninja cmTC_e3930 && [1/2] Building C object CMakeFiles/cmTC_e3930.dir/CheckSymbolExists.c.o
[2/2] Linking C executable cmTC_e3930


File /home/c3p/GP/gameplay-deps/gameplaydeps/.cxx/Debug/271q4j59/arm64-v8a/CMakeFiles/CMakeTmp/CheckSymbolExists.c:
/* */
#include <ftw.h>

int main(int argc, char** argv)
{
  (void)argv;
#ifndef ftw
  return ((int*)(&ftw))[argc];
#else
  (void)argc;
  return 0;
#endif
}
Determining if the function strtof exists passed with the following output:
Change Dir: /home/c3p/GP/gameplay-deps/gameplaydeps/.cxx/Debug/271q4j59/arm64-v8a/CMakeFiles/CMakeTmp

Run Build Command(s):/home/c3p/Android/Sdk/cmake/3.18.1/bin/ninja cmTC_93001 && [1/2] Building C object CMakeFiles/cmTC_93001.dir/CheckFunctionExists.c.o
/home/c3p/Android/Sdk/cmake/3.18.1/share/cmake-3.18/Modules/CheckFunctionExists.c:7:3: warning: incompatible redeclaration of library function 'strtof' [-Wincompatible-library-redeclaration]
  CHECK_FUNCTION_EXISTS(void);
  ^
<command line>:3:31: note: expanded from here
#define CHECK_FUNCTION_EXISTS strtof
                              ^
/home/c3p/Android/Sdk/cmake/3.18.1/share/cmake-3.18/Modules/CheckFunctionExists.c:7:3: note: 'strtof' is a builtin with type 'float (const char *, char **)'
<command line>:3:31: note: expanded from here
#define CHECK_FUNCTION_EXISTS strtof
                              ^
1 warning generated.
[2/2] Linking C executable cmTC_93001



Determining if the function stat exists passed with the following output:
Change Dir: /home/c3p/GP/gameplay-deps/gameplaydeps/.cxx/Debug/271q4j59/arm64-v8a/CMakeFiles/CMakeTmp

Run Build Command(s):/home/c3p/Android/Sdk/cmake/3.18.1/bin/ninja cmTC_2aafd && [1/2] Building C object CMakeFiles/cmTC_2aafd.dir/CheckFunctionExists.c.o
[2/2] Linking C executable cmTC_2aafd



Determining if the function strcasecmp exists passed with the following output:
Change Dir: /home/c3p/GP/gameplay-deps/gameplaydeps/.cxx/Debug/271q4j59/arm64-v8a/CMakeFiles/CMakeTmp

Run Build Command(s):/home/c3p/Android/Sdk/cmake/3.18.1/bin/ninja cmTC_68269 && [1/2] Building C object CMakeFiles/cmTC_68269.dir/CheckFunctionExists.c.o
[2/2] Linking C executable cmTC_68269



Determining if the function strncasecmp exists passed with the following output:
Change Dir: /home/c3p/GP/gameplay-deps/gameplaydeps/.cxx/Debug/271q4j59/arm64-v8a/CMakeFiles/CMakeTmp

Run Build Command(s):/home/c3p/Android/Sdk/cmake/3.18.1/bin/ninja cmTC_6127f && [1/2] Building C object CMakeFiles/cmTC_6127f.dir/CheckFunctionExists.c.o
[2/2] Linking C executable cmTC_6127f



Determining if the isfinite exist passed with the following output:
Change Dir: /home/c3p/GP/gameplay-deps/gameplaydeps/.cxx/Debug/271q4j59/arm64-v8a/CMakeFiles/CMakeTmp

Run Build Command(s):/home/c3p/Android/Sdk/cmake/3.18.1/bin/ninja cmTC_8c800 && [1/2] Building C object CMakeFiles/cmTC_8c800.dir/CheckSymbolExists.c.o
[2/2] Linking C executable cmTC_8c800


File /home/c3p/GP/gameplay-deps/gameplaydeps/.cxx/Debug/271q4j59/arm64-v8a/CMakeFiles/CMakeTmp/CheckSymbolExists.c:
/* */
#include <math.h>

int main(int argc, char** argv)
{
  (void)argv;
#ifndef isfinite
  return ((int*)(&isfinite))[argc];
#else
  (void)argc;
  return 0;
#endif
}
Determining if the isnan exist passed with the following output:
Change Dir: /home/c3p/GP/gameplay-deps/gameplaydeps/.cxx/Debug/271q4j59/arm64-v8a/CMakeFiles/CMakeTmp

Run Build Command(s):/home/c3p/Android/Sdk/cmake/3.18.1/bin/ninja cmTC_b99a4 && [1/2] Building C object CMakeFiles/cmTC_b99a4.dir/CheckSymbolExists.c.o
[2/2] Linking C executable cmTC_b99a4


File /home/c3p/GP/gameplay-deps/gameplaydeps/.cxx/Debug/271q4j59/arm64-v8a/CMakeFiles/CMakeTmp/CheckSymbolExists.c:
/* */
#include <math.h>

int main(int argc, char** argv)
{
  (void)argv;
#ifndef isnan
  return ((int*)(&isnan))[argc];
#else
  (void)argc;
  return 0;
#endif
}
Determining if the include file dlfcn.h exists passed with the following output:
Change Dir: /home/c3p/GP/gameplay-deps/gameplaydeps/.cxx/Debug/271q4j59/arm64-v8a/CMakeFiles/CMakeTmp

Run Build Command(s):/home/c3p/Android/Sdk/cmake/3.18.1/bin/ninja cmTC_0dc70 && [1/2] Building C object CMakeFiles/cmTC_0dc70.dir/CheckIncludeFile.c.o
[2/2] Linking C executable cmTC_0dc70



Determining if the function dlopen exists in the dl passed with the following output:
Change Dir: /home/c3p/GP/gameplay-deps/gameplaydeps/.cxx/Debug/271q4j59/arm64-v8a/CMakeFiles/CMakeTmp

Run Build Command(s):/home/c3p/Android/Sdk/cmake/3.18.1/bin/ninja cmTC_bf691 && [1/2] Building C object CMakeFiles/cmTC_bf691.dir/CheckFunctionExists.c.o
[2/2] Linking C executable cmTC_bf691



Determining if the function gettimeofday exists passed with the following output:
Change Dir: /home/c3p/GP/gameplay-deps/gameplaydeps/.cxx/Debug/271q4j59/arm64-v8a/CMakeFiles/CMakeTmp

Run Build Command(s):/home/c3p/Android/Sdk/cmake/3.18.1/bin/ninja cmTC_3f138 && [1/2] Building C object CMakeFiles/cmTC_3f138.dir/CheckFunctionExists.c.o
[2/2] Linking C executable cmTC_3f138



Determining if the function nanosleep exists passed with the following output:
Change Dir: /home/c3p/GP/gameplay-deps/gameplaydeps/.cxx/Debug/271q4j59/arm64-v8a/CMakeFiles/CMakeTmp

Run Build Command(s):/home/c3p/Android/Sdk/cmake/3.18.1/bin/ninja cmTC_8a410 && [1/2] Building C object CMakeFiles/cmTC_8a410.dir/CheckFunctionExists.c.o
[2/2] Linking C executable cmTC_8a410



Determining if the include file pthread.h exists passed with the following output:
Change Dir: /home/c3p/GP/gameplay-deps/gameplaydeps/.cxx/Debug/271q4j59/arm64-v8a/CMakeFiles/CMakeTmp

Run Build Command(s):/home/c3p/Android/Sdk/cmake/3.18.1/bin/ninja cmTC_7a42a && [1/2] Building C object CMakeFiles/cmTC_7a42a.dir/CheckIncludeFile.c.o
[2/2] Linking C executable cmTC_7a42a



Performing C SOURCE FILE Test HAVE_PTHREAD succeeded with the following output:
Change Dir: /home/c3p/GP/gameplay-deps/gameplaydeps/.cxx/Debug/271q4j59/arm64-v8a/CMakeFiles/CMakeTmp

Run Build Command(s):/home/c3p/Android/Sdk/cmake/3.18.1/bin/ninja cmTC_4e904 && [1/2] Building C object CMakeFiles/cmTC_4e904.dir/src.c.o
[2/2] Linking C executable cmTC_4e904


Source file was:
int main(void) { return 0; }
Determining if the pthread_setschedparam exist passed with the following output:
Change Dir: /home/c3p/GP/gameplay-deps/gameplaydeps/.cxx/Debug/271q4j59/arm64-v8a/CMakeFiles/CMakeTmp

Run Build Command(s):/home/c3p/Android/Sdk/cmake/3.18.1/bin/ninja cmTC_b6314 && [1/2] Building C object CMakeFiles/cmTC_b6314.dir/CheckSymbolExists.c.o
[2/2] Linking C executable cmTC_b6314


File /home/c3p/GP/gameplay-deps/gameplaydeps/.cxx/Debug/271q4j59/arm64-v8a/CMakeFiles/CMakeTmp/CheckSymbolExists.c:
/* */
#include <pthread.h>

int main(int argc, char** argv)
{
  (void)argv;
#ifndef pthread_setschedparam
  return ((int*)(&pthread_setschedparam))[argc];
#else
  (void)argc;
  return 0;
#endif
}
Determining if the pthread_setname_np exist passed with the following output:
Change Dir: /home/c3p/GP/gameplay-deps/gameplaydeps/.cxx/Debug/271q4j59/arm64-v8a/CMakeFiles/CMakeTmp

Run Build Command(s):/home/c3p/Android/Sdk/cmake/3.18.1/bin/ninja cmTC_52a08 && [1/2] Building C object CMakeFiles/cmTC_52a08.dir/CheckSymbolExists.c.o
[2/2] Linking C executable cmTC_52a08


File /home/c3p/GP/gameplay-deps/gameplaydeps/.cxx/Debug/271q4j59/arm64-v8a/CMakeFiles/CMakeTmp/CheckSymbolExists.c:
/* */
#include <pthread.h>

int main(int argc, char** argv)
{
  (void)argv;
#ifndef pthread_setname_np
  return ((int*)(&pthread_setname_np))[argc];
#else
  (void)argc;
  return 0;
#endif
}
Determining if the pthread_mutex_timedlock exist passed with the following output:
Change Dir: /home/c3p/GP/gameplay-deps/gameplaydeps/.cxx/Debug/271q4j59/arm64-v8a/CMakeFiles/CMakeTmp

Run Build Command(s):/home/c3p/Android/Sdk/cmake/3.18.1/bin/ninja cmTC_040d5 && [1/2] Building C object CMakeFiles/cmTC_040d5.dir/CheckSymbolExists.c.o
[2/2] Linking C executable cmTC_040d5


File /home/c3p/GP/gameplay-deps/gameplaydeps/.cxx/Debug/271q4j59/arm64-v8a/CMakeFiles/CMakeTmp/CheckSymbolExists.c:
/* */
#include <pthread.h>

int main(int argc, char** argv)
{
  (void)argv;
#ifndef pthread_mutex_timedlock
  return ((int*)(&pthread_mutex_timedlock))[argc];
#else
  (void)argc;
  return 0;
#endif
}
Determining if the include file arm_neon.h exists passed with the following output:
Change Dir: /home/c3p/GP/gameplay-deps/gameplaydeps/.cxx/Debug/271q4j59/arm64-v8a/CMakeFiles/CMakeTmp

Run Build Command(s):/home/c3p/Android/Sdk/cmake/3.18.1/bin/ninja cmTC_7e7a9 && [1/2] Building C object CMakeFiles/cmTC_7e7a9.dir/CheckIncludeFile.c.o
[2/2] Linking C executable cmTC_7e7a9



Determining if files SLES/OpenSLES.h;SLES/OpenSLES_Android.h exist passed with the following output:
Change Dir: /home/c3p/GP/gameplay-deps/gameplaydeps/.cxx/Debug/271q4j59/arm64-v8a/CMakeFiles/CMakeTmp

Run Build Command(s):/home/c3p/Android/Sdk/cmake/3.18.1/bin/ninja cmTC_f6ce6 && [1/2] Building C object CMakeFiles/cmTC_f6ce6.dir/HAVE_SLES_OPENSLES_ANDROID_H.c.o
[2/2] Linking C executable cmTC_f6ce6



Determining if the slCreateEngine exist in OpenSLES passed with the following output:
Change Dir: /home/c3p/GP/gameplay-deps/gameplaydeps/.cxx/Debug/271q4j59/arm64-v8a/CMakeFiles/CMakeTmp

Run Build Command(s):/home/c3p/Android/Sdk/cmake/3.18.1/bin/ninja cmTC_fcf82 && [1/2] Building C object CMakeFiles/cmTC_fcf82.dir/CheckSymbolExists.c.o
[2/2] Linking C executable cmTC_fcf82


File /home/c3p/GP/gameplay-deps/gameplaydeps/.cxx/Debug/271q4j59/arm64-v8a/CMakeFiles/CMakeTmp/CheckSymbolExists.c:
/* */
#include <SLES/OpenSLES.h>

void cmakeRequireSymbol(int dummy,...){(void)dummy;}
int main()
{
  cmakeRequireSymbol(0,&slCreateEngine);
  return 0;
}

Determining size of off64_t passed with the following output:
Change Dir: /home/c3p/GP/gameplay-deps/gameplaydeps/.cxx/Debug/271q4j59/arm64-v8a/CMakeFiles/CMakeTmp

Run Build Command(s):/home/c3p/Android/Sdk/cmake/3.18.1/bin/ninja cmTC_1a84b && [1/2] Building C object CMakeFiles/cmTC_1a84b.dir/OFF64_T.c.o
[2/2] Linking C executable cmTC_1a84b



Determining if the function fseeko exists passed with the following output:
Change Dir: /home/c3p/GP/gameplay-deps/gameplaydeps/.cxx/Debug/271q4j59/arm64-v8a/CMakeFiles/CMakeTmp

Run Build Command(s):/home/c3p/Android/Sdk/cmake/3.18.1/bin/ninja cmTC_4374a && [1/2] Building C object CMakeFiles/cmTC_4374a.dir/CheckFunctionExists.c.o
[2/2] Linking C executable cmTC_4374a



Determining if the include file unistd.h exists passed with the following output:
Change Dir: /home/c3p/GP/gameplay-deps/gameplaydeps/.cxx/Debug/271q4j59/arm64-v8a/CMakeFiles/CMakeTmp

Run Build Command(s):/home/c3p/Android/Sdk/cmake/3.18.1/bin/ninja cmTC_de2ce && [1/2] Building C object CMakeFiles/cmTC_de2ce.dir/CheckIncludeFile.c.o
[2/2] Linking C executable cmTC_de2ce



Checking whether the ASM compiler is Clang using "--version" matched "(clang version)":
Android (7714059, based on r416183c1) clang version 12.0.8 (https://android.googlesource.com/toolchain/llvm-project c935d99d7cf2016289302412d708641d52d2f7ee)
Target: x86_64-unknown-linux-gnu
Thread model: posix
InstalledDir: /home/c3p/Android/Sdk/ndk/23.1.7779620/toolchains/llvm/prebuilt/linux-x86_64/bin
