The target system is: Android - 1 - x86_64
The host system is: Linux - 5.19.0-50-generic - x86_64
Detecting C compiler ABI info compiled with the following output:
Change Dir: /home/c3p/GP/gameplay-deps/gameplaydeps/.cxx/Debug/4e4z4v39/x86_64/CMakeFiles/CMakeTmp

Run Build Command(s):/home/c3p/Android/Sdk/cmake/3.18.1/bin/ninja cmTC_3c3e3 && [1/2] Building C object CMakeFiles/cmTC_3c3e3.dir/CMakeCCompilerABI.c.o
Android (7714059, based on r416183c1) clang version 12.0.8 (https://android.googlesource.com/toolchain/llvm-project c935d99d7cf2016289302412d708641d52d2f7ee)
Target: x86_64-none-linux-android23
Thread model: posix
InstalledDir: /home/c3p/Android/Sdk/ndk/23.1.7779620/toolchains/llvm/prebuilt/linux-x86_64/bin
Found candidate GCC installation: /home/c3p/Android/Sdk/ndk/23.1.7779620/toolchains/llvm/prebuilt/linux-x86_64/lib/gcc/i686-linux-android/4.9.x
Found candidate GCC installation: /home/c3p/Android/Sdk/ndk/23.1.7779620/toolchains/llvm/prebuilt/linux-x86_64/lib/gcc/x86_64-linux-android/4.9.x
Selected GCC installation: /home/c3p/Android/Sdk/ndk/23.1.7779620/toolchains/llvm/prebuilt/linux-x86_64/lib/gcc/x86_64-linux-android/4.9.x
Candidate multilib: .;@m64
Selected multilib: .;@m64
 (in-process)
 "/home/c3p/Android/Sdk/ndk/23.1.7779620/toolchains/llvm/prebuilt/linux-x86_64/bin/clang" -cc1 -triple x86_64-none-linux-android23 -emit-obj -mrelax-all --mrelax-relocations -mnoexecstack -disable-free -disable-llvm-verifier -discard-value-names -main-file-name CMakeCCompilerABI.c -mrelocation-model pic -pic-level 2 -pic-is-pie -mframe-pointer=all -fno-rounding-math -mconstructor-aliases -munwind-tables -target-cpu x86-64 -target-feature +sse4.2 -target-feature +popcnt -target-feature +cx16 -tune-cpu generic -fno-split-dwarf-inlining -debug-info-kind=limited -dwarf-version=4 -debugger-tuning=gdb -v -ffunction-sections -fdata-sections -resource-dir /home/c3p/Android/Sdk/ndk/23.1.7779620/toolchains/llvm/prebuilt/linux-x86_64/lib64/clang/12.0.8 -dependency-file CMakeFiles/cmTC_3c3e3.dir/CMakeCCompilerABI.c.o.d -MT CMakeFiles/cmTC_3c3e3.dir/CMakeCCompilerABI.c.o -sys-header-deps -D ANDROID -D _FORTIFY_SOURCE=2 -isysroot /home/c3p/Android/Sdk/ndk/23.1.7779620/toolchains/llvm/prebuilt/linux-x86_64/sysroot -internal-isystem /home/c3p/Android/Sdk/ndk/23.1.7779620/toolchains/llvm/prebuilt/linux-x86_64/sysroot/usr/local/include -internal-isystem /home/c3p/Android/Sdk/ndk/23.1.7779620/toolchains/llvm/prebuilt/linux-x86_64/lib64/clang/12.0.8/include -internal-externc-isystem /home/c3p/Android/Sdk/ndk/23.1.7779620/toolchains/llvm/prebuilt/linux-x86_64/sysroot/usr/include/x86_64-linux-android -internal-externc-isystem /home/c3p/Android/Sdk/ndk/23.1.7779620/toolchains/llvm/prebuilt/linux-x86_64/sysroot/include -internal-externc-isystem /home/c3p/Android/Sdk/ndk/23.1.7779620/toolchains/llvm/prebuilt/linux-x86_64/sysroot/usr/include -Wformat -fdebug-compilation-dir /home/c3p/GP/gameplay-deps/gameplaydeps/.cxx/Debug/4e4z4v39/x86_64/CMakeFiles/CMakeTmp -ferror-limit 19 -stack-protector 2 -fgnuc-version=4.2.1 -o CMakeFiles/cmTC_3c3e3.dir/CMakeCCompilerABI.c.o -x c /home/c3p/Android/Sdk/cmake/3.18.1/share/cmake-3.18/Modules/CMakeCCompilerABI.c
clang -cc1 version 12.0.8 based upon LLVM 12.0.8git default target x86_64-unknown-linux-gnu
ignoring nonexistent directory "/home/c3p/Android/Sdk/ndk/23.1.7779620/toolchains/llvm/prebuilt/linux-x86_64/sysroot/include"
#include "..." search starts here:
#include <...> search starts here:
 /home/c3p/Android/Sdk/ndk/23.1.7779620/toolchains/llvm/prebuilt/linux-x86_64/sysroot/usr/local/include
 /home/c3p/Android/Sdk/ndk/23.1.7779620/toolchains/llvm/prebuilt/linux-x86_64/lib64/clang/12.0.8/include
 /home/c3p/Android/Sdk/ndk/23.1.7779620/toolchains/llvm/prebuilt/linux-x86_64/sysroot/usr/include/x86_64-linux-android
 /home/c3p/Android/Sdk/ndk/23.1.7779620/toolchains/llvm/prebuilt/linux-x86_64/sysroot/usr/include
End of search list.
[2/2] Linking C executable cmTC_3c3e3
Android (7714059, based on r416183c1) clang version 12.0.8 (https://android.googlesource.com/toolchain/llvm-project c935d99d7cf2016289302412d708641d52d2f7ee)
Target: x86_64-none-linux-android23
Thread model: posix
InstalledDir: /home/c3p/Android/Sdk/ndk/23.1.7779620/toolchains/llvm/prebuilt/linux-x86_64/bin
Found candidate GCC installation: /home/c3p/Android/Sdk/ndk/23.1.7779620/toolchains/llvm/prebuilt/linux-x86_64/lib/gcc/i686-linux-android/4.9.x
Found candidate GCC installation: /home/c3p/Android/Sdk/ndk/23.1.7779620/toolchains/llvm/prebuilt/linux-x86_64/lib/gcc/x86_64-linux-android/4.9.x
Selected GCC installation: /home/c3p/Android/Sdk/ndk/23.1.7779620/toolchains/llvm/prebuilt/linux-x86_64/lib/gcc/x86_64-linux-android/4.9.x
Candidate multilib: .;@m64
Selected multilib: .;@m64
 "/home/c3p/Android/Sdk/ndk/23.1.7779620/toolchains/llvm/prebuilt/linux-x86_64/bin/ld" --sysroot=/home/c3p/Android/Sdk/ndk/23.1.7779620/toolchains/llvm/prebuilt/linux-x86_64/sysroot -pie -z noexecstack --warn-shared-textrel -z now -z relro --hash-style=gnu --enable-new-dtags --eh-frame-hdr -m elf_x86_64 -dynamic-linker /system/bin/linker64 -o cmTC_3c3e3 /home/c3p/Android/Sdk/ndk/23.1.7779620/toolchains/llvm/prebuilt/linux-x86_64/sysroot/usr/lib/x86_64-linux-android/23/crtbegin_dynamic.o -L/home/c3p/Android/Sdk/ndk/23.1.7779620/toolchains/llvm/prebuilt/linux-x86_64/lib64/clang/12.0.8/lib/linux/x86_64 -L/home/c3p/Android/Sdk/ndk/23.1.7779620/toolchains/llvm/prebuilt/linux-x86_64/lib/gcc/x86_64-linux-android/4.9.x -L/home/c3p/Android/Sdk/ndk/23.1.7779620/toolchains/llvm/prebuilt/linux-x86_64/sysroot/usr/lib/x86_64-linux-android/23 -L/home/c3p/Android/Sdk/ndk/23.1.7779620/toolchains/llvm/prebuilt/linux-x86_64/sysroot/usr/lib/x86_64-linux-android -L/home/c3p/Android/Sdk/ndk/23.1.7779620/toolchains/llvm/prebuilt/linux-x86_64/sysroot/usr/lib --build-id=sha1 --no-rosegment --fatal-warnings --no-undefined --gc-sections CMakeFiles/cmTC_3c3e3.dir/CMakeCCompilerABI.c.o /home/c3p/Android/Sdk/ndk/23.1.7779620/toolchains/llvm/prebuilt/linux-x86_64/lib64/clang/12.0.8/lib/linux/libclang_rt.builtins-x86_64-android.a -l:libunwind.a -ldl -lc /home/c3p/Android/Sdk/ndk/23.1.7779620/toolchains/llvm/prebuilt/linux-x86_64/lib64/clang/12.0.8/lib/linux/libclang_rt.builtins-x86_64-android.a -l:libunwind.a -ldl /home/c3p/Android/Sdk/ndk/23.1.7779620/toolchains/llvm/prebuilt/linux-x86_64/sysroot/usr/lib/x86_64-linux-android/23/crtend_android.o



Parsed C implicit include dir info from above output: rv=done
  found start of include info
  found start of implicit include info
    add: [/home/c3p/Android/Sdk/ndk/23.1.7779620/toolchains/llvm/prebuilt/linux-x86_64/sysroot/usr/local/include]
    add: [/home/c3p/Android/Sdk/ndk/23.1.7779620/toolchains/llvm/prebuilt/linux-x86_64/lib64/clang/12.0.8/include]
    add: [/home/c3p/Android/Sdk/ndk/23.1.7779620/toolchains/llvm/prebuilt/linux-x86_64/sysroot/usr/include/x86_64-linux-android]
    add: [/home/c3p/Android/Sdk/ndk/23.1.7779620/toolchains/llvm/prebuilt/linux-x86_64/sysroot/usr/include]
  end of search list found
  collapse include dir [/home/c3p/Android/Sdk/ndk/23.1.7779620/toolchains/llvm/prebuilt/linux-x86_64/sysroot/usr/local/include] ==> [/home/c3p/Android/Sdk/ndk/23.1.7779620/toolchains/llvm/prebuilt/linux-x86_64/sysroot/usr/local/include]
  collapse include dir [/home/c3p/Android/Sdk/ndk/23.1.7779620/toolchains/llvm/prebuilt/linux-x86_64/lib64/clang/12.0.8/include] ==> [/home/c3p/Android/Sdk/ndk/23.1.7779620/toolchains/llvm/prebuilt/linux-x86_64/lib64/clang/12.0.8/include]
  collapse include dir [/home/c3p/Android/Sdk/ndk/23.1.7779620/toolchains/llvm/prebuilt/linux-x86_64/sysroot/usr/include/x86_64-linux-android] ==> [/home/c3p/Android/Sdk/ndk/23.1.7779620/toolchains/llvm/prebuilt/linux-x86_64/sysroot/usr/include/x86_64-linux-android]
  collapse include dir [/home/c3p/Android/Sdk/ndk/23.1.7779620/toolchains/llvm/prebuilt/linux-x86_64/sysroot/usr/include] ==> [/home/c3p/Android/Sdk/ndk/23.1.7779620/toolchains/llvm/prebuilt/linux-x86_64/sysroot/usr/include]
  implicit include dirs: [/home/c3p/Android/Sdk/ndk/23.1.7779620/toolchains/llvm/prebuilt/linux-x86_64/sysroot/usr/local/include;/home/c3p/Android/Sdk/ndk/23.1.7779620/toolchains/llvm/prebuilt/linux-x86_64/lib64/clang/12.0.8/include;/home/c3p/Android/Sdk/ndk/23.1.7779620/toolchains/llvm/prebuilt/linux-x86_64/sysroot/usr/include/x86_64-linux-android;/home/c3p/Android/Sdk/ndk/23.1.7779620/toolchains/llvm/prebuilt/linux-x86_64/sysroot/usr/include]


Parsed C implicit link information from above output:
  link line regex: [^( *|.*[/\])(ld\.lld|CMAKE_LINK_STARTFILE-NOTFOUND|([^/\]+-)?ld|collect2)[^/\]*( |$)]
  ignore line: [Change Dir: /home/c3p/GP/gameplay-deps/gameplaydeps/.cxx/Debug/4e4z4v39/x86_64/CMakeFiles/CMakeTmp]
  ignore line: []
  ignore line: [Run Build Command(s):/home/c3p/Android/Sdk/cmake/3.18.1/bin/ninja cmTC_3c3e3 && [1/2] Building C object CMakeFiles/cmTC_3c3e3.dir/CMakeCCompilerABI.c.o]
  ignore line: [Android (7714059  based on r416183c1) clang version 12.0.8 (https://android.googlesource.com/toolchain/llvm-project c935d99d7cf2016289302412d708641d52d2f7ee)]
  ignore line: [Target: x86_64-none-linux-android23]
  ignore line: [Thread model: posix]
  ignore line: [InstalledDir: /home/c3p/Android/Sdk/ndk/23.1.7779620/toolchains/llvm/prebuilt/linux-x86_64/bin]
  ignore line: [Found candidate GCC installation: /home/c3p/Android/Sdk/ndk/23.1.7779620/toolchains/llvm/prebuilt/linux-x86_64/lib/gcc/i686-linux-android/4.9.x]
  ignore line: [Found candidate GCC installation: /home/c3p/Android/Sdk/ndk/23.1.7779620/toolchains/llvm/prebuilt/linux-x86_64/lib/gcc/x86_64-linux-android/4.9.x]
  ignore line: [Selected GCC installation: /home/c3p/Android/Sdk/ndk/23.1.7779620/toolchains/llvm/prebuilt/linux-x86_64/lib/gcc/x86_64-linux-android/4.9.x]
  ignore line: [Candidate multilib: .]
  ignore line: [@m64]
  ignore line: [Selected multilib: .]
  ignore line: [@m64]
  ignore line: [ (in-process)]
  ignore line: [ "/home/c3p/Android/Sdk/ndk/23.1.7779620/toolchains/llvm/prebuilt/linux-x86_64/bin/clang" -cc1 -triple x86_64-none-linux-android23 -emit-obj -mrelax-all --mrelax-relocations -mnoexecstack -disable-free -disable-llvm-verifier -discard-value-names -main-file-name CMakeCCompilerABI.c -mrelocation-model pic -pic-level 2 -pic-is-pie -mframe-pointer=all -fno-rounding-math -mconstructor-aliases -munwind-tables -target-cpu x86-64 -target-feature +sse4.2 -target-feature +popcnt -target-feature +cx16 -tune-cpu generic -fno-split-dwarf-inlining -debug-info-kind=limited -dwarf-version=4 -debugger-tuning=gdb -v -ffunction-sections -fdata-sections -resource-dir /home/c3p/Android/Sdk/ndk/23.1.7779620/toolchains/llvm/prebuilt/linux-x86_64/lib64/clang/12.0.8 -dependency-file CMakeFiles/cmTC_3c3e3.dir/CMakeCCompilerABI.c.o.d -MT CMakeFiles/cmTC_3c3e3.dir/CMakeCCompilerABI.c.o -sys-header-deps -D ANDROID -D _FORTIFY_SOURCE=2 -isysroot /home/c3p/Android/Sdk/ndk/23.1.7779620/toolchains/llvm/prebuilt/linux-x86_64/sysroot -internal-isystem /home/c3p/Android/Sdk/ndk/23.1.7779620/toolchains/llvm/prebuilt/linux-x86_64/sysroot/usr/local/include -internal-isystem /home/c3p/Android/Sdk/ndk/23.1.7779620/toolchains/llvm/prebuilt/linux-x86_64/lib64/clang/12.0.8/include -internal-externc-isystem /home/c3p/Android/Sdk/ndk/23.1.7779620/toolchains/llvm/prebuilt/linux-x86_64/sysroot/usr/include/x86_64-linux-android -internal-externc-isystem /home/c3p/Android/Sdk/ndk/23.1.7779620/toolchains/llvm/prebuilt/linux-x86_64/sysroot/include -internal-externc-isystem /home/c3p/Android/Sdk/ndk/23.1.7779620/toolchains/llvm/prebuilt/linux-x86_64/sysroot/usr/include -Wformat -fdebug-compilation-dir /home/c3p/GP/gameplay-deps/gameplaydeps/.cxx/Debug/4e4z4v39/x86_64/CMakeFiles/CMakeTmp -ferror-limit 19 -stack-protector 2 -fgnuc-version=4.2.1 -o CMakeFiles/cmTC_3c3e3.dir/CMakeCCompilerABI.c.o -x c /home/c3p/Android/Sdk/cmake/3.18.1/share/cmake-3.18/Modules/CMakeCCompilerABI.c]
  ignore line: [clang -cc1 version 12.0.8 based upon LLVM 12.0.8git default target x86_64-unknown-linux-gnu]
  ignore line: [ignoring nonexistent directory "/home/c3p/Android/Sdk/ndk/23.1.7779620/toolchains/llvm/prebuilt/linux-x86_64/sysroot/include"]
  ignore line: [#include "..." search starts here:]
  ignore line: [#include <...> search starts here:]
  ignore line: [ /home/c3p/Android/Sdk/ndk/23.1.7779620/toolchains/llvm/prebuilt/linux-x86_64/sysroot/usr/local/include]
  ignore line: [ /home/c3p/Android/Sdk/ndk/23.1.7779620/toolchains/llvm/prebuilt/linux-x86_64/lib64/clang/12.0.8/include]
  ignore line: [ /home/c3p/Android/Sdk/ndk/23.1.7779620/toolchains/llvm/prebuilt/linux-x86_64/sysroot/usr/include/x86_64-linux-android]
  ignore line: [ /home/c3p/Android/Sdk/ndk/23.1.7779620/toolchains/llvm/prebuilt/linux-x86_64/sysroot/usr/include]
  ignore line: [End of search list.]
  ignore line: [[2/2] Linking C executable cmTC_3c3e3]
  ignore line: [Android (7714059  based on r416183c1) clang version 12.0.8 (https://android.googlesource.com/toolchain/llvm-project c935d99d7cf2016289302412d708641d52d2f7ee)]
  ignore line: [Target: x86_64-none-linux-android23]
  ignore line: [Thread model: posix]
  ignore line: [InstalledDir: /home/c3p/Android/Sdk/ndk/23.1.7779620/toolchains/llvm/prebuilt/linux-x86_64/bin]
  ignore line: [Found candidate GCC installation: /home/c3p/Android/Sdk/ndk/23.1.7779620/toolchains/llvm/prebuilt/linux-x86_64/lib/gcc/i686-linux-android/4.9.x]
  ignore line: [Found candidate GCC installation: /home/c3p/Android/Sdk/ndk/23.1.7779620/toolchains/llvm/prebuilt/linux-x86_64/lib/gcc/x86_64-linux-android/4.9.x]
  ignore line: [Selected GCC installation: /home/c3p/Android/Sdk/ndk/23.1.7779620/toolchains/llvm/prebuilt/linux-x86_64/lib/gcc/x86_64-linux-android/4.9.x]
  ignore line: [Candidate multilib: .]
  ignore line: [@m64]
  ignore line: [Selected multilib: .]
  ignore line: [@m64]
  link line: [ "/home/c3p/Android/Sdk/ndk/23.1.7779620/toolchains/llvm/prebuilt/linux-x86_64/bin/ld" --sysroot=/home/c3p/Android/Sdk/ndk/23.1.7779620/toolchains/llvm/prebuilt/linux-x86_64/sysroot -pie -z noexecstack --warn-shared-textrel -z now -z relro --hash-style=gnu --enable-new-dtags --eh-frame-hdr -m elf_x86_64 -dynamic-linker /system/bin/linker64 -o cmTC_3c3e3 /home/c3p/Android/Sdk/ndk/23.1.7779620/toolchains/llvm/prebuilt/linux-x86_64/sysroot/usr/lib/x86_64-linux-android/23/crtbegin_dynamic.o -L/home/c3p/Android/Sdk/ndk/23.1.7779620/toolchains/llvm/prebuilt/linux-x86_64/lib64/clang/12.0.8/lib/linux/x86_64 -L/home/c3p/Android/Sdk/ndk/23.1.7779620/toolchains/llvm/prebuilt/linux-x86_64/lib/gcc/x86_64-linux-android/4.9.x -L/home/c3p/Android/Sdk/ndk/23.1.7779620/toolchains/llvm/prebuilt/linux-x86_64/sysroot/usr/lib/x86_64-linux-android/23 -L/home/c3p/Android/Sdk/ndk/23.1.7779620/toolchains/llvm/prebuilt/linux-x86_64/sysroot/usr/lib/x86_64-linux-android -L/home/c3p/Android/Sdk/ndk/23.1.7779620/toolchains/llvm/prebuilt/linux-x86_64/sysroot/usr/lib --build-id=sha1 --no-rosegment --fatal-warnings --no-undefined --gc-sections CMakeFiles/cmTC_3c3e3.dir/CMakeCCompilerABI.c.o /home/c3p/Android/Sdk/ndk/23.1.7779620/toolchains/llvm/prebuilt/linux-x86_64/lib64/clang/12.0.8/lib/linux/libclang_rt.builtins-x86_64-android.a -l:libunwind.a -ldl -lc /home/c3p/Android/Sdk/ndk/23.1.7779620/toolchains/llvm/prebuilt/linux-x86_64/lib64/clang/12.0.8/lib/linux/libclang_rt.builtins-x86_64-android.a -l:libunwind.a -ldl /home/c3p/Android/Sdk/ndk/23.1.7779620/toolchains/llvm/prebuilt/linux-x86_64/sysroot/usr/lib/x86_64-linux-android/23/crtend_android.o]
    arg [/home/c3p/Android/Sdk/ndk/23.1.7779620/toolchains/llvm/prebuilt/linux-x86_64/bin/ld] ==> ignore
    arg [--sysroot=/home/c3p/Android/Sdk/ndk/23.1.7779620/toolchains/llvm/prebuilt/linux-x86_64/sysroot] ==> ignore
    arg [-pie] ==> ignore
    arg [-znoexecstack] ==> ignore
    arg [--warn-shared-textrel] ==> ignore
    arg [-znow] ==> ignore
    arg [-zrelro] ==> ignore
    arg [--hash-style=gnu] ==> ignore
    arg [--enable-new-dtags] ==> ignore
    arg [--eh-frame-hdr] ==> ignore
    arg [-m] ==> ignore
    arg [elf_x86_64] ==> ignore
    arg [-dynamic-linker] ==> ignore
    arg [/system/bin/linker64] ==> ignore
    arg [-o] ==> ignore
    arg [cmTC_3c3e3] ==> ignore
    arg [/home/c3p/Android/Sdk/ndk/23.1.7779620/toolchains/llvm/prebuilt/linux-x86_64/sysroot/usr/lib/x86_64-linux-android/23/crtbegin_dynamic.o] ==> ignore
    arg [-L/home/c3p/Android/Sdk/ndk/23.1.7779620/toolchains/llvm/prebuilt/linux-x86_64/lib64/clang/12.0.8/lib/linux/x86_64] ==> dir [/home/c3p/Android/Sdk/ndk/23.1.7779620/toolchains/llvm/prebuilt/linux-x86_64/lib64/clang/12.0.8/lib/linux/x86_64]
    arg [-L/home/c3p/Android/Sdk/ndk/23.1.7779620/toolchains/llvm/prebuilt/linux-x86_64/lib/gcc/x86_64-linux-android/4.9.x] ==> dir [/home/c3p/Android/Sdk/ndk/23.1.7779620/toolchains/llvm/prebuilt/linux-x86_64/lib/gcc/x86_64-linux-android/4.9.x]
    arg [-L/home/c3p/Android/Sdk/ndk/23.1.7779620/toolchains/llvm/prebuilt/linux-x86_64/sysroot/usr/lib/x86_64-linux-android/23] ==> dir [/home/c3p/Android/Sdk/ndk/23.1.7779620/toolchains/llvm/prebuilt/linux-x86_64/sysroot/usr/lib/x86_64-linux-android/23]
    arg [-L/home/c3p/Android/Sdk/ndk/23.1.7779620/toolchains/llvm/prebuilt/linux-x86_64/sysroot/usr/lib/x86_64-linux-android] ==> dir [/home/c3p/Android/Sdk/ndk/23.1.7779620/toolchains/llvm/prebuilt/linux-x86_64/sysroot/usr/lib/x86_64-linux-android]
    arg [-L/home/c3p/Android/Sdk/ndk/23.1.7779620/toolchains/llvm/prebuilt/linux-x86_64/sysroot/usr/lib] ==> dir [/home/c3p/Android/Sdk/ndk/23.1.7779620/toolchains/llvm/prebuilt/linux-x86_64/sysroot/usr/lib]
    arg [--build-id=sha1] ==> ignore
    arg [--no-rosegment] ==> ignore
    arg [--fatal-warnings] ==> ignore
    arg [--no-undefined] ==> ignore
    arg [--gc-sections] ==> ignore
    arg [CMakeFiles/cmTC_3c3e3.dir/CMakeCCompilerABI.c.o] ==> ignore
    arg [/home/c3p/Android/Sdk/ndk/23.1.7779620/toolchains/llvm/prebuilt/linux-x86_64/lib64/clang/12.0.8/lib/linux/libclang_rt.builtins-x86_64-android.a] ==> lib [/home/c3p/Android/Sdk/ndk/23.1.7779620/toolchains/llvm/prebuilt/linux-x86_64/lib64/clang/12.0.8/lib/linux/libclang_rt.builtins-x86_64-android.a]
    arg [-l:libunwind.a] ==> lib [-l:libunwind.a]
    arg [-ldl] ==> lib [dl]
    arg [-lc] ==> lib [c]
    arg [/home/c3p/Android/Sdk/ndk/23.1.7779620/toolchains/llvm/prebuilt/linux-x86_64/lib64/clang/12.0.8/lib/linux/libclang_rt.builtins-x86_64-android.a] ==> lib [/home/c3p/Android/Sdk/ndk/23.1.7779620/toolchains/llvm/prebuilt/linux-x86_64/lib64/clang/12.0.8/lib/linux/libclang_rt.builtins-x86_64-android.a]
    arg [-l:libunwind.a] ==> lib [-l:libunwind.a]
    arg [-ldl] ==> lib [dl]
    arg [/home/c3p/Android/Sdk/ndk/23.1.7779620/toolchains/llvm/prebuilt/linux-x86_64/sysroot/usr/lib/x86_64-linux-android/23/crtend_android.o] ==> ignore
  remove lib [/home/c3p/Android/Sdk/ndk/23.1.7779620/toolchains/llvm/prebuilt/linux-x86_64/lib64/clang/12.0.8/lib/linux/libclang_rt.builtins-x86_64-android.a]
  remove lib [/home/c3p/Android/Sdk/ndk/23.1.7779620/toolchains/llvm/prebuilt/linux-x86_64/lib64/clang/12.0.8/lib/linux/libclang_rt.builtins-x86_64-android.a]
  collapse library dir [/home/c3p/Android/Sdk/ndk/23.1.7779620/toolchains/llvm/prebuilt/linux-x86_64/lib64/clang/12.0.8/lib/linux/x86_64] ==> [/home/c3p/Android/Sdk/ndk/23.1.7779620/toolchains/llvm/prebuilt/linux-x86_64/lib64/clang/12.0.8/lib/linux/x86_64]
  collapse library dir [/home/c3p/Android/Sdk/ndk/23.1.7779620/toolchains/llvm/prebuilt/linux-x86_64/lib/gcc/x86_64-linux-android/4.9.x] ==> [/home/c3p/Android/Sdk/ndk/23.1.7779620/toolchains/llvm/prebuilt/linux-x86_64/lib/gcc/x86_64-linux-android/4.9.x]
  collapse library dir [/home/c3p/Android/Sdk/ndk/23.1.7779620/toolchains/llvm/prebuilt/linux-x86_64/sysroot/usr/lib/x86_64-linux-android/23] ==> [/home/c3p/Android/Sdk/ndk/23.1.7779620/toolchains/llvm/prebuilt/linux-x86_64/sysroot/usr/lib/x86_64-linux-android/23]
  collapse library dir [/home/c3p/Android/Sdk/ndk/23.1.7779620/toolchains/llvm/prebuilt/linux-x86_64/sysroot/usr/lib/x86_64-linux-android] ==> [/home/c3p/Android/Sdk/ndk/23.1.7779620/toolchains/llvm/prebuilt/linux-x86_64/sysroot/usr/lib/x86_64-linux-android]
  collapse library dir [/home/c3p/Android/Sdk/ndk/23.1.7779620/toolchains/llvm/prebuilt/linux-x86_64/sysroot/usr/lib] ==> [/home/c3p/Android/Sdk/ndk/23.1.7779620/toolchains/llvm/prebuilt/linux-x86_64/sysroot/usr/lib]
  implicit libs: [-l:libunwind.a;dl;c;-l:libunwind.a;dl]
  implicit dirs: [/home/c3p/Android/Sdk/ndk/23.1.7779620/toolchains/llvm/prebuilt/linux-x86_64/lib64/clang/12.0.8/lib/linux/x86_64;/home/c3p/Android/Sdk/ndk/23.1.7779620/toolchains/llvm/prebuilt/linux-x86_64/lib/gcc/x86_64-linux-android/4.9.x;/home/c3p/Android/Sdk/ndk/23.1.7779620/toolchains/llvm/prebuilt/linux-x86_64/sysroot/usr/lib/x86_64-linux-android/23;/home/c3p/Android/Sdk/ndk/23.1.7779620/toolchains/llvm/prebuilt/linux-x86_64/sysroot/usr/lib/x86_64-linux-android;/home/c3p/Android/Sdk/ndk/23.1.7779620/toolchains/llvm/prebuilt/linux-x86_64/sysroot/usr/lib]
  implicit fwks: []


Detecting CXX compiler ABI info compiled with the following output:
Change Dir: /home/c3p/GP/gameplay-deps/gameplaydeps/.cxx/Debug/4e4z4v39/x86_64/CMakeFiles/CMakeTmp

Run Build Command(s):/home/c3p/Android/Sdk/cmake/3.18.1/bin/ninja cmTC_57915 && [1/2] Building CXX object CMakeFiles/cmTC_57915.dir/CMakeCXXCompilerABI.cpp.o
Android (7714059, based on r416183c1) clang version 12.0.8 (https://android.googlesource.com/toolchain/llvm-project c935d99d7cf2016289302412d708641d52d2f7ee)
Target: x86_64-none-linux-android23
Thread model: posix
InstalledDir: /home/c3p/Android/Sdk/ndk/23.1.7779620/toolchains/llvm/prebuilt/linux-x86_64/bin
Found candidate GCC installation: /home/c3p/Android/Sdk/ndk/23.1.7779620/toolchains/llvm/prebuilt/linux-x86_64/lib/gcc/i686-linux-android/4.9.x
Found candidate GCC installation: /home/c3p/Android/Sdk/ndk/23.1.7779620/toolchains/llvm/prebuilt/linux-x86_64/lib/gcc/x86_64-linux-android/4.9.x
Selected GCC installation: /home/c3p/Android/Sdk/ndk/23.1.7779620/toolchains/llvm/prebuilt/linux-x86_64/lib/gcc/x86_64-linux-android/4.9.x
Candidate multilib: .;@m64
Selected multilib: .;@m64
 (in-process)
 "/home/c3p/Android/Sdk/ndk/23.1.7779620/toolchains/llvm/prebuilt/linux-x86_64/bin/clang++" -cc1 -triple x86_64-none-linux-android23 -emit-obj -mrelax-all --mrelax-relocations -mnoexecstack -disable-free -disable-llvm-verifier -discard-value-names -main-file-name CMakeCXXCompilerABI.cpp -mrelocation-model pic -pic-level 2 -pic-is-pie -mframe-pointer=all -fno-rounding-math -mconstructor-aliases -munwind-tables -target-cpu x86-64 -target-feature +sse4.2 -target-feature +popcnt -target-feature +cx16 -tune-cpu generic -fno-split-dwarf-inlining -debug-info-kind=limited -dwarf-version=4 -debugger-tuning=gdb -v -ffunction-sections -fdata-sections -resource-dir /home/c3p/Android/Sdk/ndk/23.1.7779620/toolchains/llvm/prebuilt/linux-x86_64/lib64/clang/12.0.8 -dependency-file CMakeFiles/cmTC_57915.dir/CMakeCXXCompilerABI.cpp.o.d -MT CMakeFiles/cmTC_57915.dir/CMakeCXXCompilerABI.cpp.o -sys-header-deps -D ANDROID -D _FORTIFY_SOURCE=2 -isysroot /home/c3p/Android/Sdk/ndk/23.1.7779620/toolchains/llvm/prebuilt/linux-x86_64/sysroot -internal-isystem /home/c3p/Android/Sdk/ndk/23.1.7779620/toolchains/llvm/prebuilt/linux-x86_64/sysroot/usr/include/c++/v1 -internal-isystem /home/c3p/Android/Sdk/ndk/23.1.7779620/toolchains/llvm/prebuilt/linux-x86_64/sysroot/usr/local/include -internal-isystem /home/c3p/Android/Sdk/ndk/23.1.7779620/toolchains/llvm/prebuilt/linux-x86_64/lib64/clang/12.0.8/include -internal-externc-isystem /home/c3p/Android/Sdk/ndk/23.1.7779620/toolchains/llvm/prebuilt/linux-x86_64/sysroot/usr/include/x86_64-linux-android -internal-externc-isystem /home/c3p/Android/Sdk/ndk/23.1.7779620/toolchains/llvm/prebuilt/linux-x86_64/sysroot/include -internal-externc-isystem /home/c3p/Android/Sdk/ndk/23.1.7779620/toolchains/llvm/prebuilt/linux-x86_64/sysroot/usr/include -Wformat -fdeprecated-macro -fdebug-compilation-dir /home/c3p/GP/gameplay-deps/gameplaydeps/.cxx/Debug/4e4z4v39/x86_64/CMakeFiles/CMakeTmp -ferror-limit 19 -stack-protector 2 -fgnuc-version=4.2.1 -fcxx-exceptions -fexceptions -o CMakeFiles/cmTC_57915.dir/CMakeCXXCompilerABI.cpp.o -x c++ /home/c3p/Android/Sdk/cmake/3.18.1/share/cmake-3.18/Modules/CMakeCXXCompilerABI.cpp
clang -cc1 version 12.0.8 based upon LLVM 12.0.8git default target x86_64-unknown-linux-gnu
ignoring nonexistent directory "/home/c3p/Android/Sdk/ndk/23.1.7779620/toolchains/llvm/prebuilt/linux-x86_64/sysroot/include"
#include "..." search starts here:
#include <...> search starts here:
 /home/c3p/Android/Sdk/ndk/23.1.7779620/toolchains/llvm/prebuilt/linux-x86_64/sysroot/usr/include/c++/v1
 /home/c3p/Android/Sdk/ndk/23.1.7779620/toolchains/llvm/prebuilt/linux-x86_64/sysroot/usr/local/include
 /home/c3p/Android/Sdk/ndk/23.1.7779620/toolchains/llvm/prebuilt/linux-x86_64/lib64/clang/12.0.8/include
 /home/c3p/Android/Sdk/ndk/23.1.7779620/toolchains/llvm/prebuilt/linux-x86_64/sysroot/usr/include/x86_64-linux-android
 /home/c3p/Android/Sdk/ndk/23.1.7779620/toolchains/llvm/prebuilt/linux-x86_64/sysroot/usr/include
End of search list.
[2/2] Linking CXX executable cmTC_57915
Android (7714059, based on r416183c1) clang version 12.0.8 (https://android.googlesource.com/toolchain/llvm-project c935d99d7cf2016289302412d708641d52d2f7ee)
Target: x86_64-none-linux-android23
Thread model: posix
InstalledDir: /home/c3p/Android/Sdk/ndk/23.1.7779620/toolchains/llvm/prebuilt/linux-x86_64/bin
Found candidate GCC installation: /home/c3p/Android/Sdk/ndk/23.1.7779620/toolchains/llvm/prebuilt/linux-x86_64/lib/gcc/i686-linux-android/4.9.x
Found candidate GCC installation: /home/c3p/Android/Sdk/ndk/23.1.7779620/toolchains/llvm/prebuilt/linux-x86_64/lib/gcc/x86_64-linux-android/4.9.x
Selected GCC installation: /home/c3p/Android/Sdk/ndk/23.1.7779620/toolchains/llvm/prebuilt/linux-x86_64/lib/gcc/x86_64-linux-android/4.9.x
Candidate multilib: .;@m64
Selected multilib: .;@m64
 "/home/c3p/Android/Sdk/ndk/23.1.7779620/toolchains/llvm/prebuilt/linux-x86_64/bin/ld" --sysroot=/home/c3p/Android/Sdk/ndk/23.1.7779620/toolchains/llvm/prebuilt/linux-x86_64/sysroot -pie -z noexecstack --warn-shared-textrel -z now -z relro --hash-style=gnu --enable-new-dtags --eh-frame-hdr -m elf_x86_64 -dynamic-linker /system/bin/linker64 -o cmTC_57915 /home/c3p/Android/Sdk/ndk/23.1.7779620/toolchains/llvm/prebuilt/linux-x86_64/sysroot/usr/lib/x86_64-linux-android/23/crtbegin_dynamic.o -L/home/c3p/Android/Sdk/ndk/23.1.7779620/toolchains/llvm/prebuilt/linux-x86_64/lib64/clang/12.0.8/lib/linux/x86_64 -L/home/c3p/Android/Sdk/ndk/23.1.7779620/toolchains/llvm/prebuilt/linux-x86_64/lib/gcc/x86_64-linux-android/4.9.x -L/home/c3p/Android/Sdk/ndk/23.1.7779620/toolchains/llvm/prebuilt/linux-x86_64/sysroot/usr/lib/x86_64-linux-android/23 -L/home/c3p/Android/Sdk/ndk/23.1.7779620/toolchains/llvm/prebuilt/linux-x86_64/sysroot/usr/lib/x86_64-linux-android -L/home/c3p/Android/Sdk/ndk/23.1.7779620/toolchains/llvm/prebuilt/linux-x86_64/sysroot/usr/lib --build-id=sha1 --no-rosegment --fatal-warnings --no-undefined --gc-sections CMakeFiles/cmTC_57915.dir/CMakeCXXCompilerABI.cpp.o -Bstatic -lc++ -Bdynamic -lm /home/c3p/Android/Sdk/ndk/23.1.7779620/toolchains/llvm/prebuilt/linux-x86_64/lib64/clang/12.0.8/lib/linux/libclang_rt.builtins-x86_64-android.a -l:libunwind.a -ldl -lc /home/c3p/Android/Sdk/ndk/23.1.7779620/toolchains/llvm/prebuilt/linux-x86_64/lib64/clang/12.0.8/lib/linux/libclang_rt.builtins-x86_64-android.a -l:libunwind.a -ldl /home/c3p/Android/Sdk/ndk/23.1.7779620/toolchains/llvm/prebuilt/linux-x86_64/sysroot/usr/lib/x86_64-linux-android/23/crtend_android.o



Parsed CXX implicit include dir info from above output: rv=done
  found start of include info
  found start of implicit include info
    add: [/home/c3p/Android/Sdk/ndk/23.1.7779620/toolchains/llvm/prebuilt/linux-x86_64/sysroot/usr/include/c++/v1]
    add: [/home/c3p/Android/Sdk/ndk/23.1.7779620/toolchains/llvm/prebuilt/linux-x86_64/sysroot/usr/local/include]
    add: [/home/c3p/Android/Sdk/ndk/23.1.7779620/toolchains/llvm/prebuilt/linux-x86_64/lib64/clang/12.0.8/include]
    add: [/home/c3p/Android/Sdk/ndk/23.1.7779620/toolchains/llvm/prebuilt/linux-x86_64/sysroot/usr/include/x86_64-linux-android]
    add: [/home/c3p/Android/Sdk/ndk/23.1.7779620/toolchains/llvm/prebuilt/linux-x86_64/sysroot/usr/include]
  end of search list found
  collapse include dir [/home/c3p/Android/Sdk/ndk/23.1.7779620/toolchains/llvm/prebuilt/linux-x86_64/sysroot/usr/include/c++/v1] ==> [/home/c3p/Android/Sdk/ndk/23.1.7779620/toolchains/llvm/prebuilt/linux-x86_64/sysroot/usr/include/c++/v1]
  collapse include dir [/home/c3p/Android/Sdk/ndk/23.1.7779620/toolchains/llvm/prebuilt/linux-x86_64/sysroot/usr/local/include] ==> [/home/c3p/Android/Sdk/ndk/23.1.7779620/toolchains/llvm/prebuilt/linux-x86_64/sysroot/usr/local/include]
  collapse include dir [/home/c3p/Android/Sdk/ndk/23.1.7779620/toolchains/llvm/prebuilt/linux-x86_64/lib64/clang/12.0.8/include] ==> [/home/c3p/Android/Sdk/ndk/23.1.7779620/toolchains/llvm/prebuilt/linux-x86_64/lib64/clang/12.0.8/include]
  collapse include dir [/home/c3p/Android/Sdk/ndk/23.1.7779620/toolchains/llvm/prebuilt/linux-x86_64/sysroot/usr/include/x86_64-linux-android] ==> [/home/c3p/Android/Sdk/ndk/23.1.7779620/toolchains/llvm/prebuilt/linux-x86_64/sysroot/usr/include/x86_64-linux-android]
  collapse include dir [/home/c3p/Android/Sdk/ndk/23.1.7779620/toolchains/llvm/prebuilt/linux-x86_64/sysroot/usr/include] ==> [/home/c3p/Android/Sdk/ndk/23.1.7779620/toolchains/llvm/prebuilt/linux-x86_64/sysroot/usr/include]
  implicit include dirs: [/home/c3p/Android/Sdk/ndk/23.1.7779620/toolchains/llvm/prebuilt/linux-x86_64/sysroot/usr/include/c++/v1;/home/c3p/Android/Sdk/ndk/23.1.7779620/toolchains/llvm/prebuilt/linux-x86_64/sysroot/usr/local/include;/home/c3p/Android/Sdk/ndk/23.1.7779620/toolchains/llvm/prebuilt/linux-x86_64/lib64/clang/12.0.8/include;/home/c3p/Android/Sdk/ndk/23.1.7779620/toolchains/llvm/prebuilt/linux-x86_64/sysroot/usr/include/x86_64-linux-android;/home/c3p/Android/Sdk/ndk/23.1.7779620/toolchains/llvm/prebuilt/linux-x86_64/sysroot/usr/include]


Parsed CXX implicit link information from above output:
  link line regex: [^( *|.*[/\])(ld\.lld|CMAKE_LINK_STARTFILE-NOTFOUND|([^/\]+-)?ld|collect2)[^/\]*( |$)]
  ignore line: [Change Dir: /home/c3p/GP/gameplay-deps/gameplaydeps/.cxx/Debug/4e4z4v39/x86_64/CMakeFiles/CMakeTmp]
  ignore line: []
  ignore line: [Run Build Command(s):/home/c3p/Android/Sdk/cmake/3.18.1/bin/ninja cmTC_57915 && [1/2] Building CXX object CMakeFiles/cmTC_57915.dir/CMakeCXXCompilerABI.cpp.o]
  ignore line: [Android (7714059  based on r416183c1) clang version 12.0.8 (https://android.googlesource.com/toolchain/llvm-project c935d99d7cf2016289302412d708641d52d2f7ee)]
  ignore line: [Target: x86_64-none-linux-android23]
  ignore line: [Thread model: posix]
  ignore line: [InstalledDir: /home/c3p/Android/Sdk/ndk/23.1.7779620/toolchains/llvm/prebuilt/linux-x86_64/bin]
  ignore line: [Found candidate GCC installation: /home/c3p/Android/Sdk/ndk/23.1.7779620/toolchains/llvm/prebuilt/linux-x86_64/lib/gcc/i686-linux-android/4.9.x]
  ignore line: [Found candidate GCC installation: /home/c3p/Android/Sdk/ndk/23.1.7779620/toolchains/llvm/prebuilt/linux-x86_64/lib/gcc/x86_64-linux-android/4.9.x]
  ignore line: [Selected GCC installation: /home/c3p/Android/Sdk/ndk/23.1.7779620/toolchains/llvm/prebuilt/linux-x86_64/lib/gcc/x86_64-linux-android/4.9.x]
  ignore line: [Candidate multilib: .]
  ignore line: [@m64]
  ignore line: [Selected multilib: .]
  ignore line: [@m64]
  ignore line: [ (in-process)]
  ignore line: [ "/home/c3p/Android/Sdk/ndk/23.1.7779620/toolchains/llvm/prebuilt/linux-x86_64/bin/clang++" -cc1 -triple x86_64-none-linux-android23 -emit-obj -mrelax-all --mrelax-relocations -mnoexecstack -disable-free -disable-llvm-verifier -discard-value-names -main-file-name CMakeCXXCompilerABI.cpp -mrelocation-model pic -pic-level 2 -pic-is-pie -mframe-pointer=all -fno-rounding-math -mconstructor-aliases -munwind-tables -target-cpu x86-64 -target-feature +sse4.2 -target-feature +popcnt -target-feature +cx16 -tune-cpu generic -fno-split-dwarf-inlining -debug-info-kind=limited -dwarf-version=4 -debugger-tuning=gdb -v -ffunction-sections -fdata-sections -resource-dir /home/c3p/Android/Sdk/ndk/23.1.7779620/toolchains/llvm/prebuilt/linux-x86_64/lib64/clang/12.0.8 -dependency-file CMakeFiles/cmTC_57915.dir/CMakeCXXCompilerABI.cpp.o.d -MT CMakeFiles/cmTC_57915.dir/CMakeCXXCompilerABI.cpp.o -sys-header-deps -D ANDROID -D _FORTIFY_SOURCE=2 -isysroot /home/c3p/Android/Sdk/ndk/23.1.7779620/toolchains/llvm/prebuilt/linux-x86_64/sysroot -internal-isystem /home/c3p/Android/Sdk/ndk/23.1.7779620/toolchains/llvm/prebuilt/linux-x86_64/sysroot/usr/include/c++/v1 -internal-isystem /home/c3p/Android/Sdk/ndk/23.1.7779620/toolchains/llvm/prebuilt/linux-x86_64/sysroot/usr/local/include -internal-isystem /home/c3p/Android/Sdk/ndk/23.1.7779620/toolchains/llvm/prebuilt/linux-x86_64/lib64/clang/12.0.8/include -internal-externc-isystem /home/c3p/Android/Sdk/ndk/23.1.7779620/toolchains/llvm/prebuilt/linux-x86_64/sysroot/usr/include/x86_64-linux-android -internal-externc-isystem /home/c3p/Android/Sdk/ndk/23.1.7779620/toolchains/llvm/prebuilt/linux-x86_64/sysroot/include -internal-externc-isystem /home/c3p/Android/Sdk/ndk/23.1.7779620/toolchains/llvm/prebuilt/linux-x86_64/sysroot/usr/include -Wformat -fdeprecated-macro -fdebug-compilation-dir /home/c3p/GP/gameplay-deps/gameplaydeps/.cxx/Debug/4e4z4v39/x86_64/CMakeFiles/CMakeTmp -ferror-limit 19 -stack-protector 2 -fgnuc-version=4.2.1 -fcxx-exceptions -fexceptions -o CMakeFiles/cmTC_57915.dir/CMakeCXXCompilerABI.cpp.o -x c++ /home/c3p/Android/Sdk/cmake/3.18.1/share/cmake-3.18/Modules/CMakeCXXCompilerABI.cpp]
  ignore line: [clang -cc1 version 12.0.8 based upon LLVM 12.0.8git default target x86_64-unknown-linux-gnu]
  ignore line: [ignoring nonexistent directory "/home/c3p/Android/Sdk/ndk/23.1.7779620/toolchains/llvm/prebuilt/linux-x86_64/sysroot/include"]
  ignore line: [#include "..." search starts here:]
  ignore line: [#include <...> search starts here:]
  ignore line: [ /home/c3p/Android/Sdk/ndk/23.1.7779620/toolchains/llvm/prebuilt/linux-x86_64/sysroot/usr/include/c++/v1]
  ignore line: [ /home/c3p/Android/Sdk/ndk/23.1.7779620/toolchains/llvm/prebuilt/linux-x86_64/sysroot/usr/local/include]
  ignore line: [ /home/c3p/Android/Sdk/ndk/23.1.7779620/toolchains/llvm/prebuilt/linux-x86_64/lib64/clang/12.0.8/include]
  ignore line: [ /home/c3p/Android/Sdk/ndk/23.1.7779620/toolchains/llvm/prebuilt/linux-x86_64/sysroot/usr/include/x86_64-linux-android]
  ignore line: [ /home/c3p/Android/Sdk/ndk/23.1.7779620/toolchains/llvm/prebuilt/linux-x86_64/sysroot/usr/include]
  ignore line: [End of search list.]
  ignore line: [[2/2] Linking CXX executable cmTC_57915]
  ignore line: [Android (7714059  based on r416183c1) clang version 12.0.8 (https://android.googlesource.com/toolchain/llvm-project c935d99d7cf2016289302412d708641d52d2f7ee)]
  ignore line: [Target: x86_64-none-linux-android23]
  ignore line: [Thread model: posix]
  ignore line: [InstalledDir: /home/c3p/Android/Sdk/ndk/23.1.7779620/toolchains/llvm/prebuilt/linux-x86_64/bin]
  ignore line: [Found candidate GCC installation: /home/c3p/Android/Sdk/ndk/23.1.7779620/toolchains/llvm/prebuilt/linux-x86_64/lib/gcc/i686-linux-android/4.9.x]
  ignore line: [Found candidate GCC installation: /home/c3p/Android/Sdk/ndk/23.1.7779620/toolchains/llvm/prebuilt/linux-x86_64/lib/gcc/x86_64-linux-android/4.9.x]
  ignore line: [Selected GCC installation: /home/c3p/Android/Sdk/ndk/23.1.7779620/toolchains/llvm/prebuilt/linux-x86_64/lib/gcc/x86_64-linux-android/4.9.x]
  ignore line: [Candidate multilib: .]
  ignore line: [@m64]
  ignore line: [Selected multilib: .]
  ignore line: [@m64]
  link line: [ "/home/c3p/Android/Sdk/ndk/23.1.7779620/toolchains/llvm/prebuilt/linux-x86_64/bin/ld" --sysroot=/home/c3p/Android/Sdk/ndk/23.1.7779620/toolchains/llvm/prebuilt/linux-x86_64/sysroot -pie -z noexecstack --warn-shared-textrel -z now -z relro --hash-style=gnu --enable-new-dtags --eh-frame-hdr -m elf_x86_64 -dynamic-linker /system/bin/linker64 -o cmTC_57915 /home/c3p/Android/Sdk/ndk/23.1.7779620/toolchains/llvm/prebuilt/linux-x86_64/sysroot/usr/lib/x86_64-linux-android/23/crtbegin_dynamic.o -L/home/c3p/Android/Sdk/ndk/23.1.7779620/toolchains/llvm/prebuilt/linux-x86_64/lib64/clang/12.0.8/lib/linux/x86_64 -L/home/c3p/Android/Sdk/ndk/23.1.7779620/toolchains/llvm/prebuilt/linux-x86_64/lib/gcc/x86_64-linux-android/4.9.x -L/home/c3p/Android/Sdk/ndk/23.1.7779620/toolchains/llvm/prebuilt/linux-x86_64/sysroot/usr/lib/x86_64-linux-android/23 -L/home/c3p/Android/Sdk/ndk/23.1.7779620/toolchains/llvm/prebuilt/linux-x86_64/sysroot/usr/lib/x86_64-linux-android -L/home/c3p/Android/Sdk/ndk/23.1.7779620/toolchains/llvm/prebuilt/linux-x86_64/sysroot/usr/lib --build-id=sha1 --no-rosegment --fatal-warnings --no-undefined --gc-sections CMakeFiles/cmTC_57915.dir/CMakeCXXCompilerABI.cpp.o -Bstatic -lc++ -Bdynamic -lm /home/c3p/Android/Sdk/ndk/23.1.7779620/toolchains/llvm/prebuilt/linux-x86_64/lib64/clang/12.0.8/lib/linux/libclang_rt.builtins-x86_64-android.a -l:libunwind.a -ldl -lc /home/c3p/Android/Sdk/ndk/23.1.7779620/toolchains/llvm/prebuilt/linux-x86_64/lib64/clang/12.0.8/lib/linux/libclang_rt.builtins-x86_64-android.a -l:libunwind.a -ldl /home/c3p/Android/Sdk/ndk/23.1.7779620/toolchains/llvm/prebuilt/linux-x86_64/sysroot/usr/lib/x86_64-linux-android/23/crtend_android.o]
    arg [/home/c3p/Android/Sdk/ndk/23.1.7779620/toolchains/llvm/prebuilt/linux-x86_64/bin/ld] ==> ignore
    arg [--sysroot=/home/c3p/Android/Sdk/ndk/23.1.7779620/toolchains/llvm/prebuilt/linux-x86_64/sysroot] ==> ignore
    arg [-pie] ==> ignore
    arg [-znoexecstack] ==> ignore
    arg [--warn-shared-textrel] ==> ignore
    arg [-znow] ==> ignore
    arg [-zrelro] ==> ignore
    arg [--hash-style=gnu] ==> ignore
    arg [--enable-new-dtags] ==> ignore
    arg [--eh-frame-hdr] ==> ignore
    arg [-m] ==> ignore
    arg [elf_x86_64] ==> ignore
    arg [-dynamic-linker] ==> ignore
    arg [/system/bin/linker64] ==> ignore
    arg [-o] ==> ignore
    arg [cmTC_57915] ==> ignore
    arg [/home/c3p/Android/Sdk/ndk/23.1.7779620/toolchains/llvm/prebuilt/linux-x86_64/sysroot/usr/lib/x86_64-linux-android/23/crtbegin_dynamic.o] ==> ignore
    arg [-L/home/c3p/Android/Sdk/ndk/23.1.7779620/toolchains/llvm/prebuilt/linux-x86_64/lib64/clang/12.0.8/lib/linux/x86_64] ==> dir [/home/c3p/Android/Sdk/ndk/23.1.7779620/toolchains/llvm/prebuilt/linux-x86_64/lib64/clang/12.0.8/lib/linux/x86_64]
    arg [-L/home/c3p/Android/Sdk/ndk/23.1.7779620/toolchains/llvm/prebuilt/linux-x86_64/lib/gcc/x86_64-linux-android/4.9.x] ==> dir [/home/c3p/Android/Sdk/ndk/23.1.7779620/toolchains/llvm/prebuilt/linux-x86_64/lib/gcc/x86_64-linux-android/4.9.x]
    arg [-L/home/c3p/Android/Sdk/ndk/23.1.7779620/toolchains/llvm/prebuilt/linux-x86_64/sysroot/usr/lib/x86_64-linux-android/23] ==> dir [/home/c3p/Android/Sdk/ndk/23.1.7779620/toolchains/llvm/prebuilt/linux-x86_64/sysroot/usr/lib/x86_64-linux-android/23]
    arg [-L/home/c3p/Android/Sdk/ndk/23.1.7779620/toolchains/llvm/prebuilt/linux-x86_64/sysroot/usr/lib/x86_64-linux-android] ==> dir [/home/c3p/Android/Sdk/ndk/23.1.7779620/toolchains/llvm/prebuilt/linux-x86_64/sysroot/usr/lib/x86_64-linux-android]
    arg [-L/home/c3p/Android/Sdk/ndk/23.1.7779620/toolchains/llvm/prebuilt/linux-x86_64/sysroot/usr/lib] ==> dir [/home/c3p/Android/Sdk/ndk/23.1.7779620/toolchains/llvm/prebuilt/linux-x86_64/sysroot/usr/lib]
    arg [--build-id=sha1] ==> ignore
    arg [--no-rosegment] ==> ignore
    arg [--fatal-warnings] ==> ignore
    arg [--no-undefined] ==> ignore
    arg [--gc-sections] ==> ignore
    arg [CMakeFiles/cmTC_57915.dir/CMakeCXXCompilerABI.cpp.o] ==> ignore
    arg [-Bstatic] ==> ignore
    arg [-lc++] ==> lib [c++]
    arg [-Bdynamic] ==> ignore
    arg [-lm] ==> lib [m]
    arg [/home/c3p/Android/Sdk/ndk/23.1.7779620/toolchains/llvm/prebuilt/linux-x86_64/lib64/clang/12.0.8/lib/linux/libclang_rt.builtins-x86_64-android.a] ==> lib [/home/c3p/Android/Sdk/ndk/23.1.7779620/toolchains/llvm/prebuilt/linux-x86_64/lib64/clang/12.0.8/lib/linux/libclang_rt.builtins-x86_64-android.a]
    arg [-l:libunwind.a] ==> lib [-l:libunwind.a]
    arg [-ldl] ==> lib [dl]
    arg [-lc] ==> lib [c]
    arg [/home/c3p/Android/Sdk/ndk/23.1.7779620/toolchains/llvm/prebuilt/linux-x86_64/lib64/clang/12.0.8/lib/linux/libclang_rt.builtins-x86_64-android.a] ==> lib [/home/c3p/Android/Sdk/ndk/23.1.7779620/toolchains/llvm/prebuilt/linux-x86_64/lib64/clang/12.0.8/lib/linux/libclang_rt.builtins-x86_64-android.a]
    arg [-l:libunwind.a] ==> lib [-l:libunwind.a]
    arg [-ldl] ==> lib [dl]
    arg [/home/c3p/Android/Sdk/ndk/23.1.7779620/toolchains/llvm/prebuilt/linux-x86_64/sysroot/usr/lib/x86_64-linux-android/23/crtend_android.o] ==> ignore
  remove lib [/home/c3p/Android/Sdk/ndk/23.1.7779620/toolchains/llvm/prebuilt/linux-x86_64/lib64/clang/12.0.8/lib/linux/libclang_rt.builtins-x86_64-android.a]
  remove lib [/home/c3p/Android/Sdk/ndk/23.1.7779620/toolchains/llvm/prebuilt/linux-x86_64/lib64/clang/12.0.8/lib/linux/libclang_rt.builtins-x86_64-android.a]
  collapse library dir [/home/c3p/Android/Sdk/ndk/23.1.7779620/toolchains/llvm/prebuilt/linux-x86_64/lib64/clang/12.0.8/lib/linux/x86_64] ==> [/home/c3p/Android/Sdk/ndk/23.1.7779620/toolchains/llvm/prebuilt/linux-x86_64/lib64/clang/12.0.8/lib/linux/x86_64]
  collapse library dir [/home/c3p/Android/Sdk/ndk/23.1.7779620/toolchains/llvm/prebuilt/linux-x86_64/lib/gcc/x86_64-linux-android/4.9.x] ==> [/home/c3p/Android/Sdk/ndk/23.1.7779620/toolchains/llvm/prebuilt/linux-x86_64/lib/gcc/x86_64-linux-android/4.9.x]
  collapse library dir [/home/c3p/Android/Sdk/ndk/23.1.7779620/toolchains/llvm/prebuilt/linux-x86_64/sysroot/usr/lib/x86_64-linux-android/23] ==> [/home/c3p/Android/Sdk/ndk/23.1.7779620/toolchains/llvm/prebuilt/linux-x86_64/sysroot/usr/lib/x86_64-linux-android/23]
  collapse library dir [/home/c3p/Android/Sdk/ndk/23.1.7779620/toolchains/llvm/prebuilt/linux-x86_64/sysroot/usr/lib/x86_64-linux-android] ==> [/home/c3p/Android/Sdk/ndk/23.1.7779620/toolchains/llvm/prebuilt/linux-x86_64/sysroot/usr/lib/x86_64-linux-android]
  collapse library dir [/home/c3p/Android/Sdk/ndk/23.1.7779620/toolchains/llvm/prebuilt/linux-x86_64/sysroot/usr/lib] ==> [/home/c3p/Android/Sdk/ndk/23.1.7779620/toolchains/llvm/prebuilt/linux-x86_64/sysroot/usr/lib]
  implicit libs: [c++;m;-l:libunwind.a;dl;c;-l:libunwind.a;dl]
  implicit dirs: [/home/c3p/Android/Sdk/ndk/23.1.7779620/toolchains/llvm/prebuilt/linux-x86_64/lib64/clang/12.0.8/lib/linux/x86_64;/home/c3p/Android/Sdk/ndk/23.1.7779620/toolchains/llvm/prebuilt/linux-x86_64/lib/gcc/x86_64-linux-android/4.9.x;/home/c3p/Android/Sdk/ndk/23.1.7779620/toolchains/llvm/prebuilt/linux-x86_64/sysroot/usr/lib/x86_64-linux-android/23;/home/c3p/Android/Sdk/ndk/23.1.7779620/toolchains/llvm/prebuilt/linux-x86_64/sysroot/usr/lib/x86_64-linux-android;/home/c3p/Android/Sdk/ndk/23.1.7779620/toolchains/llvm/prebuilt/linux-x86_64/sysroot/usr/lib]
  implicit fwks: []


Determining if the include file sys/types.h exists passed with the following output:
Change Dir: /home/c3p/GP/gameplay-deps/gameplaydeps/.cxx/Debug/4e4z4v39/x86_64/CMakeFiles/CMakeTmp

Run Build Command(s):/home/c3p/Android/Sdk/cmake/3.18.1/bin/ninja cmTC_cd830 && [1/2] Building C object CMakeFiles/cmTC_cd830.dir/CheckIncludeFile.c.o
[2/2] Linking C executable cmTC_cd830



Determining if the include file stdint.h exists passed with the following output:
Change Dir: /home/c3p/GP/gameplay-deps/gameplaydeps/.cxx/Debug/4e4z4v39/x86_64/CMakeFiles/CMakeTmp

Run Build Command(s):/home/c3p/Android/Sdk/cmake/3.18.1/bin/ninja cmTC_792f8 && [1/2] Building C object CMakeFiles/cmTC_792f8.dir/CheckIncludeFile.c.o
[2/2] Linking C executable cmTC_792f8



Determining if the include file stddef.h exists passed with the following output:
Change Dir: /home/c3p/GP/gameplay-deps/gameplaydeps/.cxx/Debug/4e4z4v39/x86_64/CMakeFiles/CMakeTmp

Run Build Command(s):/home/c3p/Android/Sdk/cmake/3.18.1/bin/ninja cmTC_2b0c5 && [1/2] Building C object CMakeFiles/cmTC_2b0c5.dir/CheckIncludeFile.c.o
[2/2] Linking C executable cmTC_2b0c5



Determining size of long passed with the following output:
Change Dir: /home/c3p/GP/gameplay-deps/gameplaydeps/.cxx/Debug/4e4z4v39/x86_64/CMakeFiles/CMakeTmp

Run Build Command(s):/home/c3p/Android/Sdk/cmake/3.18.1/bin/ninja cmTC_46a59 && [1/2] Building C object CMakeFiles/cmTC_46a59.dir/SIZEOF_LONG.c.o
[2/2] Linking C executable cmTC_46a59



Determining size of long long passed with the following output:
Change Dir: /home/c3p/GP/gameplay-deps/gameplaydeps/.cxx/Debug/4e4z4v39/x86_64/CMakeFiles/CMakeTmp

Run Build Command(s):/home/c3p/Android/Sdk/cmake/3.18.1/bin/ninja cmTC_78893 && [1/2] Building C object CMakeFiles/cmTC_78893.dir/SIZEOF_LONG_LONG.c.o
[2/2] Linking C executable cmTC_78893



Performing C SOURCE FILE Test HAVE_STD_C99 succeeded with the following output:
Change Dir: /home/c3p/GP/gameplay-deps/gameplaydeps/.cxx/Debug/4e4z4v39/x86_64/CMakeFiles/CMakeTmp

Run Build Command(s):/home/c3p/Android/Sdk/cmake/3.18.1/bin/ninja cmTC_2701d && [1/2] Building C object CMakeFiles/cmTC_2701d.dir/src.c.o
[2/2] Linking C executable cmTC_2701d


Source file was:
int main(void) { return 0; }
Performing C SOURCE FILE Test HAVE_C99_VLA succeeded with the following output:
Change Dir: /home/c3p/GP/gameplay-deps/gameplaydeps/.cxx/Debug/4e4z4v39/x86_64/CMakeFiles/CMakeTmp

Run Build Command(s):/home/c3p/Android/Sdk/cmake/3.18.1/bin/ninja cmTC_cad64 && [1/2] Building C object CMakeFiles/cmTC_cad64.dir/src.c.o
[2/2] Linking C executable cmTC_cad64


Source file was:
int main(int argc, char *argv[])
 {
     volatile int tmp[argc];
     tmp[0] = argv[0][0];
     return tmp[0];
 }
Performing C SOURCE FILE Test HAVE_C99_BOOL succeeded with the following output:
Change Dir: /home/c3p/GP/gameplay-deps/gameplaydeps/.cxx/Debug/4e4z4v39/x86_64/CMakeFiles/CMakeTmp

Run Build Command(s):/home/c3p/Android/Sdk/cmake/3.18.1/bin/ninja cmTC_0b194 && [1/2] Building C object CMakeFiles/cmTC_0b194.dir/src.c.o
[2/2] Linking C executable cmTC_0b194


Source file was:
int main(int argc, char *argv[])
 {
     volatile _Bool ret;
     ret = (argc > 1) ? 1 : 0;
     return ret ? -1 : 0;
 }
Performing C SOURCE FILE Test HAVE_C11_STATIC_ASSERT succeeded with the following output:
Change Dir: /home/c3p/GP/gameplay-deps/gameplaydeps/.cxx/Debug/4e4z4v39/x86_64/CMakeFiles/CMakeTmp

Run Build Command(s):/home/c3p/Android/Sdk/cmake/3.18.1/bin/ninja cmTC_7cd11 && [1/2] Building C object CMakeFiles/cmTC_7cd11.dir/src.c.o
[2/2] Linking C executable cmTC_7cd11


Source file was:
int main()
 {
     _Static_assert(sizeof(int) == sizeof(int), "What");
     return 0;
 }
Performing C SOURCE FILE Test HAVE_C11_ALIGNAS succeeded with the following output:
Change Dir: /home/c3p/GP/gameplay-deps/gameplaydeps/.cxx/Debug/4e4z4v39/x86_64/CMakeFiles/CMakeTmp

Run Build Command(s):/home/c3p/Android/Sdk/cmake/3.18.1/bin/ninja cmTC_5fdcd && [1/2] Building C object CMakeFiles/cmTC_5fdcd.dir/src.c.o
[2/2] Linking C executable cmTC_5fdcd


Source file was:
_Alignas(16) int foo;
 int main()
 {
     return 0;
 }
Performing C SOURCE FILE Test HAVE_C11_ATOMIC succeeded with the following output:
Change Dir: /home/c3p/GP/gameplay-deps/gameplaydeps/.cxx/Debug/4e4z4v39/x86_64/CMakeFiles/CMakeTmp

Run Build Command(s):/home/c3p/Android/Sdk/cmake/3.18.1/bin/ninja cmTC_54a26 && [1/2] Building C object CMakeFiles/cmTC_54a26.dir/src.c.o
[2/2] Linking C executable cmTC_54a26


Source file was:
#include <stdatomic.h>
 int _Atomic foo;
 int main()
 {
     return atomic_load(&foo);
 }
Performing C SOURCE FILE Test HAVE_W_EXTRA succeeded with the following output:
Change Dir: /home/c3p/GP/gameplay-deps/gameplaydeps/.cxx/Debug/4e4z4v39/x86_64/CMakeFiles/CMakeTmp

Run Build Command(s):/home/c3p/Android/Sdk/cmake/3.18.1/bin/ninja cmTC_e6273 && [1/2] Building C object CMakeFiles/cmTC_e6273.dir/src.c.o
[2/2] Linking C executable cmTC_e6273


Source file was:
int main(void) { return 0; }
Performing C SOURCE FILE Test HAVE_FPIC_SWITCH succeeded with the following output:
Change Dir: /home/c3p/GP/gameplay-deps/gameplaydeps/.cxx/Debug/4e4z4v39/x86_64/CMakeFiles/CMakeTmp

Run Build Command(s):/home/c3p/Android/Sdk/cmake/3.18.1/bin/ninja cmTC_374dc && [1/2] Building C object CMakeFiles/cmTC_374dc.dir/src.c.o
[2/2] Linking C executable cmTC_374dc


Source file was:
int main(void) { return 0; }
Performing C SOURCE FILE Test HAVE_GCC_DESTRUCTOR succeeded with the following output:
Change Dir: /home/c3p/GP/gameplay-deps/gameplaydeps/.cxx/Debug/4e4z4v39/x86_64/CMakeFiles/CMakeTmp

Run Build Command(s):/home/c3p/Android/Sdk/cmake/3.18.1/bin/ninja cmTC_f7e78 && [1/2] Building C object CMakeFiles/cmTC_f7e78.dir/src.c.o
[2/2] Linking C executable cmTC_f7e78


Source file was:
int foo() __attribute__((destructor));
                             int main() {return 0;}
Performing C SOURCE FILE Test HAVE_GCC_PROTECTED_VISIBILITY succeeded with the following output:
Change Dir: /home/c3p/GP/gameplay-deps/gameplaydeps/.cxx/Debug/4e4z4v39/x86_64/CMakeFiles/CMakeTmp

Run Build Command(s):/home/c3p/Android/Sdk/cmake/3.18.1/bin/ninja cmTC_78dee && [1/2] Building C object CMakeFiles/cmTC_78dee.dir/src.c.o
[2/2] Linking C executable cmTC_78dee


Source file was:
int foo() __attribute__((visibility("protected")));
                             int main() {return 0;}
Performing C SOURCE FILE Test HAVE_VISIBILITY_HIDDEN_SWITCH succeeded with the following output:
Change Dir: /home/c3p/GP/gameplay-deps/gameplaydeps/.cxx/Debug/4e4z4v39/x86_64/CMakeFiles/CMakeTmp

Run Build Command(s):/home/c3p/Android/Sdk/cmake/3.18.1/bin/ninja cmTC_3a0c6 && [1/2] Building C object CMakeFiles/cmTC_3a0c6.dir/src.c.o
[2/2] Linking C executable cmTC_3a0c6


Source file was:
int main(void) { return 0; }
Performing C SOURCE FILE Test HAVE_ATTRIBUTE_ALIGNED succeeded with the following output:
Change Dir: /home/c3p/GP/gameplay-deps/gameplaydeps/.cxx/Debug/4e4z4v39/x86_64/CMakeFiles/CMakeTmp

Run Build Command(s):/home/c3p/Android/Sdk/cmake/3.18.1/bin/ninja cmTC_a6dea && [1/2] Building C object CMakeFiles/cmTC_a6dea.dir/src.c.o
[2/2] Linking C executable cmTC_a6dea


Source file was:
int foo __attribute__((aligned(16)));
                             int main() {return 0;}
Performing C SOURCE FILE Test HAVE_MSSE_SWITCH succeeded with the following output:
Change Dir: /home/c3p/GP/gameplay-deps/gameplaydeps/.cxx/Debug/4e4z4v39/x86_64/CMakeFiles/CMakeTmp

Run Build Command(s):/home/c3p/Android/Sdk/cmake/3.18.1/bin/ninja cmTC_6006d && [1/2] Building C object CMakeFiles/cmTC_6006d.dir/src.c.o
[2/2] Linking C executable cmTC_6006d


Source file was:
int main(void) { return 0; }
Performing C SOURCE FILE Test HAVE_MSSE2_SWITCH succeeded with the following output:
Change Dir: /home/c3p/GP/gameplay-deps/gameplaydeps/.cxx/Debug/4e4z4v39/x86_64/CMakeFiles/CMakeTmp

Run Build Command(s):/home/c3p/Android/Sdk/cmake/3.18.1/bin/ninja cmTC_9f625 && [1/2] Building C object CMakeFiles/cmTC_9f625.dir/src.c.o
[2/2] Linking C executable cmTC_9f625


Source file was:
int main(void) { return 0; }
Performing C SOURCE FILE Test HAVE_MSSE4_1_SWITCH succeeded with the following output:
Change Dir: /home/c3p/GP/gameplay-deps/gameplaydeps/.cxx/Debug/4e4z4v39/x86_64/CMakeFiles/CMakeTmp

Run Build Command(s):/home/c3p/Android/Sdk/cmake/3.18.1/bin/ninja cmTC_a3b9d && [1/2] Building C object CMakeFiles/cmTC_a3b9d.dir/src.c.o
[2/2] Linking C executable cmTC_a3b9d


Source file was:
int main(void) { return 0; }
Performing C SOURCE FILE Test HAVE_GCC_FORMAT succeeded with the following output:
Change Dir: /home/c3p/GP/gameplay-deps/gameplaydeps/.cxx/Debug/4e4z4v39/x86_64/CMakeFiles/CMakeTmp

Run Build Command(s):/home/c3p/Android/Sdk/cmake/3.18.1/bin/ninja cmTC_848cc && [1/2] Building C object CMakeFiles/cmTC_848cc.dir/src.c.o
[2/2] Linking C executable cmTC_848cc


Source file was:
int foo(const char *str, ...) __attribute__((format(printf, 1, 2)));
                         int main() {return 0;}
Determining if the include file stdbool.h exists passed with the following output:
Change Dir: /home/c3p/GP/gameplay-deps/gameplaydeps/.cxx/Debug/4e4z4v39/x86_64/CMakeFiles/CMakeTmp

Run Build Command(s):/home/c3p/Android/Sdk/cmake/3.18.1/bin/ninja cmTC_bab15 && [1/2] Building C object CMakeFiles/cmTC_bab15.dir/CheckIncludeFile.c.o
[2/2] Linking C executable cmTC_bab15



Determining if the include file stdalign.h exists passed with the following output:
Change Dir: /home/c3p/GP/gameplay-deps/gameplaydeps/.cxx/Debug/4e4z4v39/x86_64/CMakeFiles/CMakeTmp

Run Build Command(s):/home/c3p/Android/Sdk/cmake/3.18.1/bin/ninja cmTC_29e10 && [1/2] Building C object CMakeFiles/cmTC_29e10.dir/CheckIncludeFile.c.o
[2/2] Linking C executable cmTC_29e10



Determining if the include file malloc.h exists passed with the following output:
Change Dir: /home/c3p/GP/gameplay-deps/gameplaydeps/.cxx/Debug/4e4z4v39/x86_64/CMakeFiles/CMakeTmp

Run Build Command(s):/home/c3p/Android/Sdk/cmake/3.18.1/bin/ninja cmTC_8ba44 && [1/2] Building C object CMakeFiles/cmTC_8ba44.dir/CheckIncludeFile.c.o
[2/2] Linking C executable cmTC_8ba44



Determining if the include file ftw.h exists passed with the following output:
Change Dir: /home/c3p/GP/gameplay-deps/gameplaydeps/.cxx/Debug/4e4z4v39/x86_64/CMakeFiles/CMakeTmp

Run Build Command(s):/home/c3p/Android/Sdk/cmake/3.18.1/bin/ninja cmTC_be86e && [1/2] Building C object CMakeFiles/cmTC_be86e.dir/CheckIncludeFile.c.o
[2/2] Linking C executable cmTC_be86e



Determining if the include file strings.h exists passed with the following output:
Change Dir: /home/c3p/GP/gameplay-deps/gameplaydeps/.cxx/Debug/4e4z4v39/x86_64/CMakeFiles/CMakeTmp

Run Build Command(s):/home/c3p/Android/Sdk/cmake/3.18.1/bin/ninja cmTC_2f1f2 && [1/2] Building C object CMakeFiles/cmTC_2f1f2.dir/CheckIncludeFile.c.o
[2/2] Linking C executable cmTC_2f1f2



Determining if the include file cpuid.h exists passed with the following output:
Change Dir: /home/c3p/GP/gameplay-deps/gameplaydeps/.cxx/Debug/4e4z4v39/x86_64/CMakeFiles/CMakeTmp

Run Build Command(s):/home/c3p/Android/Sdk/cmake/3.18.1/bin/ninja cmTC_47351 && [1/2] Building C object CMakeFiles/cmTC_47351.dir/CheckIncludeFile.c.o
[2/2] Linking C executable cmTC_47351



Determining if the include file sys/sysconf.h exists passed with the following output:
Change Dir: /home/c3p/GP/gameplay-deps/gameplaydeps/.cxx/Debug/4e4z4v39/x86_64/CMakeFiles/CMakeTmp

Run Build Command(s):/home/c3p/Android/Sdk/cmake/3.18.1/bin/ninja cmTC_af421 && [1/2] Building C object CMakeFiles/cmTC_af421.dir/CheckIncludeFile.c.o
[2/2] Linking C executable cmTC_af421



Determining if the include file fenv.h exists passed with the following output:
Change Dir: /home/c3p/GP/gameplay-deps/gameplaydeps/.cxx/Debug/4e4z4v39/x86_64/CMakeFiles/CMakeTmp

Run Build Command(s):/home/c3p/Android/Sdk/cmake/3.18.1/bin/ninja cmTC_fe581 && [1/2] Building C object CMakeFiles/cmTC_fe581.dir/CheckIncludeFile.c.o
[2/2] Linking C executable cmTC_fe581



Determining if the include file float.h exists passed with the following output:
Change Dir: /home/c3p/GP/gameplay-deps/gameplaydeps/.cxx/Debug/4e4z4v39/x86_64/CMakeFiles/CMakeTmp

Run Build Command(s):/home/c3p/Android/Sdk/cmake/3.18.1/bin/ninja cmTC_5c58b && [1/2] Building C object CMakeFiles/cmTC_5c58b.dir/CheckIncludeFile.c.o
[2/2] Linking C executable cmTC_5c58b



Performing C SOURCE FILE Test HAVE_GCC_GET_CPUID succeeded with the following output:
Change Dir: /home/c3p/GP/gameplay-deps/gameplaydeps/.cxx/Debug/4e4z4v39/x86_64/CMakeFiles/CMakeTmp

Run Build Command(s):/home/c3p/Android/Sdk/cmake/3.18.1/bin/ninja cmTC_bc5ed && [1/2] Building C object CMakeFiles/cmTC_bc5ed.dir/src.c.o
src.c:5:35: warning: incompatible integer to pointer conversion passing 'unsigned int' to parameter of type 'unsigned int *'; take the address with & [-Wint-conversion]
            return __get_cpuid(0, eax, ebx, ecx, edx);
                                  ^~~
                                  &
/home/c3p/Android/Sdk/ndk/23.1.7779620/toolchains/llvm/prebuilt/linux-x86_64/lib64/clang/12.0.8/include/cpuid.h:292:69: note: passing argument to parameter '__eax' here
static __inline int __get_cpuid (unsigned int __leaf, unsigned int *__eax,
                                                                    ^
src.c:5:40: warning: incompatible integer to pointer conversion passing 'unsigned int' to parameter of type 'unsigned int *'; take the address with & [-Wint-conversion]
            return __get_cpuid(0, eax, ebx, ecx, edx);
                                       ^~~
                                       &
/home/c3p/Android/Sdk/ndk/23.1.7779620/toolchains/llvm/prebuilt/linux-x86_64/lib64/clang/12.0.8/include/cpuid.h:293:48: note: passing argument to parameter '__ebx' here
                                 unsigned int *__ebx, unsigned int *__ecx,
                                               ^
src.c:5:45: warning: incompatible integer to pointer conversion passing 'unsigned int' to parameter of type 'unsigned int *'; take the address with & [-Wint-conversion]
            return __get_cpuid(0, eax, ebx, ecx, edx);
                                            ^~~
                                            &
/home/c3p/Android/Sdk/ndk/23.1.7779620/toolchains/llvm/prebuilt/linux-x86_64/lib64/clang/12.0.8/include/cpuid.h:293:69: note: passing argument to parameter '__ecx' here
                                 unsigned int *__ebx, unsigned int *__ecx,
                                                                    ^
src.c:5:50: warning: incompatible integer to pointer conversion passing 'unsigned int' to parameter of type 'unsigned int *'; take the address with & [-Wint-conversion]
            return __get_cpuid(0, eax, ebx, ecx, edx);
                                                 ^~~
                                                 &
/home/c3p/Android/Sdk/ndk/23.1.7779620/toolchains/llvm/prebuilt/linux-x86_64/lib64/clang/12.0.8/include/cpuid.h:294:48: note: passing argument to parameter '__edx' here
                                 unsigned int *__edx)
                                               ^
4 warnings generated.
[2/2] Linking C executable cmTC_bc5ed


Source file was:
#include <cpuid.h>
        int main()
        {
            unsigned int eax, ebx, ecx, edx;
            return __get_cpuid(0, eax, ebx, ecx, edx);
        }
Determining if the function pow exists in the m passed with the following output:
Change Dir: /home/c3p/GP/gameplay-deps/gameplaydeps/.cxx/Debug/4e4z4v39/x86_64/CMakeFiles/CMakeTmp

Run Build Command(s):/home/c3p/Android/Sdk/cmake/3.18.1/bin/ninja cmTC_0798e && [1/2] Building C object CMakeFiles/cmTC_0798e.dir/CheckFunctionExists.c.o
/home/c3p/Android/Sdk/cmake/3.18.1/share/cmake-3.18/Modules/CheckFunctionExists.c:7:3: warning: incompatible redeclaration of library function 'pow' [-Wincompatible-library-redeclaration]
  CHECK_FUNCTION_EXISTS(void);
  ^
<command line>:3:31: note: expanded from here
#define CHECK_FUNCTION_EXISTS pow
                              ^
/home/c3p/Android/Sdk/cmake/3.18.1/share/cmake-3.18/Modules/CheckFunctionExists.c:7:3: note: 'pow' is a builtin with type 'double (double, double)'
<command line>:3:31: note: expanded from here
#define CHECK_FUNCTION_EXISTS pow
                              ^
1 warning generated.
[2/2] Linking C executable cmTC_0798e



Determining if the posix_memalign exist passed with the following output:
Change Dir: /home/c3p/GP/gameplay-deps/gameplaydeps/.cxx/Debug/4e4z4v39/x86_64/CMakeFiles/CMakeTmp

Run Build Command(s):/home/c3p/Android/Sdk/cmake/3.18.1/bin/ninja cmTC_45fa7 && [1/2] Building C object CMakeFiles/cmTC_45fa7.dir/CheckSymbolExists.c.o
[2/2] Linking C executable cmTC_45fa7


File /home/c3p/GP/gameplay-deps/gameplaydeps/.cxx/Debug/4e4z4v39/x86_64/CMakeFiles/CMakeTmp/CheckSymbolExists.c:
/* */
#include <stdlib.h>

int main(int argc, char** argv)
{
  (void)argv;
#ifndef posix_memalign
  return ((int*)(&posix_memalign))[argc];
#else
  (void)argc;
  return 0;
#endif
}
Determining if the lrintf exist passed with the following output:
Change Dir: /home/c3p/GP/gameplay-deps/gameplaydeps/.cxx/Debug/4e4z4v39/x86_64/CMakeFiles/CMakeTmp

Run Build Command(s):/home/c3p/Android/Sdk/cmake/3.18.1/bin/ninja cmTC_26fae && [1/2] Building C object CMakeFiles/cmTC_26fae.dir/CheckSymbolExists.c.o
[2/2] Linking C executable cmTC_26fae


File /home/c3p/GP/gameplay-deps/gameplaydeps/.cxx/Debug/4e4z4v39/x86_64/CMakeFiles/CMakeTmp/CheckSymbolExists.c:
/* */
#include <math.h>

int main(int argc, char** argv)
{
  (void)argv;
#ifndef lrintf
  return ((int*)(&lrintf))[argc];
#else
  (void)argc;
  return 0;
#endif
}
Determining if the ftw exist passed with the following output:
Change Dir: /home/c3p/GP/gameplay-deps/gameplaydeps/.cxx/Debug/4e4z4v39/x86_64/CMakeFiles/CMakeTmp

Run Build Command(s):/home/c3p/Android/Sdk/cmake/3.18.1/bin/ninja cmTC_0662f && [1/2] Building C object CMakeFiles/cmTC_0662f.dir/CheckSymbolExists.c.o
[2/2] Linking C executable cmTC_0662f


File /home/c3p/GP/gameplay-deps/gameplaydeps/.cxx/Debug/4e4z4v39/x86_64/CMakeFiles/CMakeTmp/CheckSymbolExists.c:
/* */
#include <ftw.h>

int main(int argc, char** argv)
{
  (void)argv;
#ifndef ftw
  return ((int*)(&ftw))[argc];
#else
  (void)argc;
  return 0;
#endif
}
Determining if the function strtof exists passed with the following output:
Change Dir: /home/c3p/GP/gameplay-deps/gameplaydeps/.cxx/Debug/4e4z4v39/x86_64/CMakeFiles/CMakeTmp

Run Build Command(s):/home/c3p/Android/Sdk/cmake/3.18.1/bin/ninja cmTC_9de87 && [1/2] Building C object CMakeFiles/cmTC_9de87.dir/CheckFunctionExists.c.o
/home/c3p/Android/Sdk/cmake/3.18.1/share/cmake-3.18/Modules/CheckFunctionExists.c:7:3: warning: incompatible redeclaration of library function 'strtof' [-Wincompatible-library-redeclaration]
  CHECK_FUNCTION_EXISTS(void);
  ^
<command line>:3:31: note: expanded from here
#define CHECK_FUNCTION_EXISTS strtof
                              ^
/home/c3p/Android/Sdk/cmake/3.18.1/share/cmake-3.18/Modules/CheckFunctionExists.c:7:3: note: 'strtof' is a builtin with type 'float (const char *, char **)'
<command line>:3:31: note: expanded from here
#define CHECK_FUNCTION_EXISTS strtof
                              ^
1 warning generated.
[2/2] Linking C executable cmTC_9de87



Determining if the function stat exists passed with the following output:
Change Dir: /home/c3p/GP/gameplay-deps/gameplaydeps/.cxx/Debug/4e4z4v39/x86_64/CMakeFiles/CMakeTmp

Run Build Command(s):/home/c3p/Android/Sdk/cmake/3.18.1/bin/ninja cmTC_ebe5d && [1/2] Building C object CMakeFiles/cmTC_ebe5d.dir/CheckFunctionExists.c.o
[2/2] Linking C executable cmTC_ebe5d



Determining if the function strcasecmp exists passed with the following output:
Change Dir: /home/c3p/GP/gameplay-deps/gameplaydeps/.cxx/Debug/4e4z4v39/x86_64/CMakeFiles/CMakeTmp

Run Build Command(s):/home/c3p/Android/Sdk/cmake/3.18.1/bin/ninja cmTC_0dd5f && [1/2] Building C object CMakeFiles/cmTC_0dd5f.dir/CheckFunctionExists.c.o
[2/2] Linking C executable cmTC_0dd5f



Determining if the function strncasecmp exists passed with the following output:
Change Dir: /home/c3p/GP/gameplay-deps/gameplaydeps/.cxx/Debug/4e4z4v39/x86_64/CMakeFiles/CMakeTmp

Run Build Command(s):/home/c3p/Android/Sdk/cmake/3.18.1/bin/ninja cmTC_cf726 && [1/2] Building C object CMakeFiles/cmTC_cf726.dir/CheckFunctionExists.c.o
[2/2] Linking C executable cmTC_cf726



Determining if the isfinite exist passed with the following output:
Change Dir: /home/c3p/GP/gameplay-deps/gameplaydeps/.cxx/Debug/4e4z4v39/x86_64/CMakeFiles/CMakeTmp

Run Build Command(s):/home/c3p/Android/Sdk/cmake/3.18.1/bin/ninja cmTC_4dad6 && [1/2] Building C object CMakeFiles/cmTC_4dad6.dir/CheckSymbolExists.c.o
[2/2] Linking C executable cmTC_4dad6


File /home/c3p/GP/gameplay-deps/gameplaydeps/.cxx/Debug/4e4z4v39/x86_64/CMakeFiles/CMakeTmp/CheckSymbolExists.c:
/* */
#include <math.h>

int main(int argc, char** argv)
{
  (void)argv;
#ifndef isfinite
  return ((int*)(&isfinite))[argc];
#else
  (void)argc;
  return 0;
#endif
}
Determining if the isnan exist passed with the following output:
Change Dir: /home/c3p/GP/gameplay-deps/gameplaydeps/.cxx/Debug/4e4z4v39/x86_64/CMakeFiles/CMakeTmp

Run Build Command(s):/home/c3p/Android/Sdk/cmake/3.18.1/bin/ninja cmTC_818e5 && [1/2] Building C object CMakeFiles/cmTC_818e5.dir/CheckSymbolExists.c.o
[2/2] Linking C executable cmTC_818e5


File /home/c3p/GP/gameplay-deps/gameplaydeps/.cxx/Debug/4e4z4v39/x86_64/CMakeFiles/CMakeTmp/CheckSymbolExists.c:
/* */
#include <math.h>

int main(int argc, char** argv)
{
  (void)argv;
#ifndef isnan
  return ((int*)(&isnan))[argc];
#else
  (void)argc;
  return 0;
#endif
}
Determining if the include file dlfcn.h exists passed with the following output:
Change Dir: /home/c3p/GP/gameplay-deps/gameplaydeps/.cxx/Debug/4e4z4v39/x86_64/CMakeFiles/CMakeTmp

Run Build Command(s):/home/c3p/Android/Sdk/cmake/3.18.1/bin/ninja cmTC_b0a70 && [1/2] Building C object CMakeFiles/cmTC_b0a70.dir/CheckIncludeFile.c.o
[2/2] Linking C executable cmTC_b0a70



Determining if the function dlopen exists in the dl passed with the following output:
Change Dir: /home/c3p/GP/gameplay-deps/gameplaydeps/.cxx/Debug/4e4z4v39/x86_64/CMakeFiles/CMakeTmp

Run Build Command(s):/home/c3p/Android/Sdk/cmake/3.18.1/bin/ninja cmTC_82816 && [1/2] Building C object CMakeFiles/cmTC_82816.dir/CheckFunctionExists.c.o
[2/2] Linking C executable cmTC_82816



Determining if the function gettimeofday exists passed with the following output:
Change Dir: /home/c3p/GP/gameplay-deps/gameplaydeps/.cxx/Debug/4e4z4v39/x86_64/CMakeFiles/CMakeTmp

Run Build Command(s):/home/c3p/Android/Sdk/cmake/3.18.1/bin/ninja cmTC_1c867 && [1/2] Building C object CMakeFiles/cmTC_1c867.dir/CheckFunctionExists.c.o
[2/2] Linking C executable cmTC_1c867



Determining if the function nanosleep exists passed with the following output:
Change Dir: /home/c3p/GP/gameplay-deps/gameplaydeps/.cxx/Debug/4e4z4v39/x86_64/CMakeFiles/CMakeTmp

Run Build Command(s):/home/c3p/Android/Sdk/cmake/3.18.1/bin/ninja cmTC_7e6b7 && [1/2] Building C object CMakeFiles/cmTC_7e6b7.dir/CheckFunctionExists.c.o
[2/2] Linking C executable cmTC_7e6b7



Determining if the include file pthread.h exists passed with the following output:
Change Dir: /home/c3p/GP/gameplay-deps/gameplaydeps/.cxx/Debug/4e4z4v39/x86_64/CMakeFiles/CMakeTmp

Run Build Command(s):/home/c3p/Android/Sdk/cmake/3.18.1/bin/ninja cmTC_3efb0 && [1/2] Building C object CMakeFiles/cmTC_3efb0.dir/CheckIncludeFile.c.o
[2/2] Linking C executable cmTC_3efb0



Performing C SOURCE FILE Test HAVE_PTHREAD succeeded with the following output:
Change Dir: /home/c3p/GP/gameplay-deps/gameplaydeps/.cxx/Debug/4e4z4v39/x86_64/CMakeFiles/CMakeTmp

Run Build Command(s):/home/c3p/Android/Sdk/cmake/3.18.1/bin/ninja cmTC_d7d2f && [1/2] Building C object CMakeFiles/cmTC_d7d2f.dir/src.c.o
[2/2] Linking C executable cmTC_d7d2f


Source file was:
int main(void) { return 0; }
Determining if the pthread_setschedparam exist passed with the following output:
Change Dir: /home/c3p/GP/gameplay-deps/gameplaydeps/.cxx/Debug/4e4z4v39/x86_64/CMakeFiles/CMakeTmp

Run Build Command(s):/home/c3p/Android/Sdk/cmake/3.18.1/bin/ninja cmTC_57d2f && [1/2] Building C object CMakeFiles/cmTC_57d2f.dir/CheckSymbolExists.c.o
[2/2] Linking C executable cmTC_57d2f


File /home/c3p/GP/gameplay-deps/gameplaydeps/.cxx/Debug/4e4z4v39/x86_64/CMakeFiles/CMakeTmp/CheckSymbolExists.c:
/* */
#include <pthread.h>

int main(int argc, char** argv)
{
  (void)argv;
#ifndef pthread_setschedparam
  return ((int*)(&pthread_setschedparam))[argc];
#else
  (void)argc;
  return 0;
#endif
}
Determining if the pthread_setname_np exist passed with the following output:
Change Dir: /home/c3p/GP/gameplay-deps/gameplaydeps/.cxx/Debug/4e4z4v39/x86_64/CMakeFiles/CMakeTmp

Run Build Command(s):/home/c3p/Android/Sdk/cmake/3.18.1/bin/ninja cmTC_01308 && [1/2] Building C object CMakeFiles/cmTC_01308.dir/CheckSymbolExists.c.o
[2/2] Linking C executable cmTC_01308


File /home/c3p/GP/gameplay-deps/gameplaydeps/.cxx/Debug/4e4z4v39/x86_64/CMakeFiles/CMakeTmp/CheckSymbolExists.c:
/* */
#include <pthread.h>

int main(int argc, char** argv)
{
  (void)argv;
#ifndef pthread_setname_np
  return ((int*)(&pthread_setname_np))[argc];
#else
  (void)argc;
  return 0;
#endif
}
Determining if the pthread_mutex_timedlock exist passed with the following output:
Change Dir: /home/c3p/GP/gameplay-deps/gameplaydeps/.cxx/Debug/4e4z4v39/x86_64/CMakeFiles/CMakeTmp

Run Build Command(s):/home/c3p/Android/Sdk/cmake/3.18.1/bin/ninja cmTC_d6491 && [1/2] Building C object CMakeFiles/cmTC_d6491.dir/CheckSymbolExists.c.o
[2/2] Linking C executable cmTC_d6491


File /home/c3p/GP/gameplay-deps/gameplaydeps/.cxx/Debug/4e4z4v39/x86_64/CMakeFiles/CMakeTmp/CheckSymbolExists.c:
/* */
#include <pthread.h>

int main(int argc, char** argv)
{
  (void)argv;
#ifndef pthread_mutex_timedlock
  return ((int*)(&pthread_mutex_timedlock))[argc];
#else
  (void)argc;
  return 0;
#endif
}
Determining if the include file xmmintrin.h exists passed with the following output:
Change Dir: /home/c3p/GP/gameplay-deps/gameplaydeps/.cxx/Debug/4e4z4v39/x86_64/CMakeFiles/CMakeTmp

Run Build Command(s):/home/c3p/Android/Sdk/cmake/3.18.1/bin/ninja cmTC_6ea67 && [1/2] Building C object CMakeFiles/cmTC_6ea67.dir/CheckIncludeFile.c.o
[2/2] Linking C executable cmTC_6ea67



Determining if the include file emmintrin.h exists passed with the following output:
Change Dir: /home/c3p/GP/gameplay-deps/gameplaydeps/.cxx/Debug/4e4z4v39/x86_64/CMakeFiles/CMakeTmp

Run Build Command(s):/home/c3p/Android/Sdk/cmake/3.18.1/bin/ninja cmTC_7eafb && [1/2] Building C object CMakeFiles/cmTC_7eafb.dir/CheckIncludeFile.c.o
[2/2] Linking C executable cmTC_7eafb



Determining if the include file smmintrin.h exists passed with the following output:
Change Dir: /home/c3p/GP/gameplay-deps/gameplaydeps/.cxx/Debug/4e4z4v39/x86_64/CMakeFiles/CMakeTmp

Run Build Command(s):/home/c3p/Android/Sdk/cmake/3.18.1/bin/ninja cmTC_9fdc7 && [1/2] Building C object CMakeFiles/cmTC_9fdc7.dir/CheckIncludeFile.c.o
[2/2] Linking C executable cmTC_9fdc7



Determining if files SLES/OpenSLES.h;SLES/OpenSLES_Android.h exist passed with the following output:
Change Dir: /home/c3p/GP/gameplay-deps/gameplaydeps/.cxx/Debug/4e4z4v39/x86_64/CMakeFiles/CMakeTmp

Run Build Command(s):/home/c3p/Android/Sdk/cmake/3.18.1/bin/ninja cmTC_a60db && [1/2] Building C object CMakeFiles/cmTC_a60db.dir/HAVE_SLES_OPENSLES_ANDROID_H.c.o
[2/2] Linking C executable cmTC_a60db



Determining if the slCreateEngine exist in OpenSLES passed with the following output:
Change Dir: /home/c3p/GP/gameplay-deps/gameplaydeps/.cxx/Debug/4e4z4v39/x86_64/CMakeFiles/CMakeTmp

Run Build Command(s):/home/c3p/Android/Sdk/cmake/3.18.1/bin/ninja cmTC_f8ad8 && [1/2] Building C object CMakeFiles/cmTC_f8ad8.dir/CheckSymbolExists.c.o
[2/2] Linking C executable cmTC_f8ad8


File /home/c3p/GP/gameplay-deps/gameplaydeps/.cxx/Debug/4e4z4v39/x86_64/CMakeFiles/CMakeTmp/CheckSymbolExists.c:
/* */
#include <SLES/OpenSLES.h>

void cmakeRequireSymbol(int dummy,...){(void)dummy;}
int main()
{
  cmakeRequireSymbol(0,&slCreateEngine);
  return 0;
}

Determining size of off64_t passed with the following output:
Change Dir: /home/c3p/GP/gameplay-deps/gameplaydeps/.cxx/Debug/4e4z4v39/x86_64/CMakeFiles/CMakeTmp

Run Build Command(s):/home/c3p/Android/Sdk/cmake/3.18.1/bin/ninja cmTC_d356f && [1/2] Building C object CMakeFiles/cmTC_d356f.dir/OFF64_T.c.o
[2/2] Linking C executable cmTC_d356f



Determining if the function fseeko exists passed with the following output:
Change Dir: /home/c3p/GP/gameplay-deps/gameplaydeps/.cxx/Debug/4e4z4v39/x86_64/CMakeFiles/CMakeTmp

Run Build Command(s):/home/c3p/Android/Sdk/cmake/3.18.1/bin/ninja cmTC_77ca6 && [1/2] Building C object CMakeFiles/cmTC_77ca6.dir/CheckFunctionExists.c.o
[2/2] Linking C executable cmTC_77ca6



Determining if the include file unistd.h exists passed with the following output:
Change Dir: /home/c3p/GP/gameplay-deps/gameplaydeps/.cxx/Debug/4e4z4v39/x86_64/CMakeFiles/CMakeTmp

Run Build Command(s):/home/c3p/Android/Sdk/cmake/3.18.1/bin/ninja cmTC_718cc && [1/2] Building C object CMakeFiles/cmTC_718cc.dir/CheckIncludeFile.c.o
[2/2] Linking C executable cmTC_718cc



Checking whether the ASM compiler is Clang using "--version" matched "(clang version)":
Android (7714059, based on r416183c1) clang version 12.0.8 (https://android.googlesource.com/toolchain/llvm-project c935d99d7cf2016289302412d708641d52d2f7ee)
Target: x86_64-unknown-linux-gnu
Thread model: posix
InstalledDir: /home/c3p/Android/Sdk/ndk/23.1.7779620/toolchains/llvm/prebuilt/linux-x86_64/bin
